<?xml version="1.0" encoding="UTF-8" ?>
<testsuite tests="4" failures="0" name="com.glsx.oms.fcadmin.biz.auth.nameauth.test.NameauthClientTest" time="8.706" errors="4" skipped="0">
  <properties>
    <property name="idea.version" value="2018.1.6"/>
    <property name="java.runtime.name" value="Java(TM) SE Runtime Environment"/>
    <property name="sun.boot.library.path" value="D:\Program Files\Java\jdk1.8.0_91\jre\bin"/>
    <property name="java.vm.version" value="25.91-b15"/>
    <property name="java.vm.vendor" value="Oracle Corporation"/>
    <property name="java.vendor.url" value="http://java.oracle.com/"/>
    <property name="path.separator" value=";"/>
    <property name="guice.disable.misplaced.annotation.check" value="true"/>
    <property name="java.vm.name" value="Java HotSpot(TM) 64-Bit Server VM"/>
    <property name="file.encoding.pkg" value="sun.io"/>
    <property name="user.script" value=""/>
    <property name="user.country" value="CN"/>
    <property name="sun.java.launcher" value="SUN_STANDARD"/>
    <property name="sun.os.patch.level" value="Service Pack 1"/>
    <property name="java.vm.specification.name" value="Java Virtual Machine Specification"/>
    <property name="user.dir" value="F:\eclipseWork\glsx-oms\oms-fcadmin"/>
    <property name="java.runtime.version" value="1.8.0_91-b15"/>
    <property name="java.awt.graphicsenv" value="sun.awt.Win32GraphicsEnvironment"/>
    <property name="java.endorsed.dirs" value="D:\Program Files\Java\jdk1.8.0_91\jre\lib\endorsed"/>
    <property name="os.arch" value="amd64"/>
    <property name="java.io.tmpdir" value="C:\Users\ADMINI~1\AppData\Local\Temp\"/>
    <property name="line.separator" value="
"/>
    <property name="java.vm.specification.vendor" value="Oracle Corporation"/>
    <property name="user.variant" value=""/>
    <property name="os.name" value="Windows 7"/>
    <property name="classworlds.conf" value="D:\java\java\apache-maven-3.1.1\bin\m2.conf"/>
    <property name="sun.jnu.encoding" value="GBK"/>
    <property name="java.library.path" value="D:\Program Files\Java\jdk1.8.0_91\bin;C:\Windows\Sun\Java\bin;C:\Windows\system32;C:\Windows;C:\ProgramData\Oracle\Java\javapath;C:\Windows\system32;C:\Windows;C:\Windows\System32\Wbem;C:\Windows\System32\WindowsPowerShell\v1.0\;D:\Program Files (x86)\Yarn\bin\;C:\Program Files\dotnet\;D:\Program Files\nvm;d:\Program Files\nodejs;D:\Program Files\TortoiseSVN\bin;D:\Program Files\nodejs\;D:\Program Files\cmder;D:\Application\node\node_global;d:\Program Files\Git\cmd;D:\Program Files\Git\bin;D:\Program Files\Git\usr\bin;D:\Program Files\python\Scripts\;D:\Program Files\python\;C:\Users\Administrator\AppData\Local\Yarn\bin;D:\Program Files\nvm;d:\Program Files\nodejs;C:\Users\Administrator\AppData\Roaming\npm;."/>
    <property name="java.specification.name" value="Java Platform API Specification"/>
    <property name="java.class.version" value="52.0"/>
    <property name="sun.management.compiler" value="HotSpot 64-Bit Tiered Compilers"/>
    <property name="maven.repo.local" value="D:\java\java\manve_lib\repository"/>
    <property name="os.version" value="6.1"/>
    <property name="user.home" value="C:\Users\Administrator"/>
    <property name="user.timezone" value="Asia/Shanghai"/>
    <property name="java.awt.printerjob" value="sun.awt.windows.WPrinterJob"/>
    <property name="java.specification.version" value="1.8"/>
    <property name="file.encoding" value="UTF-8"/>
    <property name="user.name" value="Administrator"/>
    <property name="java.class.path" value="D:\java\java\apache-maven-3.1.1\boot\plexus-classworlds-2.5.1.jar;D:\Program Files\JetBrains\IntelliJ IDEA 2018.1.6\lib\idea_rt.jar"/>
    <property name="org.slf4j.simpleLogger.defaultLogLevel" value="info"/>
    <property name="java.vm.specification.version" value="1.8"/>
    <property name="sun.arch.data.model" value="64"/>
    <property name="java.home" value="D:\Program Files\Java\jdk1.8.0_91\jre"/>
    <property name="sun.java.command" value="org.codehaus.classworlds.Launcher -Didea.version=2018.1.6 -s D:\java\java\apache-maven-3.1.1\conf\settings.xml -Dmaven.repo.local=D:\java\java\manve_lib\repository install -f pom.xml"/>
    <property name="java.specification.vendor" value="Oracle Corporation"/>
    <property name="user.language" value="zh"/>
    <property name="awt.toolkit" value="sun.awt.windows.WToolkit"/>
    <property name="java.vm.info" value="mixed mode"/>
    <property name="java.version" value="1.8.0_91"/>
    <property name="java.ext.dirs" value="D:\Program Files\Java\jdk1.8.0_91\jre\lib\ext;C:\Windows\Sun\Java\lib\ext"/>
    <property name="sun.boot.class.path" value="D:\Program Files\Java\jdk1.8.0_91\jre\lib\resources.jar;D:\Program Files\Java\jdk1.8.0_91\jre\lib\rt.jar;D:\Program Files\Java\jdk1.8.0_91\jre\lib\sunrsasign.jar;D:\Program Files\Java\jdk1.8.0_91\jre\lib\jsse.jar;D:\Program Files\Java\jdk1.8.0_91\jre\lib\jce.jar;D:\Program Files\Java\jdk1.8.0_91\jre\lib\charsets.jar;D:\Program Files\Java\jdk1.8.0_91\jre\lib\jfr.jar;D:\Program Files\Java\jdk1.8.0_91\jre\classes"/>
    <property name="java.vendor" value="Oracle Corporation"/>
    <property name="maven.home" value="D:\java\java\apache-maven-3.1.1"/>
    <property name="file.separator" value="\"/>
    <property name="java.vendor.url.bug" value="http://bugreport.sun.com/bugreport/"/>
    <property name="sun.cpu.endian" value="little"/>
    <property name="sun.io.unicode.encoding" value="UnicodeLittle"/>
    <property name="sun.desktop" value="windows"/>
    <property name="sun.cpu.isalist" value="amd64"/>
  </properties>
  <testcase classname="com.glsx.oms.fcadmin.biz.auth.nameauth.test.NameauthClientTest" name="testGet" time="2.538">
    <error message="I/O error on GET request for &quot;http://localhost:8080/auth/nameauth/9999999&quot;: Connect to localhost:8080 [localhost/127.0.0.1, localhost/0:0:0:0:0:0:0:1] failed: Connection refused: connect; nested exception is org.apache.http.conn.HttpHostConnectException: Connect to localhost:8080 [localhost/127.0.0.1, localhost/0:0:0:0:0:0:0:1] failed: Connection refused: connect" type="org.springframework.web.client.ResourceAccessException">org.springframework.web.client.ResourceAccessException: I/O error on GET request for &quot;http://localhost:8080/auth/nameauth/9999999&quot;: Connect to localhost:8080 [localhost/127.0.0.1, localhost/0:0:0:0:0:0:0:1] failed: Connection refused: connect; nested exception is org.apache.http.conn.HttpHostConnectException: Connect to localhost:8080 [localhost/127.0.0.1, localhost/0:0:0:0:0:0:0:1] failed: Connection refused: connect
	at org.springframework.web.client.RestTemplate.doExecute(RestTemplate.java:666)
	at org.springframework.web.client.RestTemplate.execute(RestTemplate.java:613)
	at org.springframework.web.client.RestTemplate.getForEntity(RestTemplate.java:312)
	at com.glsx.oms.fcadmin.biz.auth.nameauth.rest.NameauthClient.get(NameauthClient.java:30)
	at com.glsx.oms.fcadmin.biz.auth.nameauth.test.NameauthClientTest.testGet(NameauthClientTest.java:30)
	at sun.reflect.NativeMethodAccessorImpl.invoke0(Native Method)
	at sun.reflect.NativeMethodAccessorImpl.invoke(NativeMethodAccessorImpl.java:62)
	at sun.reflect.DelegatingMethodAccessorImpl.invoke(DelegatingMethodAccessorImpl.java:43)
	at java.lang.reflect.Method.invoke(Method.java:498)
	at org.junit.runners.model.FrameworkMethod$1.runReflectiveCall(FrameworkMethod.java:50)
	at org.junit.internal.runners.model.ReflectiveCallable.run(ReflectiveCallable.java:12)
	at org.junit.runners.model.FrameworkMethod.invokeExplosively(FrameworkMethod.java:47)
	at org.junit.internal.runners.statements.InvokeMethod.evaluate(InvokeMethod.java:17)
	at org.springframework.test.context.junit4.statements.RunBeforeTestMethodCallbacks.evaluate(RunBeforeTestMethodCallbacks.java:75)
	at org.springframework.test.context.junit4.statements.RunAfterTestMethodCallbacks.evaluate(RunAfterTestMethodCallbacks.java:86)
	at org.springframework.test.context.junit4.statements.SpringRepeat.evaluate(SpringRepeat.java:84)
	at org.junit.runners.ParentRunner.runLeaf(ParentRunner.java:325)
	at org.springframework.test.context.junit4.SpringJUnit4ClassRunner.runChild(SpringJUnit4ClassRunner.java:252)
	at org.springframework.test.context.junit4.SpringJUnit4ClassRunner.runChild(SpringJUnit4ClassRunner.java:94)
	at org.junit.runners.ParentRunner$3.run(ParentRunner.java:290)
	at org.junit.runners.ParentRunner$1.schedule(ParentRunner.java:71)
	at org.junit.runners.ParentRunner.runChildren(ParentRunner.java:288)
	at org.junit.runners.ParentRunner.access$000(ParentRunner.java:58)
	at org.junit.runners.ParentRunner$2.evaluate(ParentRunner.java:268)
	at org.springframework.test.context.junit4.statements.RunBeforeTestClassCallbacks.evaluate(RunBeforeTestClassCallbacks.java:61)
	at org.springframework.test.context.junit4.statements.RunAfterTestClassCallbacks.evaluate(RunAfterTestClassCallbacks.java:70)
	at org.junit.runners.ParentRunner.run(ParentRunner.java:363)
	at org.springframework.test.context.junit4.SpringJUnit4ClassRunner.run(SpringJUnit4ClassRunner.java:191)
	at org.apache.maven.surefire.junit4.JUnit4Provider.execute(JUnit4Provider.java:252)
	at org.apache.maven.surefire.junit4.JUnit4Provider.executeTestSet(JUnit4Provider.java:141)
	at org.apache.maven.surefire.junit4.JUnit4Provider.invoke(JUnit4Provider.java:112)
	at sun.reflect.NativeMethodAccessorImpl.invoke0(Native Method)
	at sun.reflect.NativeMethodAccessorImpl.invoke(NativeMethodAccessorImpl.java:62)
	at sun.reflect.DelegatingMethodAccessorImpl.invoke(DelegatingMethodAccessorImpl.java:43)
	at java.lang.reflect.Method.invoke(Method.java:498)
	at org.apache.maven.surefire.util.ReflectionUtils.invokeMethodWithArray(ReflectionUtils.java:189)
	at org.apache.maven.surefire.booter.ProviderFactory$ProviderProxy.invoke(ProviderFactory.java:165)
	at org.apache.maven.surefire.booter.ProviderFactory.invokeProvider(ProviderFactory.java:85)
	at org.apache.maven.surefire.booter.ForkedBooter.runSuitesInProcess(ForkedBooter.java:115)
	at org.apache.maven.surefire.booter.ForkedBooter.main(ForkedBooter.java:75)
Caused by: org.apache.http.conn.HttpHostConnectException: Connect to localhost:8080 [localhost/127.0.0.1, localhost/0:0:0:0:0:0:0:1] failed: Connection refused: connect
	at org.apache.http.impl.conn.HttpClientConnectionOperator.connect(HttpClientConnectionOperator.java:142)
	at org.apache.http.impl.conn.PoolingHttpClientConnectionManager.connect(PoolingHttpClientConnectionManager.java:319)
	at org.apache.http.impl.execchain.MainClientExec.establishRoute(MainClientExec.java:363)
	at org.apache.http.impl.execchain.MainClientExec.execute(MainClientExec.java:219)
	at org.apache.http.impl.execchain.ProtocolExec.execute(ProtocolExec.java:195)
	at org.apache.http.impl.execchain.RetryExec.execute(RetryExec.java:86)
	at org.apache.http.impl.execchain.RedirectExec.execute(RedirectExec.java:108)
	at org.apache.http.impl.client.InternalHttpClient.doExecute(InternalHttpClient.java:184)
	at org.apache.http.impl.client.CloseableHttpClient.execute(CloseableHttpClient.java:82)
	at org.apache.http.impl.client.CloseableHttpClient.execute(CloseableHttpClient.java:57)
	at org.springframework.http.client.HttpComponentsClientHttpRequest.executeInternal(HttpComponentsClientHttpRequest.java:89)
	at org.springframework.http.client.AbstractBufferingClientHttpRequest.executeInternal(AbstractBufferingClientHttpRequest.java:48)
	at org.springframework.http.client.AbstractClientHttpRequest.execute(AbstractClientHttpRequest.java:53)
	at org.springframework.web.client.RestTemplate.doExecute(RestTemplate.java:652)
	... 39 more
Caused by: java.net.ConnectException: Connection refused: connect
	at java.net.DualStackPlainSocketImpl.connect0(Native Method)
	at java.net.DualStackPlainSocketImpl.socketConnect(DualStackPlainSocketImpl.java:79)
	at java.net.AbstractPlainSocketImpl.doConnect(AbstractPlainSocketImpl.java:350)
	at java.net.AbstractPlainSocketImpl.connectToAddress(AbstractPlainSocketImpl.java:206)
	at java.net.AbstractPlainSocketImpl.connect(AbstractPlainSocketImpl.java:188)
	at java.net.PlainSocketImpl.connect(PlainSocketImpl.java:172)
	at java.net.SocksSocketImpl.connect(SocksSocketImpl.java:392)
	at java.net.Socket.connect(Socket.java:589)
	at org.apache.http.conn.socket.PlainConnectionSocketFactory.connectSocket(PlainConnectionSocketFactory.java:72)
	at org.apache.http.impl.conn.HttpClientConnectionOperator.connect(HttpClientConnectionOperator.java:125)
	... 52 more
</error>
    <system-out>17:04:36,657 |-INFO in ch.qos.logback.classic.LoggerContext[oms-fcadmin] - Could NOT find resource [logback.groovy]
17:04:36,658 |-INFO in ch.qos.logback.classic.LoggerContext[oms-fcadmin] - Could NOT find resource [logback-test.xml]
17:04:36,658 |-INFO in ch.qos.logback.classic.LoggerContext[oms-fcadmin] - Found resource [logback.xml] at [file:/F:/eclipseWork/glsx-oms/oms-fcadmin/target/classes/logback.xml]
17:04:36,757 |-INFO in ch.qos.logback.classic.joran.action.ConfigurationAction - debug attribute not set
17:04:36,772 |-INFO in ch.qos.logback.classic.joran.action.ConfigurationAction - Will scan for changes in [file:/F:/eclipseWork/glsx-oms/oms-fcadmin/target/classes/logback.xml] 
17:04:36,772 |-INFO in ch.qos.logback.classic.joran.action.ConfigurationAction - Setting ReconfigureOnChangeTask scanning period to 1 minutes
17:04:36,825 |-INFO in ch.qos.logback.classic.joran.action.ContextNameAction - Setting logger context name as [oms-fcadmin]
17:04:36,854 |-INFO in ch.qos.logback.core.joran.action.AppenderAction - About to instantiate appender of type [ch.qos.logback.core.ConsoleAppender]
17:04:36,858 |-INFO in ch.qos.logback.core.joran.action.AppenderAction - Naming appender as [STDOUT]
17:04:36,929 |-WARN in ch.qos.logback.core.ConsoleAppender[STDOUT] - This appender no longer admits a layout as a sub-component, set an encoder instead.
17:04:36,929 |-WARN in ch.qos.logback.core.ConsoleAppender[STDOUT] - To ensure compatibility, wrapping your layout in LayoutWrappingEncoder.
17:04:36,929 |-WARN in ch.qos.logback.core.ConsoleAppender[STDOUT] - See also http://logback.qos.ch/codes.html#layoutInsteadOfEncoder for details
17:04:36,930 |-INFO in ch.qos.logback.core.joran.action.AppenderAction - About to instantiate appender of type [ch.qos.logback.core.rolling.RollingFileAppender]
17:04:36,934 |-INFO in ch.qos.logback.core.joran.action.AppenderAction - Naming appender as [FILE]
17:04:36,947 |-INFO in c.q.l.core.rolling.SizeAndTimeBasedRollingPolicy@963522361 - Archive files will be limited to [200 MB] each.
17:04:36,951 |-INFO in c.q.l.core.rolling.SizeAndTimeBasedRollingPolicy@963522361 - No compression will be used
17:04:36,954 |-INFO in c.q.l.core.rolling.SizeAndTimeBasedRollingPolicy@963522361 - Will use the pattern /log/oms/oms-fcadmin/oms-fcadmin.log.%d{yyyy-MM-dd}.%i for the active file
17:04:36,958 |-INFO in ch.qos.logback.core.rolling.SizeAndTimeBasedFNATP@a74868d - The date pattern is &apos;yyyy-MM-dd&apos; from file name pattern &apos;/log/oms/oms-fcadmin/oms-fcadmin.log.%d{yyyy-MM-dd}.%i&apos;.
17:04:36,958 |-INFO in ch.qos.logback.core.rolling.SizeAndTimeBasedFNATP@a74868d - Roll-over at midnight.
17:04:36,962 |-INFO in ch.qos.logback.core.rolling.SizeAndTimeBasedFNATP@a74868d - Setting initial period to Wed Aug 08 16:57:04 CST 2018
17:04:36,966 |-WARN in ch.qos.logback.core.rolling.RollingFileAppender[FILE] - This appender no longer admits a layout as a sub-component, set an encoder instead.
17:04:36,966 |-WARN in ch.qos.logback.core.rolling.RollingFileAppender[FILE] - To ensure compatibility, wrapping your layout in LayoutWrappingEncoder.
17:04:36,966 |-WARN in ch.qos.logback.core.rolling.RollingFileAppender[FILE] - See also http://logback.qos.ch/codes.html#layoutInsteadOfEncoder for details
17:04:36,967 |-INFO in ch.qos.logback.core.rolling.RollingFileAppender[FILE] - Active log file name: /log/oms/oms-fcadmin/oms-fcadmin.log
17:04:36,967 |-INFO in ch.qos.logback.core.rolling.RollingFileAppender[FILE] - File property is set to [/log/oms/oms-fcadmin/oms-fcadmin.log]
17:04:36,969 |-INFO in ch.qos.logback.classic.joran.action.RootLoggerAction - Setting level of ROOT logger to INFO
17:04:36,969 |-INFO in ch.qos.logback.core.joran.action.AppenderRefAction - Attaching appender named [STDOUT] to Logger[ROOT]
17:04:36,970 |-INFO in ch.qos.logback.core.joran.action.AppenderRefAction - Attaching appender named [FILE] to Logger[ROOT]
17:04:36,970 |-INFO in ch.qos.logback.classic.joran.action.ConfigurationAction - End of configuration.
17:04:36,972 |-INFO in ch.qos.logback.classic.joran.JoranConfigurator@12c8a2c0 - Registering current configuration as safe fallback point

2018-08-08 17:04:37.128 [oms-fcadmin] [main] INFO  o.s.b.t.c.SpringBootTestContextBootstrapper - Neither @ContextConfiguration nor @ContextHierarchy found for test class [com.glsx.oms.fcadmin.biz.auth.nameauth.test.NameauthClientTest], using SpringBootContextLoader
2018-08-08 17:04:37.137 [oms-fcadmin] [main] INFO  o.s.t.c.s.AbstractContextLoader - Could not detect default resource locations for test class [com.glsx.oms.fcadmin.biz.auth.nameauth.test.NameauthClientTest]: no resource found for suffixes {-context.xml, Context.groovy}.
2018-08-08 17:04:37.326 [oms-fcadmin] [main] INFO  o.s.b.t.c.SpringBootTestContextBootstrapper - Loaded default TestExecutionListener class names from location [META-INF/spring.factories]: [org.springframework.test.context.web.ServletTestExecutionListener, org.springframework.test.context.support.DirtiesContextBeforeModesTestExecutionListener, org.springframework.test.context.support.DependencyInjectionTestExecutionListener, org.springframework.test.context.support.DirtiesContextTestExecutionListener, org.springframework.test.context.transaction.TransactionalTestExecutionListener, org.springframework.test.context.jdbc.SqlScriptsTestExecutionListener, org.springframework.boot.test.mock.mockito.MockitoTestExecutionListener, org.springframework.boot.test.mock.mockito.ResetMocksTestExecutionListener, org.springframework.boot.test.autoconfigure.restdocs.RestDocsTestExecutionListener, org.springframework.boot.test.autoconfigure.web.client.MockRestServiceServerResetTestExecutionListener, org.springframework.boot.test.autoconfigure.web.servlet.MockMvcPrintOnlyOnFailureTestExecutionListener, org.springframework.boot.test.autoconfigure.web.servlet.WebDriverTestExecutionListener]
2018-08-08 17:04:37.359 [oms-fcadmin] [main] INFO  o.s.b.t.c.SpringBootTestContextBootstrapper - Using TestExecutionListeners: [org.springframework.test.context.web.ServletTestExecutionListener@59fd97a8, org.springframework.test.context.support.DirtiesContextBeforeModesTestExecutionListener@f5ac9e4, org.springframework.boot.test.autoconfigure.SpringBootDependencyInjectionTestExecutionListener@123ef382, org.springframework.test.context.support.DirtiesContextTestExecutionListener@dbf57b3, org.springframework.test.context.transaction.TransactionalTestExecutionListener@384ad17b, org.springframework.test.context.jdbc.SqlScriptsTestExecutionListener@61862a7f, org.springframework.boot.test.mock.mockito.ResetMocksTestExecutionListener@441772e, org.springframework.boot.test.autoconfigure.web.client.MockRestServiceServerResetTestExecutionListener@7334aada, org.springframework.boot.test.autoconfigure.restdocs.RestDocsTestExecutionListener@1d9b7cce, org.springframework.boot.test.mock.mockito.MockitoTestExecutionListener@4d9e68d0, org.springframework.boot.test.autoconfigure.web.servlet.WebDriverTestExecutionListener@42e99e4a, org.springframework.boot.test.autoconfigure.web.servlet.MockMvcPrintOnlyOnFailureTestExecutionListener@14dd9eb7]
2018-08-08 17:04:37.928 [oms-fcadmin] [main] INFO  o.o.b.a.diamond.config.DiamondConfig - dataId oms-fcadmin-dev config info: 
#static files
static.resource=http://192.168.3.238:8181/static/

#druid default config
##����
ore.druid.url=jdbc:mysql://14.17.103.20:3306/flowplat?useUnicode=true&amp;characterEncoding=utf-8&amp;zeroDateTimeBehavior=convertToNull
##����
#ore.druid.url=jdbc:mysql://14.17.100.211:3306/flowplat?useUnicode=true&amp;characterEncoding=utf-8&amp;zeroDateTimeBehavior=convertToNull 

ore.druid.driver-class=com.mysql.jdbc.Driver
ore.druid.username=root
ore.druid.password=Msd^*$@online
ore.druid.initial-size=1
ore.druid.min-idle=1
ore.druid.max-active=20
ore.druid.test-on-borrow=true

#dubbo config
ore.dubbo.application.name=consumer
ore.dubbo.application.owner=ore
ore.dubbo.registry.address=zookeeper://192.168.3.206:2181
ore.dubbo.registry.timeout=30000
ore.dubbo.scan=com.glsx.oms.fcadmin.biz

mybatis.type-aliases-package=com.glsx.oms.fcopen
mybatis.mapper-locations=classpath:/com/glsx/oms/fcopen/*/**.xml
mapper.mappers=org.oreframework.datasource.mybatis.mapper.OreMapper
mapper.not-empty=false
mapper.identity=MYSQL

#pagehelper
pagehelper.helperDialect=mysql
pagehelper.reasonable=true
pagehelper.supportMethodsArguments=true
pagehelper.params=count=countSql

#kafka producer config
spring.kafka.bootstrap-servers=192.168.3.207:9092
spring.kafka.template.default-topic=async_job

#�ϴ��ļ���С
spring.http.multipart.max-file-size=50MB
spring.http.multipart.max-request-size=50MB

#��������ƽ̨����ͣ�ò�����appid��accesskey����
fcadmin.appid=19180009
fcadmin.accesskey=abcdef

#����ͣ�õ������ݿ���
fcadmin.opAllowNum=2000
#�����⵼�����ݿ���
fcadmin.stockAllowNum=10000
#�ϴ�����·������
fcadmin.uploadPath=D:/temp/upload/
fcadmin.downloadPath=D:/temp/download/
fcadmin.domain=D:/temp/download/

#http�ӿڷ���
#fcadmin.flowmgnUrl=http://192.168.0.54:41001/openApi

#���ز���http�ӿڷ��ʵ�ַ
fcadmin.flowmgnUrl=http://192.168.3.153:40011/openApi


fcadmin.authNoticeUrl=http://192.168.3.238:8087/router
fcadmin.authAppKey=48e5e13229b82c1b4e6e8c96151f0637
fcadmin.authSign=c24619ed7fef02a0ae16328146bca5f97cc6493957a2137b

#ʵ����֤΢����Ϣ����Url
fcadmin.wechatUrl=http://192.168.3.238:8888/fcwechat/router?
#fcadmin.wechatUrl=http://localhost:8888/fcwechat/router?
fcadmin.wechatAppkey=48e5e13229b82c1b4e6e8c96151f0637
fcadmin.wechatSign=c24619ed7fef02a0ae16328146bca5f97cc6493957a2137b

##ͼƬ��̬����
fcadmin.imageUrl=http://192.168.3.153:8525/v1/tfscom

## Freemarker ����
## �ļ�����·��
spring.freemarker.template-loader-path=classpath:/web/
spring.freemarker.cache=false
spring.freemarker.charset=UTF-8
spring.freemarker.check-template-location=true
spring.freemarker.content-type=text/html
spring.freemarker.expose-request-attributes=true
spring.freemarker.expose-session-attributes=true
spring.freemarker.request-context-attribute=request
spring.freemarker.suffix=.ftl

redis.pool.maxActive=300 
redis.pool.maxIdle=20
redis.pool.maxWait=100 
redis.pool.testOnBorrow=true
redis.hostname=192.168.3.207 

redis.port=6379
redis.password=

#cas config
ore.cas.server-url=http://192.168.3.138:8089/cas
ore.cas.server-login-url=${ore.cas.server-url}/login
ore.cas.server-logout-url=${ore.cas.server-url}/logout?service=${ore.app.server-url}
ore.app.server-url=http://127.0.0.1:8080/
ore.app.login-url=/login
ore.app.logout-url=/logout
ore.app.ignore-pattern=${ore.app.server-url}user|${ore.app.server-url}login|${ore.app.server-url}logout
2018-08-08 17:04:38.054 [oms-fcadmin] [main] INFO  o.o.b.a.diamond.config.DiamondConfig - dataId null-null config info: 
null
2018-08-08 17:04:38.059 [oms-fcadmin] [main] INFO  o.o.b.a.diamond.config.DiamondConfig - localhost config info: 

   ____  __  __  _____   ____              _     ______                                           _    
  / __ \|  \/  |/ ____| |  _ \            | |   |  ____|                                         | |   
 | |  | | \  / | (___   | |_) | ___   ___ | |_  | |__ _ __ __ _ _ __ ___   _____      _____  _ __| | __
 | |  | | |\/| |\___ \  |  _ &lt; / _ \ / _ \| __| |  __| &apos;__/ _` | &apos;_ ` _ \ / _ \ \ /\ / / _ \| &apos;__| |/ /
 | |__| | |  | |____) | | |_) | (_) | (_) | |_  | |  | | | (_| | | | | | |  __/\ V  V / (_) | |  |   &lt; 
  \____/|_|  |_|_____/  |____/ \___/ \___/ \__| |_|  |_|  \__,_|_| |_| |_|\___| \_/\_/ \___/|_|  |_|\_\
                                                                                                       
2018-08-08 17:04:38.513 [oms-fcadmin] [main] INFO  c.g.o.f.b.a.n.t.NameauthClientTest - Starting NameauthClientTest on USER-20180717CR with PID 5232 (started by Administrator in F:\eclipseWork\glsx-oms\oms-fcadmin)
2018-08-08 17:04:38.514 [oms-fcadmin] [main] INFO  c.g.o.f.b.a.n.t.NameauthClientTest - No active profile set, falling back to default profiles: default
2018-08-08 17:04:38.610 [oms-fcadmin] [main] INFO  o.s.w.c.s.GenericWebApplicationContext - Refreshing org.springframework.web.context.support.GenericWebApplicationContext@35a3d49f: startup date [Wed Aug 08 17:04:38 CST 2018]; root of context hierarchy
2018-08-08 17:04:39.385 [oms-fcadmin] [background-preinit] INFO  o.h.validator.internal.util.Version - HV000001: Hibernate Validator 5.3.4.Final
2018-08-08 17:04:42.670 [oms-fcadmin] [main] WARN  o.m.s.mapper.ClassPathMapperScanner - No MyBatis mapper was found in &apos;[com.glsx.oms.fcadmin]&apos; package. Please check your configuration.
2018-08-08 17:04:42.919 [oms-fcadmin] [main] WARN  o.m.s.mapper.ClassPathMapperScanner - No MyBatis mapper was found in &apos;[com.glsx.oms.fcadmin]&apos; package. Please check your configuration.
2018-08-08 17:04:44.718 [oms-fcadmin] [main] INFO  o.s.b.f.a.AutowiredAnnotationBeanPostProcessor - JSR-330 &apos;javax.inject.Inject&apos; annotation found and supported for autowiring
2018-08-08 17:04:45.028 [oms-fcadmin] [main] INFO  o.s.c.s.PostProcessorRegistrationDelegate$BeanPostProcessorChecker - Bean &apos;org.springframework.boot.autoconfigure.validation.ValidationAutoConfiguration&apos; of type [class org.springframework.boot.autoconfigure.validation.ValidationAutoConfiguration] is not eligible for getting processed by all BeanPostProcessors (for example: not eligible for auto-proxying)
2018-08-08 17:04:45.283 [oms-fcadmin] [main] INFO  o.s.c.s.PostProcessorRegistrationDelegate$BeanPostProcessorChecker - Bean &apos;validator&apos; of type [class org.springframework.validation.beanvalidation.LocalValidatorFactoryBean] is not eligible for getting processed by all BeanPostProcessors (for example: not eligible for auto-proxying)
2018-08-08 17:04:45.329 [oms-fcadmin] [main] INFO  o.s.c.s.PostProcessorRegistrationDelegate$BeanPostProcessorChecker - Bean &apos;org.springframework.kafka.annotation.KafkaBootstrapConfiguration&apos; of type [class org.springframework.kafka.annotation.KafkaBootstrapConfiguration$$EnhancerBySpringCGLIB$$1c9a6a94] is not eligible for getting processed by all BeanPostProcessors (for example: not eligible for auto-proxying)
2018-08-08 17:04:45.429 [oms-fcadmin] [main] INFO  o.s.c.s.PostProcessorRegistrationDelegate$BeanPostProcessorChecker - Bean &apos;org.springframework.transaction.annotation.ProxyTransactionManagementConfiguration&apos; of type [class org.springframework.transaction.annotation.ProxyTransactionManagementConfiguration$$EnhancerBySpringCGLIB$$48e85911] is not eligible for getting processed by all BeanPostProcessors (for example: not eligible for auto-proxying)
2018-08-08 17:04:45.737 [oms-fcadmin] [main] INFO  o.s.c.s.PostProcessorRegistrationDelegate$BeanPostProcessorChecker - Bean &apos;org.springframework.boot.autoconfigure.web.WebClientAutoConfiguration$RestTemplateConfiguration&apos; of type [class org.springframework.boot.autoconfigure.web.WebClientAutoConfiguration$RestTemplateConfiguration$$EnhancerBySpringCGLIB$$5017d028] is not eligible for getting processed by all BeanPostProcessors (for example: not eligible for auto-proxying)
2018-08-08 17:04:45.803 [oms-fcadmin] [main] INFO  o.s.c.s.PostProcessorRegistrationDelegate$BeanPostProcessorChecker - Bean &apos;spring.http.encoding-org.springframework.boot.autoconfigure.web.HttpEncodingProperties&apos; of type [class org.springframework.boot.autoconfigure.web.HttpEncodingProperties] is not eligible for getting processed by all BeanPostProcessors (for example: not eligible for auto-proxying)
2018-08-08 17:04:45.841 [oms-fcadmin] [main] INFO  o.s.c.s.PostProcessorRegistrationDelegate$BeanPostProcessorChecker - Bean &apos;org.springframework.boot.autoconfigure.web.HttpMessageConvertersAutoConfiguration$StringHttpMessageConverterConfiguration&apos; of type [class org.springframework.boot.autoconfigure.web.HttpMessageConvertersAutoConfiguration$StringHttpMessageConverterConfiguration$$EnhancerBySpringCGLIB$$96168211] is not eligible for getting processed by all BeanPostProcessors (for example: not eligible for auto-proxying)
2018-08-08 17:04:45.911 [oms-fcadmin] [main] INFO  o.s.c.s.PostProcessorRegistrationDelegate$BeanPostProcessorChecker - Bean &apos;stringHttpMessageConverter&apos; of type [class org.springframework.http.converter.StringHttpMessageConverter] is not eligible for getting processed by all BeanPostProcessors (for example: not eligible for auto-proxying)
2018-08-08 17:04:45.927 [oms-fcadmin] [main] INFO  o.s.c.s.PostProcessorRegistrationDelegate$BeanPostProcessorChecker - Bean &apos;org.springframework.boot.autoconfigure.web.JacksonHttpMessageConvertersConfiguration$MappingJackson2HttpMessageConverterConfiguration&apos; of type [class org.springframework.boot.autoconfigure.web.JacksonHttpMessageConvertersConfiguration$MappingJackson2HttpMessageConverterConfiguration$$EnhancerBySpringCGLIB$$2424ac11] is not eligible for getting processed by all BeanPostProcessors (for example: not eligible for auto-proxying)
2018-08-08 17:04:45.940 [oms-fcadmin] [main] INFO  o.s.c.s.PostProcessorRegistrationDelegate$BeanPostProcessorChecker - Bean &apos;org.springframework.boot.autoconfigure.jackson.JacksonAutoConfiguration$JacksonObjectMapperConfiguration&apos; of type [class org.springframework.boot.autoconfigure.jackson.JacksonAutoConfiguration$JacksonObjectMapperConfiguration$$EnhancerBySpringCGLIB$$a47bd8a2] is not eligible for getting processed by all BeanPostProcessors (for example: not eligible for auto-proxying)
2018-08-08 17:04:45.957 [oms-fcadmin] [main] INFO  o.s.c.s.PostProcessorRegistrationDelegate$BeanPostProcessorChecker - Bean &apos;spring.jackson-org.springframework.boot.autoconfigure.jackson.JacksonProperties&apos; of type [class org.springframework.boot.autoconfigure.jackson.JacksonProperties] is not eligible for getting processed by all BeanPostProcessors (for example: not eligible for auto-proxying)
2018-08-08 17:04:45.969 [oms-fcadmin] [main] INFO  o.s.c.s.PostProcessorRegistrationDelegate$BeanPostProcessorChecker - Bean &apos;org.springframework.boot.autoconfigure.jackson.JacksonAutoConfiguration$Jackson2ObjectMapperBuilderCustomizerConfiguration&apos; of type [class org.springframework.boot.autoconfigure.jackson.JacksonAutoConfiguration$Jackson2ObjectMapperBuilderCustomizerConfiguration$$EnhancerBySpringCGLIB$$11df80aa] is not eligible for getting processed by all BeanPostProcessors (for example: not eligible for auto-proxying)
2018-08-08 17:04:45.986 [oms-fcadmin] [main] INFO  o.s.c.s.PostProcessorRegistrationDelegate$BeanPostProcessorChecker - Bean &apos;standardJacksonObjectMapperBuilderCustomizer&apos; of type [class org.springframework.boot.autoconfigure.jackson.JacksonAutoConfiguration$Jackson2ObjectMapperBuilderCustomizerConfiguration$StandardJackson2ObjectMapperBuilderCustomizer] is not eligible for getting processed by all BeanPostProcessors (for example: not eligible for auto-proxying)
2018-08-08 17:04:46.022 [oms-fcadmin] [main] INFO  o.s.c.s.PostProcessorRegistrationDelegate$BeanPostProcessorChecker - Bean &apos;org.springframework.boot.autoconfigure.jackson.JacksonAutoConfiguration$JacksonObjectMapperBuilderConfiguration&apos; of type [class org.springframework.boot.autoconfigure.jackson.JacksonAutoConfiguration$JacksonObjectMapperBuilderConfiguration$$EnhancerBySpringCGLIB$$56c89abb] is not eligible for getting processed by all BeanPostProcessors (for example: not eligible for auto-proxying)
2018-08-08 17:04:46.044 [oms-fcadmin] [main] INFO  o.s.c.s.PostProcessorRegistrationDelegate$BeanPostProcessorChecker - Bean &apos;org.springframework.boot.autoconfigure.jackson.JacksonAutoConfiguration&apos; of type [class org.springframework.boot.autoconfigure.jackson.JacksonAutoConfiguration$$EnhancerBySpringCGLIB$$86877631] is not eligible for getting processed by all BeanPostProcessors (for example: not eligible for auto-proxying)
2018-08-08 17:04:46.114 [oms-fcadmin] [main] INFO  o.s.c.s.PostProcessorRegistrationDelegate$BeanPostProcessorChecker - Bean &apos;jsonComponentModule&apos; of type [class org.springframework.boot.jackson.JsonComponentModule] is not eligible for getting processed by all BeanPostProcessors (for example: not eligible for auto-proxying)
2018-08-08 17:04:46.130 [oms-fcadmin] [main] INFO  o.s.c.s.PostProcessorRegistrationDelegate$BeanPostProcessorChecker - Bean &apos;org.springframework.data.web.config.SpringDataJacksonConfiguration&apos; of type [class org.springframework.data.web.config.SpringDataJacksonConfiguration] is not eligible for getting processed by all BeanPostProcessors (for example: not eligible for auto-proxying)
2018-08-08 17:04:46.147 [oms-fcadmin] [main] INFO  o.s.c.s.PostProcessorRegistrationDelegate$BeanPostProcessorChecker - Bean &apos;jacksonGeoModule&apos; of type [class org.springframework.data.geo.GeoModule] is not eligible for getting processed by all BeanPostProcessors (for example: not eligible for auto-proxying)
2018-08-08 17:04:46.161 [oms-fcadmin] [main] INFO  o.s.c.s.PostProcessorRegistrationDelegate$BeanPostProcessorChecker - Bean &apos;jacksonObjectMapperBuilder&apos; of type [class org.springframework.http.converter.json.Jackson2ObjectMapperBuilder] is not eligible for getting processed by all BeanPostProcessors (for example: not eligible for auto-proxying)
2018-08-08 17:04:46.268 [oms-fcadmin] [main] INFO  o.s.c.s.PostProcessorRegistrationDelegate$BeanPostProcessorChecker - Bean &apos;jacksonObjectMapper&apos; of type [class com.fasterxml.jackson.databind.ObjectMapper] is not eligible for getting processed by all BeanPostProcessors (for example: not eligible for auto-proxying)
2018-08-08 17:04:46.315 [oms-fcadmin] [main] INFO  o.s.c.s.PostProcessorRegistrationDelegate$BeanPostProcessorChecker - Bean &apos;mappingJackson2HttpMessageConverter&apos; of type [class org.springframework.http.converter.json.MappingJackson2HttpMessageConverter] is not eligible for getting processed by all BeanPostProcessors (for example: not eligible for auto-proxying)
2018-08-08 17:04:46.328 [oms-fcadmin] [main] INFO  o.s.c.s.PostProcessorRegistrationDelegate$BeanPostProcessorChecker - Bean &apos;org.springframework.boot.autoconfigure.web.HttpMessageConvertersAutoConfiguration&apos; of type [class org.springframework.boot.autoconfigure.web.HttpMessageConvertersAutoConfiguration$$EnhancerBySpringCGLIB$$d9a07771] is not eligible for getting processed by all BeanPostProcessors (for example: not eligible for auto-proxying)
2018-08-08 17:04:46.357 [oms-fcadmin] [main] INFO  o.s.c.s.PostProcessorRegistrationDelegate$BeanPostProcessorChecker - Bean &apos;messageConverters&apos; of type [class org.springframework.boot.autoconfigure.web.HttpMessageConverters] is not eligible for getting processed by all BeanPostProcessors (for example: not eligible for auto-proxying)
2018-08-08 17:04:46.369 [oms-fcadmin] [main] INFO  o.s.c.s.PostProcessorRegistrationDelegate$BeanPostProcessorChecker - Bean &apos;restTemplateBuilder&apos; of type [class org.springframework.boot.web.client.RestTemplateBuilder] is not eligible for getting processed by all BeanPostProcessors (for example: not eligible for auto-proxying)
2018-08-08 17:04:46.371 [oms-fcadmin] [main] INFO  o.s.c.s.PostProcessorRegistrationDelegate$BeanPostProcessorChecker - Bean &apos;OMSTestBootStarter&apos; of type [class com.glsx.oms.fcadmin.OMSTestBootStarter$$EnhancerBySpringCGLIB$$32a2b578] is not eligible for getting processed by all BeanPostProcessors (for example: not eligible for auto-proxying)
2018-08-08 17:04:46.996 [oms-fcadmin] [main] INFO  o.s.c.s.PostProcessorRegistrationDelegate$BeanPostProcessorChecker - Bean &apos;restTemplate&apos; of type [class org.springframework.web.client.RestTemplate] is not eligible for getting processed by all BeanPostProcessors (for example: not eligible for auto-proxying)
2018-08-08 17:04:47.005 [oms-fcadmin] [main] INFO  o.s.c.s.PostProcessorRegistrationDelegate$BeanPostProcessorChecker - Bean &apos;nameauthClient&apos; of type [class com.glsx.oms.fcadmin.biz.auth.nameauth.rest.NameauthClient] is not eligible for getting processed by all BeanPostProcessors (for example: not eligible for auto-proxying)
2018-08-08 17:04:47.014 [oms-fcadmin] [main] INFO  o.s.c.s.PostProcessorRegistrationDelegate$BeanPostProcessorChecker - Bean &apos;changeLogClient&apos; of type [class com.glsx.oms.fcadmin.biz.card.changelog.rest.ChangeLogClient] is not eligible for getting processed by all BeanPostProcessors (for example: not eligible for auto-proxying)
2018-08-08 17:04:47.021 [oms-fcadmin] [main] INFO  o.s.c.s.PostProcessorRegistrationDelegate$BeanPostProcessorChecker - Bean &apos;flowCardClient&apos; of type [class com.glsx.oms.fcadmin.biz.card.flowcard.rest.FlowCardClient] is not eligible for getting processed by all BeanPostProcessors (for example: not eligible for auto-proxying)
2018-08-08 17:04:47.027 [oms-fcadmin] [main] INFO  o.s.c.s.PostProcessorRegistrationDelegate$BeanPostProcessorChecker - Bean &apos;flowPoolClient&apos; of type [class com.glsx.oms.fcadmin.biz.card.flowpool.rest.FlowPoolClient] is not eligible for getting processed by all BeanPostProcessors (for example: not eligible for auto-proxying)
2018-08-08 17:04:47.033 [oms-fcadmin] [main] INFO  o.s.c.s.PostProcessorRegistrationDelegate$BeanPostProcessorChecker - Bean &apos;lifeCycleClient&apos; of type [class com.glsx.oms.fcadmin.biz.card.lifecycle.rest.LifeCycleClient] is not eligible for getting processed by all BeanPostProcessors (for example: not eligible for auto-proxying)
2018-08-08 17:04:47.038 [oms-fcadmin] [main] INFO  o.s.c.s.PostProcessorRegistrationDelegate$BeanPostProcessorChecker - Bean &apos;orderInfoClient&apos; of type [class com.glsx.oms.fcadmin.biz.card.orderinfo.rest.OrderInfoClient] is not eligible for getting processed by all BeanPostProcessors (for example: not eligible for auto-proxying)
2018-08-08 17:04:47.043 [oms-fcadmin] [main] INFO  o.s.c.s.PostProcessorRegistrationDelegate$BeanPostProcessorChecker - Bean &apos;postageClient&apos; of type [class com.glsx.oms.fcadmin.biz.card.postage.rest.PostageClient] is not eligible for getting processed by all BeanPostProcessors (for example: not eligible for auto-proxying)
2018-08-08 17:04:47.049 [oms-fcadmin] [main] INFO  o.s.c.s.PostProcessorRegistrationDelegate$BeanPostProcessorChecker - Bean &apos;taskClient&apos; of type [class com.glsx.oms.fcadmin.biz.download.task.rest.TaskClient] is not eligible for getting processed by all BeanPostProcessors (for example: not eligible for auto-proxying)
2018-08-08 17:04:47.060 [oms-fcadmin] [main] INFO  o.s.c.s.PostProcessorRegistrationDelegate$BeanPostProcessorChecker - Bean &apos;networkAccessClient&apos; of type [class com.glsx.oms.fcadmin.biz.op.networkaccess.rest.NetworkAccessClient] is not eligible for getting processed by all BeanPostProcessors (for example: not eligible for auto-proxying)
2018-08-08 17:04:47.065 [oms-fcadmin] [main] INFO  o.s.c.s.PostProcessorRegistrationDelegate$BeanPostProcessorChecker - Bean &apos;opClient&apos; of type [class com.glsx.oms.fcadmin.biz.op.op.rest.OpClient] is not eligible for getting processed by all BeanPostProcessors (for example: not eligible for auto-proxying)
2018-08-08 17:04:47.074 [oms-fcadmin] [main] INFO  o.s.c.s.PostProcessorRegistrationDelegate$BeanPostProcessorChecker - Bean &apos;postagePlanClient&apos; of type [class com.glsx.oms.fcadmin.biz.op.postageplan.rest.PostagePlanClient] is not eligible for getting processed by all BeanPostProcessors (for example: not eligible for auto-proxying)
2018-08-08 17:04:47.082 [oms-fcadmin] [main] INFO  o.s.c.s.PostProcessorRegistrationDelegate$BeanPostProcessorChecker - Bean &apos;outOrderClient&apos; of type [class com.glsx.oms.fcadmin.biz.order.outorder.rest.OutOrderClient] is not eligible for getting processed by all BeanPostProcessors (for example: not eligible for auto-proxying)
2018-08-08 17:04:47.088 [oms-fcadmin] [main] INFO  o.s.c.s.PostProcessorRegistrationDelegate$BeanPostProcessorChecker - Bean &apos;flowPackageClient&apos; of type [class com.glsx.oms.fcadmin.biz.pkg.flowpackage.rest.FlowPackageClient] is not eligible for getting processed by all BeanPostProcessors (for example: not eligible for auto-proxying)
2018-08-08 17:04:47.096 [oms-fcadmin] [main] INFO  o.s.c.s.PostProcessorRegistrationDelegate$BeanPostProcessorChecker - Bean &apos;rechargeOrderClient&apos; of type [class com.glsx.oms.fcadmin.biz.recharge.rechargeorder.rest.RechargeOrderClient] is not eligible for getting processed by all BeanPostProcessors (for example: not eligible for auto-proxying)
2018-08-08 17:04:47.105 [oms-fcadmin] [main] INFO  o.s.c.s.PostProcessorRegistrationDelegate$BeanPostProcessorChecker - Bean &apos;recycleClient&apos; of type [class com.glsx.oms.fcadmin.biz.recovery.recycle.rest.RecycleClient] is not eligible for getting processed by all BeanPostProcessors (for example: not eligible for auto-proxying)
2018-08-08 17:04:47.111 [oms-fcadmin] [main] INFO  o.s.c.s.PostProcessorRegistrationDelegate$BeanPostProcessorChecker - Bean &apos;transferClient&apos; of type [class com.glsx.oms.fcadmin.biz.recovery.transfer.rest.TransferClient] is not eligible for getting processed by all BeanPostProcessors (for example: not eligible for auto-proxying)
2018-08-08 17:04:47.115 [oms-fcadmin] [main] INFO  o.s.c.s.PostProcessorRegistrationDelegate$BeanPostProcessorChecker - Bean &apos;flowPackageListClient&apos; of type [class com.glsx.oms.fcadmin.biz.sp.flowpackagelist.rest.FlowPackageListClient] is not eligible for getting processed by all BeanPostProcessors (for example: not eligible for auto-proxying)
2018-08-08 17:04:47.121 [oms-fcadmin] [main] INFO  o.s.c.s.PostProcessorRegistrationDelegate$BeanPostProcessorChecker - Bean &apos;flowServiceClient&apos; of type [class com.glsx.oms.fcadmin.biz.sp.flowservice.rest.FlowServiceClient] is not eligible for getting processed by all BeanPostProcessors (for example: not eligible for auto-proxying)
2018-08-08 17:04:47.125 [oms-fcadmin] [main] INFO  o.s.c.s.PostProcessorRegistrationDelegate$BeanPostProcessorChecker - Bean &apos;spClient&apos; of type [class com.glsx.oms.fcadmin.biz.sp.sp.rest.SpClient] is not eligible for getting processed by all BeanPostProcessors (for example: not eligible for auto-proxying)
2018-08-08 17:04:47.327 [oms-fcadmin] [main] INFO  o.s.c.s.PostProcessorRegistrationDelegate$BeanPostProcessorChecker - Bean &apos;mybatis-org.oreframework.boot.autoconfigure.datasource.mybatis.MybatisProperties&apos; of type [class org.oreframework.boot.autoconfigure.datasource.mybatis.MybatisProperties] is not eligible for getting processed by all BeanPostProcessors (for example: not eligible for auto-proxying)
2018-08-08 17:04:47.343 [oms-fcadmin] [main] INFO  o.s.c.s.PostProcessorRegistrationDelegate$BeanPostProcessorChecker - Bean &apos;org.oreframework.boot.autoconfigure.datasource.mybatis.MybatisAutoConfiguration&apos; of type [class org.oreframework.boot.autoconfigure.datasource.mybatis.MybatisAutoConfiguration$$EnhancerBySpringCGLIB$$992ac4e3] is not eligible for getting processed by all BeanPostProcessors (for example: not eligible for auto-proxying)
2018-08-08 17:04:47.358 [oms-fcadmin] [main] INFO  o.s.c.s.PostProcessorRegistrationDelegate$BeanPostProcessorChecker - Bean &apos;org.oreframework.boot.autoconfigure.datasource.customize.mybatis.druid.DruidAutoConfiguration&apos; of type [class org.oreframework.boot.autoconfigure.datasource.customize.mybatis.druid.DruidAutoConfiguration$$EnhancerBySpringCGLIB$$cbaba1cb] is not eligible for getting processed by all BeanPostProcessors (for example: not eligible for auto-proxying)
2018-08-08 17:04:47.373 [oms-fcadmin] [main] INFO  o.s.c.s.PostProcessorRegistrationDelegate$BeanPostProcessorChecker - Bean &apos;org.oreframework.boot.autoconfigure.datasource.customize.mybatis.MybatisPropertiesAutoConfiguration&apos; of type [class org.oreframework.boot.autoconfigure.datasource.customize.mybatis.MybatisPropertiesAutoConfiguration$$EnhancerBySpringCGLIB$$bf45487b] is not eligible for getting processed by all BeanPostProcessors (for example: not eligible for auto-proxying)
2018-08-08 17:04:47.509 [oms-fcadmin] [main] INFO  o.s.c.s.PostProcessorRegistrationDelegate$BeanPostProcessorChecker - Bean &apos;druidProperties&apos; of type [class org.oreframework.datasource.druid.DruidProperties] is not eligible for getting processed by all BeanPostProcessors (for example: not eligible for auto-proxying)
2018-08-08 17:04:47.532 [oms-fcadmin] [main] INFO  o.s.c.s.PostProcessorRegistrationDelegate$BeanPostProcessorChecker - Bean &apos;dataSource&apos; of type [class com.alibaba.druid.pool.DruidDataSource] is not eligible for getting processed by all BeanPostProcessors (for example: not eligible for auto-proxying)
2018-08-08 17:04:47.551 [oms-fcadmin] [main] INFO  o.s.c.s.PostProcessorRegistrationDelegate$BeanPostProcessorChecker - Bean &apos;org.springframework.boot.autoconfigure.jdbc.DataSourceAutoConfiguration&apos; of type [class org.springframework.boot.autoconfigure.jdbc.DataSourceAutoConfiguration$$EnhancerBySpringCGLIB$$2adbfc71] is not eligible for getting processed by all BeanPostProcessors (for example: not eligible for auto-proxying)
2018-08-08 17:04:47.618 [oms-fcadmin] [main] INFO  o.s.c.s.PostProcessorRegistrationDelegate$BeanPostProcessorChecker - Bean &apos;spring.datasource-org.springframework.boot.autoconfigure.jdbc.DataSourceProperties&apos; of type [class org.springframework.boot.autoconfigure.jdbc.DataSourceProperties] is not eligible for getting processed by all BeanPostProcessors (for example: not eligible for auto-proxying)
2018-08-08 17:04:47.647 [oms-fcadmin] [main] INFO  o.s.c.s.PostProcessorRegistrationDelegate$BeanPostProcessorChecker - Bean &apos;dataSourceInitializer&apos; of type [class org.springframework.boot.autoconfigure.jdbc.DataSourceInitializer] is not eligible for getting processed by all BeanPostProcessors (for example: not eligible for auto-proxying)
2018-08-08 17:04:47.867 [oms-fcadmin] [main] INFO  o.s.c.s.PostProcessorRegistrationDelegate$BeanPostProcessorChecker - Bean &apos;sqlSessionFactory&apos; of type [class org.apache.ibatis.session.defaults.DefaultSqlSessionFactory] is not eligible for getting processed by all BeanPostProcessors (for example: not eligible for auto-proxying)
2018-08-08 17:04:47.897 [oms-fcadmin] [main] INFO  o.s.c.s.PostProcessorRegistrationDelegate$BeanPostProcessorChecker - Bean &apos;sqlSessionTemplate&apos; of type [class org.mybatis.spring.SqlSessionTemplate] is not eligible for getting processed by all BeanPostProcessors (for example: not eligible for auto-proxying)
2018-08-08 17:04:48.255 [oms-fcadmin] [main] INFO  o.s.c.s.PostProcessorRegistrationDelegate$BeanPostProcessorChecker - Bean &apos;nameauthMapper&apos; of type [class org.mybatis.spring.mapper.MapperFactoryBean] is not eligible for getting processed by all BeanPostProcessors (for example: not eligible for auto-proxying)
2018-08-08 17:04:48.259 [oms-fcadmin] [main] INFO  o.s.c.s.PostProcessorRegistrationDelegate$BeanPostProcessorChecker - Bean &apos;nameauthMapper&apos; of type [class com.sun.proxy.$Proxy81] is not eligible for getting processed by all BeanPostProcessors (for example: not eligible for auto-proxying)
2018-08-08 17:04:48.265 [oms-fcadmin] [main] INFO  o.s.c.s.PostProcessorRegistrationDelegate$BeanPostProcessorChecker - Bean &apos;nameauthService&apos; of type [class com.glsx.oms.fcadmin.biz.auth.nameauth.service.NameauthService] is not eligible for getting processed by all BeanPostProcessors (for example: not eligible for auto-proxying)
2018-08-08 17:04:48.377 [oms-fcadmin] [main] INFO  o.s.c.s.PostProcessorRegistrationDelegate$BeanPostProcessorChecker - Bean &apos;flowCardMapper&apos; of type [class org.mybatis.spring.mapper.MapperFactoryBean] is not eligible for getting processed by all BeanPostProcessors (for example: not eligible for auto-proxying)
2018-08-08 17:04:48.381 [oms-fcadmin] [main] INFO  o.s.c.s.PostProcessorRegistrationDelegate$BeanPostProcessorChecker - Bean &apos;flowCardMapper&apos; of type [class com.sun.proxy.$Proxy83] is not eligible for getting processed by all BeanPostProcessors (for example: not eligible for auto-proxying)
2018-08-08 17:04:48.384 [oms-fcadmin] [main] INFO  o.s.c.s.PostProcessorRegistrationDelegate$BeanPostProcessorChecker - Bean &apos;flowCardService&apos; of type [class com.glsx.oms.fcadmin.biz.card.flowcard.service.FlowCardService] is not eligible for getting processed by all BeanPostProcessors (for example: not eligible for auto-proxying)
2018-08-08 17:04:48.417 [oms-fcadmin] [main] INFO  o.s.c.s.PostProcessorRegistrationDelegate$BeanPostProcessorChecker - Bean &apos;spring.kafka-org.springframework.boot.autoconfigure.kafka.KafkaProperties&apos; of type [class org.springframework.boot.autoconfigure.kafka.KafkaProperties] is not eligible for getting processed by all BeanPostProcessors (for example: not eligible for auto-proxying)
2018-08-08 17:04:48.424 [oms-fcadmin] [main] INFO  o.s.c.s.PostProcessorRegistrationDelegate$BeanPostProcessorChecker - Bean &apos;org.springframework.boot.autoconfigure.kafka.KafkaAutoConfiguration&apos; of type [class org.springframework.boot.autoconfigure.kafka.KafkaAutoConfiguration$$EnhancerBySpringCGLIB$$4ef3e78b] is not eligible for getting processed by all BeanPostProcessors (for example: not eligible for auto-proxying)
2018-08-08 17:04:48.445 [oms-fcadmin] [main] INFO  o.s.c.s.PostProcessorRegistrationDelegate$BeanPostProcessorChecker - Bean &apos;kafkaProducerFactory&apos; of type [class org.springframework.kafka.core.DefaultKafkaProducerFactory] is not eligible for getting processed by all BeanPostProcessors (for example: not eligible for auto-proxying)
2018-08-08 17:04:48.457 [oms-fcadmin] [main] INFO  o.s.c.s.PostProcessorRegistrationDelegate$BeanPostProcessorChecker - Bean &apos;kafkaProducerListener&apos; of type [class org.springframework.kafka.support.LoggingProducerListener] is not eligible for getting processed by all BeanPostProcessors (for example: not eligible for auto-proxying)
2018-08-08 17:04:48.475 [oms-fcadmin] [main] INFO  o.s.c.s.PostProcessorRegistrationDelegate$BeanPostProcessorChecker - Bean &apos;kafkaTemplate&apos; of type [class org.springframework.kafka.core.KafkaTemplate] is not eligible for getting processed by all BeanPostProcessors (for example: not eligible for auto-proxying)
2018-08-08 17:04:48.540 [oms-fcadmin] [main] INFO  o.s.c.s.PostProcessorRegistrationDelegate$BeanPostProcessorChecker - Bean &apos;fcadminProperty&apos; of type [class com.glsx.oms.fcadmin.framework.config.FcadminProperty$$EnhancerBySpringCGLIB$$a8f3c78d] is not eligible for getting processed by all BeanPostProcessors (for example: not eligible for auto-proxying)
2018-08-08 17:04:48.543 [oms-fcadmin] [main] INFO  o.s.c.s.PostProcessorRegistrationDelegate$BeanPostProcessorChecker - Bean &apos;nameauthController&apos; of type [class com.glsx.oms.fcadmin.biz.auth.nameauth.controller.NameauthController] is not eligible for getting processed by all BeanPostProcessors (for example: not eligible for auto-proxying)
2018-08-08 17:04:48.602 [oms-fcadmin] [main] INFO  o.s.c.s.PostProcessorRegistrationDelegate$BeanPostProcessorChecker - Bean &apos;changeLogMapper&apos; of type [class org.mybatis.spring.mapper.MapperFactoryBean] is not eligible for getting processed by all BeanPostProcessors (for example: not eligible for auto-proxying)
2018-08-08 17:04:48.605 [oms-fcadmin] [main] INFO  o.s.c.s.PostProcessorRegistrationDelegate$BeanPostProcessorChecker - Bean &apos;changeLogMapper&apos; of type [class com.sun.proxy.$Proxy85] is not eligible for getting processed by all BeanPostProcessors (for example: not eligible for auto-proxying)
2018-08-08 17:04:48.607 [oms-fcadmin] [main] INFO  o.s.c.s.PostProcessorRegistrationDelegate$BeanPostProcessorChecker - Bean &apos;changeLogService&apos; of type [class com.glsx.oms.fcadmin.biz.card.changelog.service.ChangeLogService] is not eligible for getting processed by all BeanPostProcessors (for example: not eligible for auto-proxying)
2018-08-08 17:04:48.608 [oms-fcadmin] [main] INFO  o.s.c.s.PostProcessorRegistrationDelegate$BeanPostProcessorChecker - Bean &apos;changeLogController&apos; of type [class com.glsx.oms.fcadmin.biz.card.changelog.controller.ChangeLogController] is not eligible for getting processed by all BeanPostProcessors (for example: not eligible for auto-proxying)
2018-08-08 17:04:48.659 [oms-fcadmin] [main] INFO  o.s.c.s.PostProcessorRegistrationDelegate$BeanPostProcessorChecker - Bean &apos;optlogMapper&apos; of type [class org.mybatis.spring.mapper.MapperFactoryBean] is not eligible for getting processed by all BeanPostProcessors (for example: not eligible for auto-proxying)
2018-08-08 17:04:48.663 [oms-fcadmin] [main] INFO  o.s.c.s.PostProcessorRegistrationDelegate$BeanPostProcessorChecker - Bean &apos;optlogMapper&apos; of type [class com.sun.proxy.$Proxy86] is not eligible for getting processed by all BeanPostProcessors (for example: not eligible for auto-proxying)
2018-08-08 17:04:48.667 [oms-fcadmin] [main] INFO  o.s.c.s.PostProcessorRegistrationDelegate$BeanPostProcessorChecker - Bean &apos;optlogService&apos; of type [class com.glsx.oms.fcadmin.biz.card.optlog.service.OptlogService] is not eligible for getting processed by all BeanPostProcessors (for example: not eligible for auto-proxying)
2018-08-08 17:04:48.737 [oms-fcadmin] [main] INFO  o.s.c.s.PostProcessorRegistrationDelegate$BeanPostProcessorChecker - Bean &apos;opMapper&apos; of type [class org.mybatis.spring.mapper.MapperFactoryBean] is not eligible for getting processed by all BeanPostProcessors (for example: not eligible for auto-proxying)
2018-08-08 17:04:48.741 [oms-fcadmin] [main] INFO  o.s.c.s.PostProcessorRegistrationDelegate$BeanPostProcessorChecker - Bean &apos;opMapper&apos; of type [class com.sun.proxy.$Proxy87] is not eligible for getting processed by all BeanPostProcessors (for example: not eligible for auto-proxying)
2018-08-08 17:04:48.743 [oms-fcadmin] [main] INFO  o.s.c.s.PostProcessorRegistrationDelegate$BeanPostProcessorChecker - Bean &apos;opService&apos; of type [class com.glsx.oms.fcadmin.biz.op.op.service.OpService] is not eligible for getting processed by all BeanPostProcessors (for example: not eligible for auto-proxying)
2018-08-08 17:04:48.855 [oms-fcadmin] [main] INFO  o.s.c.s.PostProcessorRegistrationDelegate$BeanPostProcessorChecker - Bean &apos;flowPackageMapper&apos; of type [class org.mybatis.spring.mapper.MapperFactoryBean] is not eligible for getting processed by all BeanPostProcessors (for example: not eligible for auto-proxying)
2018-08-08 17:04:48.859 [oms-fcadmin] [main] INFO  o.s.c.s.PostProcessorRegistrationDelegate$BeanPostProcessorChecker - Bean &apos;flowPackageMapper&apos; of type [class com.sun.proxy.$Proxy88] is not eligible for getting processed by all BeanPostProcessors (for example: not eligible for auto-proxying)
2018-08-08 17:04:48.891 [oms-fcadmin] [main] INFO  o.s.c.s.PostProcessorRegistrationDelegate$BeanPostProcessorChecker - Bean &apos;flowServiceMapper&apos; of type [class org.mybatis.spring.mapper.MapperFactoryBean] is not eligible for getting processed by all BeanPostProcessors (for example: not eligible for auto-proxying)
2018-08-08 17:04:48.897 [oms-fcadmin] [main] INFO  o.s.c.s.PostProcessorRegistrationDelegate$BeanPostProcessorChecker - Bean &apos;flowServiceMapper&apos; of type [class com.sun.proxy.$Proxy89] is not eligible for getting processed by all BeanPostProcessors (for example: not eligible for auto-proxying)
2018-08-08 17:04:48.951 [oms-fcadmin] [main] INFO  o.s.c.s.PostProcessorRegistrationDelegate$BeanPostProcessorChecker - Bean &apos;flowPackageListMapper&apos; of type [class org.mybatis.spring.mapper.MapperFactoryBean] is not eligible for getting processed by all BeanPostProcessors (for example: not eligible for auto-proxying)
2018-08-08 17:04:48.955 [oms-fcadmin] [main] INFO  o.s.c.s.PostProcessorRegistrationDelegate$BeanPostProcessorChecker - Bean &apos;flowPackageListMapper&apos; of type [class com.sun.proxy.$Proxy90] is not eligible for getting processed by all BeanPostProcessors (for example: not eligible for auto-proxying)
2018-08-08 17:04:48.957 [oms-fcadmin] [main] INFO  o.s.c.s.PostProcessorRegistrationDelegate$BeanPostProcessorChecker - Bean &apos;flowPackageService&apos; of type [class com.glsx.oms.fcadmin.biz.pkg.flowpackage.service.FlowPackageService] is not eligible for getting processed by all BeanPostProcessors (for example: not eligible for auto-proxying)
2018-08-08 17:04:49.504 [oms-fcadmin] [main] INFO  o.s.c.s.PostProcessorRegistrationDelegate$BeanPostProcessorChecker - Bean &apos;ore.dubbo-org.oreframework.boot.autoconfigure.dubbo.metadata.DubboProperty&apos; of type [class org.oreframework.boot.autoconfigure.dubbo.metadata.DubboProperty] is not eligible for getting processed by all BeanPostProcessors (for example: not eligible for auto-proxying)
2018-08-08 17:04:49.506 [oms-fcadmin] [main] INFO  o.s.c.s.PostProcessorRegistrationDelegate$BeanPostProcessorChecker - Bean &apos;org.oreframework.boot.autoconfigure.dubbo.DubboAutoConfiguration&apos; of type [class org.oreframework.boot.autoconfigure.dubbo.DubboAutoConfiguration$$EnhancerBySpringCGLIB$$84d6675a] is not eligible for getting processed by all BeanPostProcessors (for example: not eligible for auto-proxying)
2018-08-08 17:04:49.515 [oms-fcadmin] [main] INFO  o.s.c.s.PostProcessorRegistrationDelegate$BeanPostProcessorChecker - Bean &apos;requestApplicationConfig&apos; of type [class com.alibaba.dubbo.config.ApplicationConfig] is not eligible for getting processed by all BeanPostProcessors (for example: not eligible for auto-proxying)
2018-08-08 17:04:49.528 [oms-fcadmin] [main] INFO  o.s.c.s.PostProcessorRegistrationDelegate$BeanPostProcessorChecker - Bean &apos;requestRegistryConfig&apos; of type [class com.alibaba.dubbo.config.RegistryConfig] is not eligible for getting processed by all BeanPostProcessors (for example: not eligible for auto-proxying)
2018-08-08 17:04:50.014 [oms-fcadmin] [main] INFO  org.apache.zookeeper.ZooKeeper - Client environment:zookeeper.version=3.4.6-1569965, built on 02/20/2014 09:09 GMT
2018-08-08 17:04:50.014 [oms-fcadmin] [main] INFO  org.apache.zookeeper.ZooKeeper - Client environment:host.name=192.168.2.11
2018-08-08 17:04:50.014 [oms-fcadmin] [main] INFO  org.apache.zookeeper.ZooKeeper - Client environment:java.version=1.8.0_91
2018-08-08 17:04:50.014 [oms-fcadmin] [main] INFO  org.apache.zookeeper.ZooKeeper - Client environment:java.vendor=Oracle Corporation
2018-08-08 17:04:50.014 [oms-fcadmin] [main] INFO  org.apache.zookeeper.ZooKeeper - Client environment:java.home=D:\Program Files\Java\jdk1.8.0_91\jre
2018-08-08 17:04:50.015 [oms-fcadmin] [main] INFO  org.apache.zookeeper.ZooKeeper - Client environment:java.class.path=F:\eclipseWork\glsx-oms\oms-fcadmin\target\test-classes;F:\eclipseWork\glsx-oms\oms-fcadmin\target\classes;D:\java\java\manve_lib\repository\junit\junit\4.12\junit-4.12.jar;D:\java\java\manve_lib\repository\org\hamcrest\hamcrest-core\1.3\hamcrest-core-1.3.jar;D:\java\java\manve_lib\repository\org\oreframework\boot\ore-boot-starter-diamond\1.0.9.RELEASE\ore-boot-starter-diamond-1.0.9.RELEASE.jar;D:\java\java\manve_lib\repository\org\oreframework\boot\ore-boot-starter\1.0.9.RELEASE\ore-boot-starter-1.0.9.RELEASE.jar;D:\java\java\manve_lib\repository\org\oreframework\boot\ore-boot\1.0.9.RELEASE\ore-boot-1.0.9.RELEASE.jar;D:\java\java\manve_lib\repository\ch\qos\logback\logback-access\1.1.9\logback-access-1.1.9.jar;D:\java\java\manve_lib\repository\ch\qos\logback\logback-classic\1.1.9\logback-classic-1.1.9.jar;D:\java\java\manve_lib\repository\ch\qos\logback\logback-core\1.1.9\logback-core-1.1.9.jar;D:\java\java\manve_lib\repository\org\oreframework\ore-util\2.0.8.RELEASE\ore-util-2.0.8.RELEASE.jar;D:\java\java\manve_lib\repository\gnu-regexp\gnu-regexp\1.1.4\gnu-regexp-1.1.4.jar;D:\java\java\manve_lib\repository\com\thoughtworks\xstream\xstream\1.4.7\xstream-1.4.7.jar;D:\java\java\manve_lib\repository\xmlpull\xmlpull\1.1.3.1\xmlpull-1.1.3.1.jar;D:\java\java\manve_lib\repository\xpp3\xpp3_min\1.1.4c\xpp3_min-1.1.4c.jar;D:\java\java\manve_lib\repository\com\belerweb\pinyin4j\2.5.0\pinyin4j-2.5.0.jar;D:\java\java\manve_lib\repository\net\sf\json-lib\json-lib\2.4\json-lib-2.4-jdk15.jar;D:\java\java\manve_lib\repository\net\sf\ezmorph\ezmorph\1.0.5\ezmorph-1.0.5.jar;D:\java\java\manve_lib\repository\com\google\code\gson\gson\2.2.2\gson-2.2.2.jar;D:\java\java\manve_lib\repository\cglib\cglib-nodep\2.2.2\cglib-nodep-2.2.2.jar;D:\java\java\manve_lib\repository\javax\servlet\javax.servlet-api\3.1.0\javax.servlet-api-3.1.0.jar;D:\java\java\manve_lib\repository\org\oreframework\ore-context\2.0.8.RELEASE\ore-context-2.0.8.RELEASE.jar;D:\java\java\manve_lib\repository\org\oreframework\common\ore-common-beanutils\2.0.8.RELEASE\ore-common-beanutils-2.0.8.RELEASE.jar;D:\java\java\manve_lib\repository\org\springframework\security\spring-security-cas\4.2.1.RELEASE\spring-security-cas-4.2.1.RELEASE.jar;D:\java\java\manve_lib\repository\org\jasig\cas\client\cas-client-core\3.4.1\cas-client-core-3.4.1.jar;D:\java\java\manve_lib\repository\org\springframework\security\spring-security-core\4.2.1.RELEASE\spring-security-core-4.2.1.RELEASE.jar;D:\java\java\manve_lib\repository\aopalliance\aopalliance\1.0\aopalliance-1.0.jar;D:\java\java\manve_lib\repository\org\springframework\security\spring-security-web\4.2.1.RELEASE\spring-security-web-4.2.1.RELEASE.jar;D:\java\java\manve_lib\repository\org\oreframework\boot\ore-boot-web\1.0.9.RELEASE\ore-boot-web-1.0.9.RELEASE.jar;D:\java\java\manve_lib\repository\org\oreframework\ore-web\2.0.8.RELEASE\ore-web-2.0.8.RELEASE.jar;D:\java\java\manve_lib\repository\org\oreframework\boot\ore-boot-autoconfigure\1.0.9.RELEASE\ore-boot-autoconfigure-1.0.9.RELEASE.jar;D:\java\java\manve_lib\repository\org\springframework\boot\spring-boot-starter-jetty\1.5.1.RELEASE\spring-boot-starter-jetty-1.5.1.RELEASE.jar;D:\java\java\manve_lib\repository\org\eclipse\jetty\jetty-servlets\9.4.1.v20170120\jetty-servlets-9.4.1.v20170120.jar;D:\java\java\manve_lib\repository\org\eclipse\jetty\jetty-continuation\9.4.1.v20170120\jetty-continuation-9.4.1.v20170120.jar;D:\java\java\manve_lib\repository\org\eclipse\jetty\jetty-http\9.4.1.v20170120\jetty-http-9.4.1.v20170120.jar;D:\java\java\manve_lib\repository\org\eclipse\jetty\jetty-util\9.4.1.v20170120\jetty-util-9.4.1.v20170120.jar;D:\java\java\manve_lib\repository\org\eclipse\jetty\jetty-io\9.4.1.v20170120\jetty-io-9.4.1.v20170120.jar;D:\java\java\manve_lib\repository\org\eclipse\jetty\jetty-webapp\9.4.1.v20170120\jetty-webapp-9.4.1.v20170120.jar;D:\java\java\manve_lib\repository\org\eclipse\jetty\jetty-xml\9.4.1.v20170120\jetty-xml-9.4.1.v20170120.jar;D:\java\java\manve_lib\repository\org\eclipse\jetty\jetty-servlet\9.4.1.v20170120\jetty-servlet-9.4.1.v20170120.jar;D:\java\java\manve_lib\repository\org\eclipse\jetty\jetty-security\9.4.1.v20170120\jetty-security-9.4.1.v20170120.jar;D:\java\java\manve_lib\repository\org\eclipse\jetty\jetty-server\9.4.1.v20170120\jetty-server-9.4.1.v20170120.jar;D:\java\java\manve_lib\repository\org\eclipse\jetty\websocket\websocket-server\9.4.1.v20170120\websocket-server-9.4.1.v20170120.jar;D:\java\java\manve_lib\repository\org\eclipse\jetty\websocket\websocket-common\9.4.1.v20170120\websocket-common-9.4.1.v20170120.jar;D:\java\java\manve_lib\repository\org\eclipse\jetty\websocket\websocket-api\9.4.1.v20170120\websocket-api-9.4.1.v20170120.jar;D:\java\java\manve_lib\repository\org\eclipse\jetty\websocket\websocket-client\9.4.1.v20170120\websocket-client-9.4.1.v20170120.jar;D:\java\java\manve_lib\repository\org\eclipse\jetty\jetty-client\9.4.1.v20170120\jetty-client-9.4.1.v20170120.jar;D:\java\java\manve_lib\repository\org\eclipse\jetty\websocket\websocket-servlet\9.4.1.v20170120\websocket-servlet-9.4.1.v20170120.jar;D:\java\java\manve_lib\repository\org\eclipse\jetty\websocket\javax-websocket-server-impl\9.4.1.v20170120\javax-websocket-server-impl-9.4.1.v20170120.jar;D:\java\java\manve_lib\repository\org\eclipse\jetty\jetty-annotations\9.4.1.v20170120\jetty-annotations-9.4.1.v20170120.jar;D:\java\java\manve_lib\repository\org\eclipse\jetty\jetty-plus\9.4.1.v20170120\jetty-plus-9.4.1.v20170120.jar;D:\java\java\manve_lib\repository\javax\annotation\javax.annotation-api\1.2\javax.annotation-api-1.2.jar;D:\java\java\manve_lib\repository\org\ow2\asm\asm-commons\5.1\asm-commons-5.1.jar;D:\java\java\manve_lib\repository\org\ow2\asm\asm-tree\5.1\asm-tree-5.1.jar;D:\java\java\manve_lib\repository\org\eclipse\jetty\websocket\javax-websocket-client-impl\9.4.1.v20170120\javax-websocket-client-impl-9.4.1.v20170120.jar;D:\java\java\manve_lib\repository\javax\websocket\javax.websocket-api\1.0\javax.websocket-api-1.0.jar;D:\java\java\manve_lib\repository\org\mortbay\jasper\apache-el\8.0.33\apache-el-8.0.33.jar;D:\java\java\manve_lib\repository\com\taobao\diamond\diamond-client\2.0.5.5\diamond-client-2.0.5.5.jar;D:\java\java\manve_lib\repository\com\taobao\diamond\diamond-utils\2.0.5.5\diamond-utils-2.0.5.5.jar;D:\java\java\manve_lib\repository\org\codehaus\jackson\jackson-core-lgpl\1.9.13\jackson-core-lgpl-1.9.13.jar;D:\java\java\manve_lib\repository\org\codehaus\jackson\jackson-mapper-lgpl\1.9.13\jackson-mapper-lgpl-1.9.13.jar;D:\java\java\manve_lib\repository\commons-logging\commons-logging\1.1\commons-logging-1.1.jar;D:\java\java\manve_lib\repository\logkit\logkit\1.0.1\logkit-1.0.1.jar;D:\java\java\manve_lib\repository\avalon-framework\avalon-framework\4.1.3\avalon-framework-4.1.3.jar;D:\java\java\manve_lib\repository\javax\servlet\servlet-api\2.3\servlet-api-2.3.jar;D:\java\java\manve_lib\repository\commons-httpclient\commons-httpclient\3.1\commons-httpclient-3.1.jar;D:\java\java\manve_lib\repository\commons-lang\commons-lang\2.4\commons-lang-2.4.jar;D:\java\java\manve_lib\repository\com\alibaba\dubbo\2.5.3\dubbo-2.5.3.jar;D:\java\java\manve_lib\repository\org\javassist\javassist\3.21.0-GA\javassist-3.21.0-GA.jar;D:\java\java\manve_lib\repository\org\jboss\netty\netty\3.2.5.Final\netty-3.2.5.Final.jar;D:\java\java\manve_lib\repository\org\apache\zookeeper\zookeeper\3.4.6\zookeeper-3.4.6.jar;D:\java\java\manve_lib\repository\org\slf4j\slf4j-api\1.7.6\slf4j-api-1.7.6.jar;D:\java\java\manve_lib\repository\log4j\log4j\1.2.17\log4j-1.2.17.jar;D:\java\java\manve_lib\repository\jline\jline\0.9.94\jline-0.9.94.jar;D:\java\java\manve_lib\repository\io\netty\netty\3.7.0.Final\netty-3.7.0.Final.jar;D:\java\java\manve_lib\repository\com\github\sgroschupf\zkclient\0.1\zkclient-0.1.jar;D:\java\java\manve_lib\repository\org\oreframework\boot\ore-boot-starter-dubbo\1.0.9.RELEASE\ore-boot-starter-dubbo-1.0.9.RELEASE.jar;D:\java\java\manve_lib\repository\org\oreframework\boot\ore-boot-starter-datasource\1.0.9.RELEASE\ore-boot-starter-datasource-1.0.9.RELEASE.jar;D:\java\java\manve_lib\repository\org\oreframework\ore-datasource\2.0.8.RELEASE\ore-datasource-2.0.8.RELEASE.jar;D:\java\java\manve_lib\repository\org\springframework\boot\spring-boot-starter-jdbc\1.5.1.RELEASE\spring-boot-starter-jdbc-1.5.1.RELEASE.jar;D:\java\java\manve_lib\repository\org\apache\tomcat\tomcat-jdbc\8.5.11\tomcat-jdbc-8.5.11.jar;D:\java\java\manve_lib\repository\org\apache\tomcat\tomcat-juli\8.5.11\tomcat-juli-8.5.11.jar;D:\java\java\manve_lib\repository\org\springframework\spring-jdbc\4.3.6.RELEASE\spring-jdbc-4.3.6.RELEASE.jar;D:\java\java\manve_lib\repository\org\springframework\spring-tx\4.3.6.RELEASE\spring-tx-4.3.6.RELEASE.jar;D:\java\java\manve_lib\repository\org\mybatis\mybatis-spring\1.3.1\mybatis-spring-1.3.1.jar;D:\java\java\manve_lib\repository\org\mybatis\mybatis\3.4.2\mybatis-3.4.2.jar;D:\java\java\manve_lib\repository\mysql\mysql-connector-java\5.1.40\mysql-connector-java-5.1.40.jar;D:\java\java\manve_lib\repository\com\alibaba\druid\1.0.11\druid-1.0.11.jar;D:\Program Files\Java\jdk1.8.0_91\jre\..\lib\jconsole.jar;D:\Program Files\Java\jdk1.8.0_91\jre\..\lib\tools.jar;D:\java\java\manve_lib\repository\com\github\pagehelper\pagehelper\5.0.0\pagehelper-5.0.0.jar;D:\java\java\manve_lib\repository\com\github\jsqlparser\jsqlparser\0.9.5\jsqlparser-0.9.5.jar;D:\java\java\manve_lib\repository\tk\mybatis\mapper\3.4.0\mapper-3.4.0.jar;D:\java\java\manve_lib\repository\javax\persistence\persistence-api\1.0.2\persistence-api-1.0.2.jar;D:\java\java\manve_lib\repository\org\oreframework\boot\ore-boot-starter-static\1.0.9.RELEASE\ore-boot-starter-static-1.0.9.RELEASE.jar;D:\java\java\manve_lib\repository\org\webjars\jquery\2.1.1\jquery-2.1.1.jar;D:\java\java\manve_lib\repository\org\webjars\bootstrap\3.3.7\bootstrap-3.3.7.jar;D:\java\java\manve_lib\repository\org\oreframework\boot\ore-boot-starter-kafka\1.0.9.RELEASE\ore-boot-starter-kafka-1.0.9.RELEASE.jar;D:\java\java\manve_lib\repository\org\springframework\kafka\spring-kafka\1.1.1.RELEASE\spring-kafka-1.1.1.RELEASE.jar;D:\java\java\manve_lib\repository\org\springframework\spring-messaging\4.3.6.RELEASE\spring-messaging-4.3.6.RELEASE.jar;D:\java\java\manve_lib\repository\org\springframework\retry\spring-retry\1.2.0.RELEASE\spring-retry-1.2.0.RELEASE.jar;D:\java\java\manve_lib\repository\org\oreframework\ore-kafka\2.0.8.RELEASE\ore-kafka-2.0.8.RELEASE.jar;D:\java\java\manve_lib\repository\org\apache\kafka\kafka-clients\0.8.2.0\kafka-clients-0.8.2.0.jar;D:\java\java\manve_lib\repository\net\jpountz\lz4\lz4\1.2.0\lz4-1.2.0.jar;D:\java\java\manve_lib\repository\org\xerial\snappy\snappy-java\1.1.1.6\snappy-java-1.1.1.6.jar;D:\java\java\manve_lib\repository\org\apache\kafka\kafka_2.10\0.8.1.1\kafka_2.10-0.8.1.1.jar;D:\java\java\manve_lib\repository\com\yammer\metrics\metrics-core\2.2.0\metrics-core-2.2.0.jar;D:\java\java\manve_lib\repository\net\sf\jopt-simple\jopt-simple\3.2\jopt-simple-3.2.jar;D:\java\java\manve_lib\repository\org\scala-lang\scala-library\2.10.1\scala-library-2.10.1.jar;D:\java\java\manve_lib\repository\com\101tec\zkclient\0.3\zkclient-0.3.jar;D:\java\java\manve_lib\repository\com\alibaba\fastjson\1.2.7\fastjson-1.2.7.jar;D:\java\java\manve_lib\repository\org\springframework\spring-test\4.3.6.RELEASE\spring-test-4.3.6.RELEASE.jar;D:\java\java\manve_lib\repository\org\springframework\spring-core\4.3.6.RELEASE\spring-core-4.3.6.RELEASE.jar;D:\java\java\manve_lib\repository\org\springframework\boot\spring-boot-starter-test\1.5.1.RELEASE\spring-boot-starter-test-1.5.1.RELEASE.jar;D:\java\java\manve_lib\repository\org\springframework\boot\spring-boot-test\1.5.1.RELEASE\spring-boot-test-1.5.1.RELEASE.jar;D:\java\java\manve_lib\repository\org\springframework\boot\spring-boot\1.5.1.RELEASE\spring-boot-1.5.1.RELEASE.jar;D:\java\java\manve_lib\repository\org\springframework\boot\spring-boot-test-autoconfigure\1.5.1.RELEASE\spring-boot-test-autoconfigure-1.5.1.RELEASE.jar;D:\java\java\manve_lib\repository\org\springframework\boot\spring-boot-autoconfigure\1.5.1.RELEASE\spring-boot-autoconfigure-1.5.1.RELEASE.jar;D:\java\java\manve_lib\repository\com\jayway\jsonpath\json-path\2.2.0\json-path-2.2.0.jar;D:\java\java\manve_lib\repository\net\minidev\json-smart\2.2.1\json-smart-2.2.1.jar;D:\java\java\manve_lib\repository\net\minidev\accessors-smart\1.1\accessors-smart-1.1.jar;D:\java\java\manve_lib\repository\org\ow2\asm\asm\5.0.3\asm-5.0.3.jar;D:\java\java\manve_lib\repository\org\assertj\assertj-core\2.6.0\assertj-core-2.6.0.jar;D:\java\java\manve_lib\repository\org\mockito\mockito-core\1.10.19\mockito-core-1.10.19.jar;D:\java\java\manve_lib\repository\org\objenesis\objenesis\2.1\objenesis-2.1.jar;D:\java\java\manve_lib\repository\org\hamcrest\hamcrest-library\1.3\hamcrest-library-1.3.jar;D:\java\java\manve_lib\repository\org\skyscreamer\jsonassert\1.4.0\jsonassert-1.4.0.jar;D:\java\java\manve_lib\repository\com\vaadin\external\google\android-json\0.0.20131108.vaadin1\android-json-0.0.20131108.vaadin1.jar;D:\java\java\manve_lib\repository\org\oreframework\boot\ore-boot-starter-office\1.0.9.RELEASE\ore-boot-starter-office-1.0.9.RELEASE.jar;D:\java\java\manve_lib\repository\org\springframework\data\spring-data-commons\1.13.0.RELEASE\spring-data-commons-1.13.0.RELEASE.jar;D:\java\java\manve_lib\repository\org\springframework\spring-beans\4.3.6.RELEASE\spring-beans-4.3.6.RELEASE.jar;D:\java\java\manve_lib\repository\org\slf4j\jcl-over-slf4j\1.7.22\jcl-over-slf4j-1.7.22.jar;D:\java\java\manve_lib\repository\org\oreframework\common\ore-common-office\2.0.8.RELEASE\ore-common-office-2.0.8.RELEASE.jar;D:\java\java\manve_lib\repository\org\apache\poi\poi\3.9\poi-3.9.jar;D:\java\java\manve_lib\repository\org\apache\poi\poi-ooxml\3.9\poi-ooxml-3.9.jar;D:\java\java\manve_lib\repository\dom4j\dom4j\1.6.1\dom4j-1.6.1.jar;D:\java\java\manve_lib\repository\xml-apis\xml-apis\1.4.01\xml-apis-1.4.01.jar;D:\java\java\manve_lib\repository\org\apache\poi\poi-ooxml-schemas\3.9\poi-ooxml-schemas-3.9.jar;D:\java\java\manve_lib\repository\org\apache\xmlbeans\xmlbeans\2.3.0\xmlbeans-2.3.0.jar;D:\java\java\manve_lib\repository\stax\stax-api\1.0.1\stax-api-1.0.1.jar;D:\java\java\manve_lib\repository\commons-beanutils\commons-beanutils\1.9.3\commons-beanutils-1.9.3.jar;D:\java\java\manve_lib\repository\commons-collections\commons-collections\3.2.2\commons-collections-3.2.2.jar;D:\java\java\manve_lib\repository\org\oreframework\common\ore-common-lang\2.0.8.RELEASE\ore-common-lang-2.0.8.RELEASE.jar;D:\java\java\manve_lib\repository\org\oreframework\common\ore-common-compress\2.0.8.RELEASE\ore-common-compress-2.0.8.RELEASE.jar;D:\java\java\manve_lib\repository\org\apache\commons\commons-compress\1.12\commons-compress-1.12.jar;D:\java\java\manve_lib\repository\commons-io\commons-io\2.4\commons-io-2.4.jar;D:\java\java\manve_lib\repository\com\zbj\zop\rop-client\1.0.4\rop-client-1.0.4.jar;D:\java\java\manve_lib\repository\org\codehaus\jackson\jackson-xc\1.9.5\jackson-xc-1.9.5.jar;D:\java\java\manve_lib\repository\org\codehaus\jackson\jackson-core-asl\1.9.5\jackson-core-asl-1.9.5.jar;D:\java\java\manve_lib\repository\org\codehaus\jackson\jackson-mapper-asl\1.9.13\jackson-mapper-asl-1.9.13.jar;D:\java\java\manve_lib\repository\commons-codec\commons-codec\1.10\commons-codec-1.10.jar;D:\java\java\manve_lib\repository\org\springframework\boot\spring-boot-starter-freemarker\1.5.1.RELEASE\spring-boot-starter-freemarker-1.5.1.RELEASE.jar;D:\java\java\manve_lib\repository\org\springframework\boot\spring-boot-starter\1.5.1.RELEASE\spring-boot-starter-1.5.1.RELEASE.jar;D:\java\java\manve_lib\repository\org\springframework\boot\spring-boot-starter-logging\1.5.1.RELEASE\spring-boot-starter-logging-1.5.1.RELEASE.jar;D:\java\java\manve_lib\repository\org\slf4j\jul-to-slf4j\1.7.22\jul-to-slf4j-1.7.22.jar;D:\java\java\manve_lib\repository\org\slf4j\log4j-over-slf4j\1.7.22\log4j-over-slf4j-1.7.22.jar;D:\java\java\manve_lib\repository\org\yaml\snakeyaml\1.17\snakeyaml-1.17.jar;D:\java\java\manve_lib\repository\org\springframework\boot\spring-boot-starter-web\1.5.1.RELEASE\spring-boot-starter-web-1.5.1.RELEASE.jar;D:\java\java\manve_lib\repository\org\springframework\boot\spring-boot-starter-tomcat\1.5.1.RELEASE\spring-boot-starter-tomcat-1.5.1.RELEASE.jar;D:\java\java\manve_lib\repository\org\apache\tomcat\embed\tomcat-embed-core\8.5.11\tomcat-embed-core-8.5.11.jar;D:\java\java\manve_lib\repository\org\apache\tomcat\embed\tomcat-embed-el\8.5.11\tomcat-embed-el-8.5.11.jar;D:\java\java\manve_lib\repository\org\apache\tomcat\embed\tomcat-embed-websocket\8.5.11\tomcat-embed-websocket-8.5.11.jar;D:\java\java\manve_lib\repository\org\hibernate\hibernate-validator\5.3.4.Final\hibernate-validator-5.3.4.Final.jar;D:\java\java\manve_lib\repository\javax\validation\validation-api\1.1.0.Final\validation-api-1.1.0.Final.jar;D:\java\java\manve_lib\repository\org\jboss\logging\jboss-logging\3.3.0.Final\jboss-logging-3.3.0.Final.jar;D:\java\java\manve_lib\repository\com\fasterxml\classmate\1.3.3\classmate-1.3.3.jar;D:\java\java\manve_lib\repository\com\fasterxml\jackson\core\jackson-databind\2.8.6\jackson-databind-2.8.6.jar;D:\java\java\manve_lib\repository\com\fasterxml\jackson\core\jackson-annotations\2.8.0\jackson-annotations-2.8.0.jar;D:\java\java\manve_lib\repository\com\fasterxml\jackson\core\jackson-core\2.8.6\jackson-core-2.8.6.jar;D:\java\java\manve_lib\repository\org\springframework\spring-web\4.3.6.RELEASE\spring-web-4.3.6.RELEASE.jar;D:\java\java\manve_lib\repository\org\springframework\spring-aop\4.3.6.RELEASE\spring-aop-4.3.6.RELEASE.jar;D:\java\java\manve_lib\repository\org\springframework\spring-webmvc\4.3.6.RELEASE\spring-webmvc-4.3.6.RELEASE.jar;D:\java\java\manve_lib\repository\org\springframework\spring-expression\4.3.6.RELEASE\spring-expression-4.3.6.RELEASE.jar;D:\java\java\manve_lib\repository\org\springframework\spring-context-support\4.3.6.RELEASE\spring-context-support-4.3.6.RELEASE.jar;D:\java\java\manve_lib\repository\org\springframework\spring-context\4.3.6.RELEASE\spring-context-4.3.6.RELEASE.jar;D:\java\java\manve_lib\repository\org\freemarker\freemarker\2.3.26-incubating\freemarker-2.3.26-incubating.jar;D:\java\java\manve_lib\repository\com\glsx\biz\biz-base-service\2.2.0-SNAPSHOT\biz-base-service-2.2.0-SNAPSHOT.jar;D:\java\java\manve_lib\repository\com\glsx\biz\biz-base-common\2.2.0-SNAPSHOT\biz-base-common-2.2.0-SNAPSHOT.jar;D:\java\java\manve_lib\repository\com\glsx\biz\biz-common-core\2.2.0-SNAPSHOT\biz-common-core-2.2.0-SNAPSHOT.jar;D:\java\java\manve_lib\repository\org\hibernate\javax\persistence\hibernate-jpa-2.0-api\1.0.0.Final\hibernate-jpa-2.0-api-1.0.0.Final.jar;D:\java\java\manve_lib\repository\org\hibernate\hibernate-core\5.0.11.Final\hibernate-core-5.0.11.Final.jar;D:\java\java\manve_lib\repository\org\hibernate\javax\persistence\hibernate-jpa-2.1-api\1.0.0.Final\hibernate-jpa-2.1-api-1.0.0.Final.jar;D:\java\java\manve_lib\repository\antlr\antlr\2.7.7\antlr-2.7.7.jar;D:\java\java\manve_lib\repository\org\apache\geronimo\specs\geronimo-jta_1.1_spec\1.1.1\geronimo-jta_1.1_spec-1.1.1.jar;D:\java\java\manve_lib\repository\org\jboss\jandex\2.0.0.Final\jandex-2.0.0.Final.jar;D:\java\java\manve_lib\repository\org\hibernate\common\hibernate-commons-annotations\5.0.1.Final\hibernate-commons-annotations-5.0.1.Final.jar;D:\java\java\manve_lib\repository\com\glsx\cloudframework\cloudframework-core\2.1.1-SNAPSHOT\cloudframework-core-2.1.1-SNAPSHOT.jar;D:\java\java\manve_lib\repository\com\glsx\cloudframework\cloudframework-module\2.1.1-SNAPSHOT\cloudframework-module-2.1.1-SNAPSHOT.jar;D:\java\java\manve_lib\repository\javax\inject\javax.inject\1\javax.inject-1.jar;D:\java\java\manve_lib\repository\commons-pool\commons-pool\1.6\commons-pool-1.6.jar;D:\java\java\manve_lib\repository\org\apache\httpcomponents\httpclient\4.3.6\httpclient-4.3.6.jar;D:\java\java\manve_lib\repository\org\apache\httpcomponents\httpcore\4.4.6\httpcore-4.4.6.jar;D:\java\java\manve_lib\repository\net\jcip\jcip-annotations\1.0\jcip-annotations-1.0.jar;D:\java\java\manve_lib\repository\org\aspectj\aspectjrt\1.8.9\aspectjrt-1.8.9.jar;D:\java\java\manve_lib\repository\org\aspectj\aspectjweaver\1.8.9\aspectjweaver-1.8.9.jar;D:\java\java\manve_lib\repository\com\glsx\cloudframework\cloudframework-exception\2.1.1-SNAPSHOT\cloudframework-exception-2.1.1-SNAPSHOT.jar;D:\java\java\manve_lib\repository\com\glsx\biz\oms-fcservice-api\1.0.0-SNAPSHOT\oms-fcservice-api-1.0.0-SNAPSHOT.jar;
2018-08-08 17:04:50.017 [oms-fcadmin] [main] INFO  org.apache.zookeeper.ZooKeeper - Client environment:java.library.path=D:\Program Files\Java\jdk1.8.0_91\jre\bin;C:\Windows\Sun\Java\bin;C:\Windows\system32;C:\Windows;C:\ProgramData\Oracle\Java\javapath;C:\Windows\system32;C:\Windows;C:\Windows\System32\Wbem;C:\Windows\System32\WindowsPowerShell\v1.0\;D:\Program Files (x86)\Yarn\bin\;C:\Program Files\dotnet\;D:\Program Files\nvm;d:\Program Files\nodejs;D:\Program Files\TortoiseSVN\bin;D:\Program Files\nodejs\;D:\Program Files\cmder;D:\Application\node\node_global;d:\Program Files\Git\cmd;D:\Program Files\Git\bin;D:\Program Files\Git\usr\bin;D:\Program Files\python\Scripts\;D:\Program Files\python\;C:\Users\Administrator\AppData\Local\Yarn\bin;D:\Program Files\nvm;d:\Program Files\nodejs;C:\Users\Administrator\AppData\Roaming\npm;.
2018-08-08 17:04:50.018 [oms-fcadmin] [main] INFO  org.apache.zookeeper.ZooKeeper - Client environment:java.io.tmpdir=C:\Users\ADMINI~1\AppData\Local\Temp\
2018-08-08 17:04:50.018 [oms-fcadmin] [main] INFO  org.apache.zookeeper.ZooKeeper - Client environment:java.compiler=&lt;NA&gt;
2018-08-08 17:04:50.018 [oms-fcadmin] [main] INFO  org.apache.zookeeper.ZooKeeper - Client environment:os.name=Windows 7
2018-08-08 17:04:50.018 [oms-fcadmin] [main] INFO  org.apache.zookeeper.ZooKeeper - Client environment:os.arch=amd64
2018-08-08 17:04:50.018 [oms-fcadmin] [main] INFO  org.apache.zookeeper.ZooKeeper - Client environment:os.version=6.1
2018-08-08 17:04:50.018 [oms-fcadmin] [main] INFO  org.apache.zookeeper.ZooKeeper - Client environment:user.name=Administrator
2018-08-08 17:04:50.018 [oms-fcadmin] [main] INFO  org.apache.zookeeper.ZooKeeper - Client environment:user.home=C:\Users\Administrator
2018-08-08 17:04:50.018 [oms-fcadmin] [main] INFO  org.apache.zookeeper.ZooKeeper - Client environment:user.dir=F:\eclipseWork\glsx-oms\oms-fcadmin
2018-08-08 17:04:50.020 [oms-fcadmin] [main] INFO  org.apache.zookeeper.ZooKeeper - Initiating client connection, connectString=192.168.3.206:2181 sessionTimeout=30000 watcher=org.I0Itec.zkclient.ZkClient@44598ef7
2018-08-08 17:04:50.074 [oms-fcadmin] [main-SendThread(192.168.3.206:2181)] INFO  org.apache.zookeeper.ClientCnxn - Opening socket connection to server 192.168.3.206/192.168.3.206:2181. Will not attempt to authenticate using SASL (unknown error)
2018-08-08 17:04:50.077 [oms-fcadmin] [main-SendThread(192.168.3.206:2181)] INFO  org.apache.zookeeper.ClientCnxn - Socket connection established to 192.168.3.206/192.168.3.206:2181, initiating session
2018-08-08 17:04:50.086 [oms-fcadmin] [main-SendThread(192.168.3.206:2181)] INFO  org.apache.zookeeper.ClientCnxn - Session establishment complete on server 192.168.3.206/192.168.3.206:2181, sessionid = 0x163665d27a34622, negotiated timeout = 30000
2018-08-08 17:04:50.691 [oms-fcadmin] [main] INFO  o.s.c.s.PostProcessorRegistrationDelegate$BeanPostProcessorChecker - Bean &apos;flowCardController&apos; of type [class com.glsx.oms.fcadmin.biz.card.flowcard.controller.FlowCardController] is not eligible for getting processed by all BeanPostProcessors (for example: not eligible for auto-proxying)
2018-08-08 17:04:50.739 [oms-fcadmin] [main] INFO  o.s.c.s.PostProcessorRegistrationDelegate$BeanPostProcessorChecker - Bean &apos;flowPoolMapper&apos; of type [class org.mybatis.spring.mapper.MapperFactoryBean] is not eligible for getting processed by all BeanPostProcessors (for example: not eligible for auto-proxying)
2018-08-08 17:04:50.744 [oms-fcadmin] [main] INFO  o.s.c.s.PostProcessorRegistrationDelegate$BeanPostProcessorChecker - Bean &apos;flowPoolMapper&apos; of type [class com.sun.proxy.$Proxy95] is not eligible for getting processed by all BeanPostProcessors (for example: not eligible for auto-proxying)
2018-08-08 17:04:50.775 [oms-fcadmin] [main] INFO  o.s.c.s.PostProcessorRegistrationDelegate$BeanPostProcessorChecker - Bean &apos;flowPoolMonthDetailMapper&apos; of type [class org.mybatis.spring.mapper.MapperFactoryBean] is not eligible for getting processed by all BeanPostProcessors (for example: not eligible for auto-proxying)
2018-08-08 17:04:50.779 [oms-fcadmin] [main] INFO  o.s.c.s.PostProcessorRegistrationDelegate$BeanPostProcessorChecker - Bean &apos;flowPoolMonthDetailMapper&apos; of type [class com.sun.proxy.$Proxy96] is not eligible for getting processed by all BeanPostProcessors (for example: not eligible for auto-proxying)
2018-08-08 17:04:50.793 [oms-fcadmin] [main] INFO  o.s.c.s.PostProcessorRegistrationDelegate$BeanPostProcessorChecker - Bean &apos;flowPoolService&apos; of type [class com.glsx.oms.fcadmin.biz.card.flowpool.service.FlowPoolService] is not eligible for getting processed by all BeanPostProcessors (for example: not eligible for auto-proxying)
2018-08-08 17:04:50.819 [oms-fcadmin] [main] INFO  o.s.c.s.PostProcessorRegistrationDelegate$BeanPostProcessorChecker - Bean &apos;flowPoolController&apos; of type [class com.glsx.oms.fcadmin.biz.card.flowpool.controller.FlowPoolController] is not eligible for getting processed by all BeanPostProcessors (for example: not eligible for auto-proxying)
2018-08-08 17:04:50.856 [oms-fcadmin] [main] INFO  o.s.c.s.PostProcessorRegistrationDelegate$BeanPostProcessorChecker - Bean &apos;lifeCycleMapper&apos; of type [class org.mybatis.spring.mapper.MapperFactoryBean] is not eligible for getting processed by all BeanPostProcessors (for example: not eligible for auto-proxying)
2018-08-08 17:04:50.859 [oms-fcadmin] [main] INFO  o.s.c.s.PostProcessorRegistrationDelegate$BeanPostProcessorChecker - Bean &apos;lifeCycleMapper&apos; of type [class com.sun.proxy.$Proxy97] is not eligible for getting processed by all BeanPostProcessors (for example: not eligible for auto-proxying)
2018-08-08 17:04:50.861 [oms-fcadmin] [main] INFO  o.s.c.s.PostProcessorRegistrationDelegate$BeanPostProcessorChecker - Bean &apos;lifeCycleService&apos; of type [class com.glsx.oms.fcadmin.biz.card.lifecycle.service.LifeCycleService] is not eligible for getting processed by all BeanPostProcessors (for example: not eligible for auto-proxying)
2018-08-08 17:04:50.907 [oms-fcadmin] [main] INFO  o.s.c.s.PostProcessorRegistrationDelegate$BeanPostProcessorChecker - Bean &apos;spMapper&apos; of type [class org.mybatis.spring.mapper.MapperFactoryBean] is not eligible for getting processed by all BeanPostProcessors (for example: not eligible for auto-proxying)
2018-08-08 17:04:50.911 [oms-fcadmin] [main] INFO  o.s.c.s.PostProcessorRegistrationDelegate$BeanPostProcessorChecker - Bean &apos;spMapper&apos; of type [class com.sun.proxy.$Proxy98] is not eligible for getting processed by all BeanPostProcessors (for example: not eligible for auto-proxying)
2018-08-08 17:04:50.915 [oms-fcadmin] [main] INFO  o.s.c.s.PostProcessorRegistrationDelegate$BeanPostProcessorChecker - Bean &apos;spService&apos; of type [class com.glsx.oms.fcadmin.biz.sp.sp.service.SpService] is not eligible for getting processed by all BeanPostProcessors (for example: not eligible for auto-proxying)
2018-08-08 17:04:50.947 [oms-fcadmin] [main] INFO  o.s.c.s.PostProcessorRegistrationDelegate$BeanPostProcessorChecker - Bean &apos;outOrderMapper&apos; of type [class org.mybatis.spring.mapper.MapperFactoryBean] is not eligible for getting processed by all BeanPostProcessors (for example: not eligible for auto-proxying)
2018-08-08 17:04:50.951 [oms-fcadmin] [main] INFO  o.s.c.s.PostProcessorRegistrationDelegate$BeanPostProcessorChecker - Bean &apos;outOrderMapper&apos; of type [class com.sun.proxy.$Proxy99] is not eligible for getting processed by all BeanPostProcessors (for example: not eligible for auto-proxying)
2018-08-08 17:04:50.953 [oms-fcadmin] [main] INFO  o.s.c.s.PostProcessorRegistrationDelegate$BeanPostProcessorChecker - Bean &apos;outOrderService&apos; of type [class com.glsx.oms.fcadmin.biz.order.outorder.service.OutOrderService] is not eligible for getting processed by all BeanPostProcessors (for example: not eligible for auto-proxying)
2018-08-08 17:04:50.970 [oms-fcadmin] [main] INFO  o.s.c.s.PostProcessorRegistrationDelegate$BeanPostProcessorChecker - Bean &apos;lifeCycleController&apos; of type [class com.glsx.oms.fcadmin.biz.card.lifecycle.controller.LifeCycleController] is not eligible for getting processed by all BeanPostProcessors (for example: not eligible for auto-proxying)
2018-08-08 17:04:50.999 [oms-fcadmin] [main] INFO  o.s.c.s.PostProcessorRegistrationDelegate$BeanPostProcessorChecker - Bean &apos;openCardMapper&apos; of type [class org.mybatis.spring.mapper.MapperFactoryBean] is not eligible for getting processed by all BeanPostProcessors (for example: not eligible for auto-proxying)
2018-08-08 17:04:51.035 [oms-fcadmin] [main] INFO  o.s.c.s.PostProcessorRegistrationDelegate$BeanPostProcessorChecker - Bean &apos;openCardMapper&apos; of type [class com.sun.proxy.$Proxy100] is not eligible for getting processed by all BeanPostProcessors (for example: not eligible for auto-proxying)
2018-08-08 17:04:51.051 [oms-fcadmin] [main] INFO  o.s.c.s.PostProcessorRegistrationDelegate$BeanPostProcessorChecker - Bean &apos;openCardService&apos; of type [class com.glsx.oms.fcadmin.biz.card.opencard.service.OpenCardService] is not eligible for getting processed by all BeanPostProcessors (for example: not eligible for auto-proxying)
2018-08-08 17:04:51.061 [oms-fcadmin] [main] INFO  o.s.c.s.PostProcessorRegistrationDelegate$BeanPostProcessorChecker - Bean &apos;openCardController&apos; of type [class com.glsx.oms.fcadmin.biz.card.opencard.controller.OpenCardController] is not eligible for getting processed by all BeanPostProcessors (for example: not eligible for auto-proxying)
2018-08-08 17:04:51.116 [oms-fcadmin] [main] INFO  o.s.c.s.PostProcessorRegistrationDelegate$BeanPostProcessorChecker - Bean &apos;orderInfoMapper&apos; of type [class org.mybatis.spring.mapper.MapperFactoryBean] is not eligible for getting processed by all BeanPostProcessors (for example: not eligible for auto-proxying)
2018-08-08 17:04:51.127 [oms-fcadmin] [main] INFO  o.s.c.s.PostProcessorRegistrationDelegate$BeanPostProcessorChecker - Bean &apos;orderInfoMapper&apos; of type [class com.sun.proxy.$Proxy101] is not eligible for getting processed by all BeanPostProcessors (for example: not eligible for auto-proxying)
2018-08-08 17:04:51.128 [oms-fcadmin] [main] INFO  o.s.c.s.PostProcessorRegistrationDelegate$BeanPostProcessorChecker - Bean &apos;orderInfoService&apos; of type [class com.glsx.oms.fcadmin.biz.card.orderinfo.service.OrderInfoService] is not eligible for getting processed by all BeanPostProcessors (for example: not eligible for auto-proxying)
2018-08-08 17:04:51.151 [oms-fcadmin] [main] INFO  o.s.c.s.PostProcessorRegistrationDelegate$BeanPostProcessorChecker - Bean &apos;orderInfoController&apos; of type [class com.glsx.oms.fcadmin.biz.card.orderinfo.controller.OrderInfoController] is not eligible for getting processed by all BeanPostProcessors (for example: not eligible for auto-proxying)
2018-08-08 17:04:51.190 [oms-fcadmin] [main] INFO  o.s.c.s.PostProcessorRegistrationDelegate$BeanPostProcessorChecker - Bean &apos;postageMapper&apos; of type [class org.mybatis.spring.mapper.MapperFactoryBean] is not eligible for getting processed by all BeanPostProcessors (for example: not eligible for auto-proxying)
2018-08-08 17:04:51.193 [oms-fcadmin] [main] INFO  o.s.c.s.PostProcessorRegistrationDelegate$BeanPostProcessorChecker - Bean &apos;postageMapper&apos; of type [class com.sun.proxy.$Proxy102] is not eligible for getting processed by all BeanPostProcessors (for example: not eligible for auto-proxying)
2018-08-08 17:04:51.194 [oms-fcadmin] [main] INFO  o.s.c.s.PostProcessorRegistrationDelegate$BeanPostProcessorChecker - Bean &apos;postageService&apos; of type [class com.glsx.oms.fcadmin.biz.card.postage.service.PostageService] is not eligible for getting processed by all BeanPostProcessors (for example: not eligible for auto-proxying)
2018-08-08 17:04:51.196 [oms-fcadmin] [main] INFO  o.s.c.s.PostProcessorRegistrationDelegate$BeanPostProcessorChecker - Bean &apos;postageController&apos; of type [class com.glsx.oms.fcadmin.biz.card.postage.controller.PostageController] is not eligible for getting processed by all BeanPostProcessors (for example: not eligible for auto-proxying)
2018-08-08 17:04:51.265 [oms-fcadmin] [main] INFO  o.s.c.s.PostProcessorRegistrationDelegate$BeanPostProcessorChecker - Bean &apos;postagenetworkMapper&apos; of type [class org.mybatis.spring.mapper.MapperFactoryBean] is not eligible for getting processed by all BeanPostProcessors (for example: not eligible for auto-proxying)
2018-08-08 17:04:51.272 [oms-fcadmin] [main] INFO  o.s.c.s.PostProcessorRegistrationDelegate$BeanPostProcessorChecker - Bean &apos;postagenetworkMapper&apos; of type [class com.sun.proxy.$Proxy103] is not eligible for getting processed by all BeanPostProcessors (for example: not eligible for auto-proxying)
2018-08-08 17:04:51.275 [oms-fcadmin] [main] INFO  o.s.c.s.PostProcessorRegistrationDelegate$BeanPostProcessorChecker - Bean &apos;postagenetworkService&apos; of type [class com.glsx.oms.fcadmin.biz.card.postagenetwork.service.PostagenetworkService] is not eligible for getting processed by all BeanPostProcessors (for example: not eligible for auto-proxying)
2018-08-08 17:04:51.289 [oms-fcadmin] [main] INFO  o.s.c.s.PostProcessorRegistrationDelegate$BeanPostProcessorChecker - Bean &apos;postagenetworkController&apos; of type [class com.glsx.oms.fcadmin.biz.card.postagenetwork.controller.PostagenetworkController] is not eligible for getting processed by all BeanPostProcessors (for example: not eligible for auto-proxying)
2018-08-08 17:04:51.325 [oms-fcadmin] [main] INFO  o.s.c.s.PostProcessorRegistrationDelegate$BeanPostProcessorChecker - Bean &apos;taskMapper&apos; of type [class org.mybatis.spring.mapper.MapperFactoryBean] is not eligible for getting processed by all BeanPostProcessors (for example: not eligible for auto-proxying)
2018-08-08 17:04:51.337 [oms-fcadmin] [main] INFO  o.s.c.s.PostProcessorRegistrationDelegate$BeanPostProcessorChecker - Bean &apos;taskMapper&apos; of type [class com.sun.proxy.$Proxy104] is not eligible for getting processed by all BeanPostProcessors (for example: not eligible for auto-proxying)
2018-08-08 17:04:51.339 [oms-fcadmin] [main] INFO  o.s.c.s.PostProcessorRegistrationDelegate$BeanPostProcessorChecker - Bean &apos;taskService&apos; of type [class com.glsx.oms.fcadmin.biz.download.task.service.TaskService] is not eligible for getting processed by all BeanPostProcessors (for example: not eligible for auto-proxying)
2018-08-08 17:04:51.362 [oms-fcadmin] [main] INFO  o.s.c.s.PostProcessorRegistrationDelegate$BeanPostProcessorChecker - Bean &apos;taskController&apos; of type [class com.glsx.oms.fcadmin.biz.download.task.controller.TaskController] is not eligible for getting processed by all BeanPostProcessors (for example: not eligible for auto-proxying)
2018-08-08 17:04:51.384 [oms-fcadmin] [main] INFO  o.s.c.s.PostProcessorRegistrationDelegate$BeanPostProcessorChecker - Bean &apos;staticProperty&apos; of type [class com.glsx.oms.fcadmin.framework.config.StaticProperty$$EnhancerBySpringCGLIB$$c9f78da9] is not eligible for getting processed by all BeanPostProcessors (for example: not eligible for auto-proxying)
2018-08-08 17:04:51.385 [oms-fcadmin] [main] INFO  o.s.c.s.PostProcessorRegistrationDelegate$BeanPostProcessorChecker - Bean &apos;indexController&apos; of type [class com.glsx.oms.fcadmin.biz.IndexController] is not eligible for getting processed by all BeanPostProcessors (for example: not eligible for auto-proxying)
2018-08-08 17:04:51.458 [oms-fcadmin] [main] INFO  o.s.c.s.PostProcessorRegistrationDelegate$BeanPostProcessorChecker - Bean &apos;cardManageMapper&apos; of type [class org.mybatis.spring.mapper.MapperFactoryBean] is not eligible for getting processed by all BeanPostProcessors (for example: not eligible for auto-proxying)
2018-08-08 17:04:51.460 [oms-fcadmin] [main] INFO  o.s.c.s.PostProcessorRegistrationDelegate$BeanPostProcessorChecker - Bean &apos;cardManageMapper&apos; of type [class com.sun.proxy.$Proxy105] is not eligible for getting processed by all BeanPostProcessors (for example: not eligible for auto-proxying)
2018-08-08 17:04:51.461 [oms-fcadmin] [main] INFO  o.s.c.s.PostProcessorRegistrationDelegate$BeanPostProcessorChecker - Bean &apos;cardManageService&apos; of type [class com.glsx.oms.fcadmin.biz.mobilecard.cardmanage.service.CardManageService] is not eligible for getting processed by all BeanPostProcessors (for example: not eligible for auto-proxying)
2018-08-08 17:04:51.490 [oms-fcadmin] [main] INFO  o.s.c.s.PostProcessorRegistrationDelegate$BeanPostProcessorChecker - Bean &apos;cardManageController&apos; of type [class com.glsx.oms.fcadmin.biz.mobilecard.cardmanage.controller.CardManageController] is not eligible for getting processed by all BeanPostProcessors (for example: not eligible for auto-proxying)
2018-08-08 17:04:51.538 [oms-fcadmin] [main] INFO  o.s.c.s.PostProcessorRegistrationDelegate$BeanPostProcessorChecker - Bean &apos;mobileOpenCardMapper&apos; of type [class org.mybatis.spring.mapper.MapperFactoryBean] is not eligible for getting processed by all BeanPostProcessors (for example: not eligible for auto-proxying)
2018-08-08 17:04:51.541 [oms-fcadmin] [main] INFO  o.s.c.s.PostProcessorRegistrationDelegate$BeanPostProcessorChecker - Bean &apos;mobileOpenCardMapper&apos; of type [class com.sun.proxy.$Proxy106] is not eligible for getting processed by all BeanPostProcessors (for example: not eligible for auto-proxying)
2018-08-08 17:04:51.544 [oms-fcadmin] [main] INFO  o.s.c.s.PostProcessorRegistrationDelegate$BeanPostProcessorChecker - Bean &apos;mobileOpenCardService&apos; of type [class com.glsx.oms.fcadmin.biz.mobilecard.opencard.service.MobileOpenCardService] is not eligible for getting processed by all BeanPostProcessors (for example: not eligible for auto-proxying)
2018-08-08 17:04:51.550 [oms-fcadmin] [main] INFO  o.s.c.s.PostProcessorRegistrationDelegate$BeanPostProcessorChecker - Bean &apos;mobileOpenCardController&apos; of type [class com.glsx.oms.fcadmin.biz.mobilecard.opencard.controller.MobileOpenCardController] is not eligible for getting processed by all BeanPostProcessors (for example: not eligible for auto-proxying)
2018-08-08 17:04:51.591 [oms-fcadmin] [main] INFO  o.s.c.s.PostProcessorRegistrationDelegate$BeanPostProcessorChecker - Bean &apos;stockCardMapper&apos; of type [class org.mybatis.spring.mapper.MapperFactoryBean] is not eligible for getting processed by all BeanPostProcessors (for example: not eligible for auto-proxying)
2018-08-08 17:04:51.594 [oms-fcadmin] [main] INFO  o.s.c.s.PostProcessorRegistrationDelegate$BeanPostProcessorChecker - Bean &apos;stockCardMapper&apos; of type [class com.sun.proxy.$Proxy107] is not eligible for getting processed by all BeanPostProcessors (for example: not eligible for auto-proxying)
2018-08-08 17:04:51.596 [oms-fcadmin] [main] INFO  o.s.c.s.PostProcessorRegistrationDelegate$BeanPostProcessorChecker - Bean &apos;stockCardService&apos; of type [class com.glsx.oms.fcadmin.biz.mobilecard.stockcard.service.StockCardService] is not eligible for getting processed by all BeanPostProcessors (for example: not eligible for auto-proxying)
2018-08-08 17:04:51.609 [oms-fcadmin] [main] INFO  o.s.c.s.PostProcessorRegistrationDelegate$BeanPostProcessorChecker - Bean &apos;stockCardController&apos; of type [class com.glsx.oms.fcadmin.biz.mobilecard.stockcard.controller.StockCardController] is not eligible for getting processed by all BeanPostProcessors (for example: not eligible for auto-proxying)
2018-08-08 17:04:51.643 [oms-fcadmin] [main] INFO  o.s.c.s.PostProcessorRegistrationDelegate$BeanPostProcessorChecker - Bean &apos;networkAccessMapper&apos; of type [class org.mybatis.spring.mapper.MapperFactoryBean] is not eligible for getting processed by all BeanPostProcessors (for example: not eligible for auto-proxying)
2018-08-08 17:04:51.651 [oms-fcadmin] [main] INFO  o.s.c.s.PostProcessorRegistrationDelegate$BeanPostProcessorChecker - Bean &apos;networkAccessMapper&apos; of type [class com.sun.proxy.$Proxy108] is not eligible for getting processed by all BeanPostProcessors (for example: not eligible for auto-proxying)
2018-08-08 17:04:51.653 [oms-fcadmin] [main] INFO  o.s.c.s.PostProcessorRegistrationDelegate$BeanPostProcessorChecker - Bean &apos;networkAccessService&apos; of type [class com.glsx.oms.fcadmin.biz.op.networkaccess.service.NetworkAccessService] is not eligible for getting processed by all BeanPostProcessors (for example: not eligible for auto-proxying)
2018-08-08 17:04:51.655 [oms-fcadmin] [main] INFO  o.s.c.s.PostProcessorRegistrationDelegate$BeanPostProcessorChecker - Bean &apos;networkAccessController&apos; of type [class com.glsx.oms.fcadmin.biz.op.networkaccess.controller.NetworkAccessController] is not eligible for getting processed by all BeanPostProcessors (for example: not eligible for auto-proxying)
2018-08-08 17:04:51.661 [oms-fcadmin] [main] INFO  o.s.c.s.PostProcessorRegistrationDelegate$BeanPostProcessorChecker - Bean &apos;opController&apos; of type [class com.glsx.oms.fcadmin.biz.op.op.controller.OpController] is not eligible for getting processed by all BeanPostProcessors (for example: not eligible for auto-proxying)
2018-08-08 17:04:51.705 [oms-fcadmin] [main] INFO  o.s.c.s.PostProcessorRegistrationDelegate$BeanPostProcessorChecker - Bean &apos;postagePlanMapper&apos; of type [class org.mybatis.spring.mapper.MapperFactoryBean] is not eligible for getting processed by all BeanPostProcessors (for example: not eligible for auto-proxying)
2018-08-08 17:04:51.710 [oms-fcadmin] [main] INFO  o.s.c.s.PostProcessorRegistrationDelegate$BeanPostProcessorChecker - Bean &apos;postagePlanMapper&apos; of type [class com.sun.proxy.$Proxy109] is not eligible for getting processed by all BeanPostProcessors (for example: not eligible for auto-proxying)
2018-08-08 17:04:51.712 [oms-fcadmin] [main] INFO  o.s.c.s.PostProcessorRegistrationDelegate$BeanPostProcessorChecker - Bean &apos;postagePlanService&apos; of type [class com.glsx.oms.fcadmin.biz.op.postageplan.service.PostagePlanService] is not eligible for getting processed by all BeanPostProcessors (for example: not eligible for auto-proxying)
2018-08-08 17:04:51.714 [oms-fcadmin] [main] INFO  o.s.c.s.PostProcessorRegistrationDelegate$BeanPostProcessorChecker - Bean &apos;postagePlanController&apos; of type [class com.glsx.oms.fcadmin.biz.op.postageplan.controller.PostagePlanController] is not eligible for getting processed by all BeanPostProcessors (for example: not eligible for auto-proxying)
2018-08-08 17:04:51.728 [oms-fcadmin] [main] INFO  o.s.c.s.PostProcessorRegistrationDelegate$BeanPostProcessorChecker - Bean &apos;outOrderController&apos; of type [class com.glsx.oms.fcadmin.biz.order.outorder.controller.OutOrderController] is not eligible for getting processed by all BeanPostProcessors (for example: not eligible for auto-proxying)
2018-08-08 17:04:51.764 [oms-fcadmin] [main] INFO  o.s.c.s.PostProcessorRegistrationDelegate$BeanPostProcessorChecker - Bean &apos;flowPackageController&apos; of type [class com.glsx.oms.fcadmin.biz.pkg.flowpackage.controller.FlowPackageController] is not eligible for getting processed by all BeanPostProcessors (for example: not eligible for auto-proxying)
2018-08-08 17:04:51.902 [oms-fcadmin] [main] INFO  o.s.c.s.PostProcessorRegistrationDelegate$BeanPostProcessorChecker - Bean &apos;renewPackageMapper&apos; of type [class org.mybatis.spring.mapper.MapperFactoryBean] is not eligible for getting processed by all BeanPostProcessors (for example: not eligible for auto-proxying)
2018-08-08 17:04:51.919 [oms-fcadmin] [main] INFO  o.s.c.s.PostProcessorRegistrationDelegate$BeanPostProcessorChecker - Bean &apos;renewPackageMapper&apos; of type [class com.sun.proxy.$Proxy110] is not eligible for getting processed by all BeanPostProcessors (for example: not eligible for auto-proxying)
2018-08-08 17:04:51.923 [oms-fcadmin] [main] INFO  o.s.c.s.PostProcessorRegistrationDelegate$BeanPostProcessorChecker - Bean &apos;renewPackageService&apos; of type [class com.glsx.oms.fcadmin.biz.pkg.renewpackage.service.RenewPackageService] is not eligible for getting processed by all BeanPostProcessors (for example: not eligible for auto-proxying)
2018-08-08 17:04:51.940 [oms-fcadmin] [main] INFO  o.s.c.s.PostProcessorRegistrationDelegate$BeanPostProcessorChecker - Bean &apos;renewPackageController&apos; of type [class com.glsx.oms.fcadmin.biz.pkg.renewpackage.controller.RenewPackageController] is not eligible for getting processed by all BeanPostProcessors (for example: not eligible for auto-proxying)
2018-08-08 17:04:51.984 [oms-fcadmin] [main] INFO  o.s.c.s.PostProcessorRegistrationDelegate$BeanPostProcessorChecker - Bean &apos;rechargeOrderMapper&apos; of type [class org.mybatis.spring.mapper.MapperFactoryBean] is not eligible for getting processed by all BeanPostProcessors (for example: not eligible for auto-proxying)
2018-08-08 17:04:51.989 [oms-fcadmin] [main] INFO  o.s.c.s.PostProcessorRegistrationDelegate$BeanPostProcessorChecker - Bean &apos;rechargeOrderMapper&apos; of type [class com.sun.proxy.$Proxy111] is not eligible for getting processed by all BeanPostProcessors (for example: not eligible for auto-proxying)
2018-08-08 17:04:51.991 [oms-fcadmin] [main] INFO  o.s.c.s.PostProcessorRegistrationDelegate$BeanPostProcessorChecker - Bean &apos;rechargeOrderService&apos; of type [class com.glsx.oms.fcadmin.biz.recharge.rechargeorder.service.RechargeOrderService] is not eligible for getting processed by all BeanPostProcessors (for example: not eligible for auto-proxying)
2018-08-08 17:04:52.006 [oms-fcadmin] [main] INFO  o.s.c.s.PostProcessorRegistrationDelegate$BeanPostProcessorChecker - Bean &apos;rechargeOrderController&apos; of type [class com.glsx.oms.fcadmin.biz.recharge.rechargeorder.controller.RechargeOrderController] is not eligible for getting processed by all BeanPostProcessors (for example: not eligible for auto-proxying)
2018-08-08 17:04:52.056 [oms-fcadmin] [main] INFO  o.s.c.s.PostProcessorRegistrationDelegate$BeanPostProcessorChecker - Bean &apos;recycleMapper&apos; of type [class org.mybatis.spring.mapper.MapperFactoryBean] is not eligible for getting processed by all BeanPostProcessors (for example: not eligible for auto-proxying)
2018-08-08 17:04:52.059 [oms-fcadmin] [main] INFO  o.s.c.s.PostProcessorRegistrationDelegate$BeanPostProcessorChecker - Bean &apos;recycleMapper&apos; of type [class com.sun.proxy.$Proxy112] is not eligible for getting processed by all BeanPostProcessors (for example: not eligible for auto-proxying)
2018-08-08 17:04:52.061 [oms-fcadmin] [main] INFO  o.s.c.s.PostProcessorRegistrationDelegate$BeanPostProcessorChecker - Bean &apos;recycleService&apos; of type [class com.glsx.oms.fcadmin.biz.recovery.recycle.service.RecycleService] is not eligible for getting processed by all BeanPostProcessors (for example: not eligible for auto-proxying)
2018-08-08 17:04:52.061 [oms-fcadmin] [main] INFO  o.s.c.s.PostProcessorRegistrationDelegate$BeanPostProcessorChecker - Bean &apos;recycleController&apos; of type [class com.glsx.oms.fcadmin.biz.recovery.recycle.controller.RecycleController] is not eligible for getting processed by all BeanPostProcessors (for example: not eligible for auto-proxying)
2018-08-08 17:04:52.115 [oms-fcadmin] [main] INFO  o.s.c.s.PostProcessorRegistrationDelegate$BeanPostProcessorChecker - Bean &apos;recycleRecordMapper&apos; of type [class org.mybatis.spring.mapper.MapperFactoryBean] is not eligible for getting processed by all BeanPostProcessors (for example: not eligible for auto-proxying)
2018-08-08 17:04:52.119 [oms-fcadmin] [main] INFO  o.s.c.s.PostProcessorRegistrationDelegate$BeanPostProcessorChecker - Bean &apos;recycleRecordMapper&apos; of type [class com.sun.proxy.$Proxy113] is not eligible for getting processed by all BeanPostProcessors (for example: not eligible for auto-proxying)
2018-08-08 17:04:52.121 [oms-fcadmin] [main] INFO  o.s.c.s.PostProcessorRegistrationDelegate$BeanPostProcessorChecker - Bean &apos;recycleRecordService&apos; of type [class com.glsx.oms.fcadmin.biz.recovery.recycle.service.RecycleRecordService] is not eligible for getting processed by all BeanPostProcessors (for example: not eligible for auto-proxying)
2018-08-08 17:04:52.122 [oms-fcadmin] [main] INFO  o.s.c.s.PostProcessorRegistrationDelegate$BeanPostProcessorChecker - Bean &apos;recycleRecordController&apos; of type [class com.glsx.oms.fcadmin.biz.recovery.recycle.controller.RecycleRecordController] is not eligible for getting processed by all BeanPostProcessors (for example: not eligible for auto-proxying)
2018-08-08 17:04:52.151 [oms-fcadmin] [main] INFO  o.s.c.s.PostProcessorRegistrationDelegate$BeanPostProcessorChecker - Bean &apos;transferMapper&apos; of type [class org.mybatis.spring.mapper.MapperFactoryBean] is not eligible for getting processed by all BeanPostProcessors (for example: not eligible for auto-proxying)
2018-08-08 17:04:52.154 [oms-fcadmin] [main] INFO  o.s.c.s.PostProcessorRegistrationDelegate$BeanPostProcessorChecker - Bean &apos;transferMapper&apos; of type [class com.sun.proxy.$Proxy114] is not eligible for getting processed by all BeanPostProcessors (for example: not eligible for auto-proxying)
2018-08-08 17:04:52.155 [oms-fcadmin] [main] INFO  o.s.c.s.PostProcessorRegistrationDelegate$BeanPostProcessorChecker - Bean &apos;transferService&apos; of type [class com.glsx.oms.fcadmin.biz.recovery.transfer.service.TransferService] is not eligible for getting processed by all BeanPostProcessors (for example: not eligible for auto-proxying)
2018-08-08 17:04:52.156 [oms-fcadmin] [main] INFO  o.s.c.s.PostProcessorRegistrationDelegate$BeanPostProcessorChecker - Bean &apos;transferController&apos; of type [class com.glsx.oms.fcadmin.biz.recovery.transfer.controller.TransferController] is not eligible for getting processed by all BeanPostProcessors (for example: not eligible for auto-proxying)
2018-08-08 17:04:52.181 [oms-fcadmin] [main] INFO  o.s.c.s.PostProcessorRegistrationDelegate$BeanPostProcessorChecker - Bean &apos;transferRecordMapper&apos; of type [class org.mybatis.spring.mapper.MapperFactoryBean] is not eligible for getting processed by all BeanPostProcessors (for example: not eligible for auto-proxying)
2018-08-08 17:04:52.184 [oms-fcadmin] [main] INFO  o.s.c.s.PostProcessorRegistrationDelegate$BeanPostProcessorChecker - Bean &apos;transferRecordMapper&apos; of type [class com.sun.proxy.$Proxy115] is not eligible for getting processed by all BeanPostProcessors (for example: not eligible for auto-proxying)
2018-08-08 17:04:52.186 [oms-fcadmin] [main] INFO  o.s.c.s.PostProcessorRegistrationDelegate$BeanPostProcessorChecker - Bean &apos;transferRecordService&apos; of type [class com.glsx.oms.fcadmin.biz.recovery.transfer.service.TransferRecordService] is not eligible for getting processed by all BeanPostProcessors (for example: not eligible for auto-proxying)
2018-08-08 17:04:52.187 [oms-fcadmin] [main] INFO  o.s.c.s.PostProcessorRegistrationDelegate$BeanPostProcessorChecker - Bean &apos;transferRecordController&apos; of type [class com.glsx.oms.fcadmin.biz.recovery.transfer.controller.TransferRecordController] is not eligible for getting processed by all BeanPostProcessors (for example: not eligible for auto-proxying)
2018-08-08 17:04:52.209 [oms-fcadmin] [main] INFO  o.s.c.s.PostProcessorRegistrationDelegate$BeanPostProcessorChecker - Bean &apos;renewOrderMapper&apos; of type [class org.mybatis.spring.mapper.MapperFactoryBean] is not eligible for getting processed by all BeanPostProcessors (for example: not eligible for auto-proxying)
2018-08-08 17:04:52.212 [oms-fcadmin] [main] INFO  o.s.c.s.PostProcessorRegistrationDelegate$BeanPostProcessorChecker - Bean &apos;renewOrderMapper&apos; of type [class com.sun.proxy.$Proxy116] is not eligible for getting processed by all BeanPostProcessors (for example: not eligible for auto-proxying)
2018-08-08 17:04:52.224 [oms-fcadmin] [main] INFO  o.s.c.s.PostProcessorRegistrationDelegate$BeanPostProcessorChecker - Bean &apos;renewCountMapper&apos; of type [class org.mybatis.spring.mapper.MapperFactoryBean] is not eligible for getting processed by all BeanPostProcessors (for example: not eligible for auto-proxying)
2018-08-08 17:04:52.227 [oms-fcadmin] [main] INFO  o.s.c.s.PostProcessorRegistrationDelegate$BeanPostProcessorChecker - Bean &apos;renewCountMapper&apos; of type [class com.sun.proxy.$Proxy117] is not eligible for getting processed by all BeanPostProcessors (for example: not eligible for auto-proxying)
2018-08-08 17:04:52.229 [oms-fcadmin] [main] INFO  o.s.c.s.PostProcessorRegistrationDelegate$BeanPostProcessorChecker - Bean &apos;renewOrderService&apos; of type [class com.glsx.oms.fcadmin.biz.reneworder.service.RenewOrderService] is not eligible for getting processed by all BeanPostProcessors (for example: not eligible for auto-proxying)
2018-08-08 17:04:52.230 [oms-fcadmin] [main] INFO  o.s.c.s.PostProcessorRegistrationDelegate$BeanPostProcessorChecker - Bean &apos;renewOrderController&apos; of type [class com.glsx.oms.fcadmin.biz.reneworder.controller.RenewOrderController] is not eligible for getting processed by all BeanPostProcessors (for example: not eligible for auto-proxying)
2018-08-08 17:04:52.240 [oms-fcadmin] [main] INFO  o.s.c.s.PostProcessorRegistrationDelegate$BeanPostProcessorChecker - Bean &apos;flowPackageListService&apos; of type [class com.glsx.oms.fcadmin.biz.sp.flowpackagelist.service.FlowPackageListService] is not eligible for getting processed by all BeanPostProcessors (for example: not eligible for auto-proxying)
2018-08-08 17:04:52.241 [oms-fcadmin] [main] INFO  o.s.c.s.PostProcessorRegistrationDelegate$BeanPostProcessorChecker - Bean &apos;flowPackageListController&apos; of type [class com.glsx.oms.fcadmin.biz.sp.flowpackagelist.controller.FlowPackageListController] is not eligible for getting processed by all BeanPostProcessors (for example: not eligible for auto-proxying)
2018-08-08 17:04:52.273 [oms-fcadmin] [main] INFO  o.s.c.s.PostProcessorRegistrationDelegate$BeanPostProcessorChecker - Bean &apos;flowServiceService&apos; of type [class com.glsx.oms.fcadmin.biz.sp.flowservice.service.FlowServiceService] is not eligible for getting processed by all BeanPostProcessors (for example: not eligible for auto-proxying)
2018-08-08 17:04:52.274 [oms-fcadmin] [main] INFO  o.s.c.s.PostProcessorRegistrationDelegate$BeanPostProcessorChecker - Bean &apos;flowServiceController&apos; of type [class com.glsx.oms.fcadmin.biz.sp.flowservice.controller.FlowServiceController] is not eligible for getting processed by all BeanPostProcessors (for example: not eligible for auto-proxying)
2018-08-08 17:04:52.651 [oms-fcadmin] [main] INFO  o.s.c.s.PostProcessorRegistrationDelegate$BeanPostProcessorChecker - Bean &apos;spController&apos; of type [class com.glsx.oms.fcadmin.biz.sp.sp.controller.SpController] is not eligible for getting processed by all BeanPostProcessors (for example: not eligible for auto-proxying)
2018-08-08 17:04:52.660 [oms-fcadmin] [main] INFO  o.s.c.s.PostProcessorRegistrationDelegate$BeanPostProcessorChecker - Bean &apos;OMSBootStarter&apos; of type [class com.glsx.oms.fcadmin.OMSBootStarter$$EnhancerBySpringCGLIB$$f6c8592a] is not eligible for getting processed by all BeanPostProcessors (for example: not eligible for auto-proxying)
2018-08-08 17:04:52.678 [oms-fcadmin] [main] INFO  o.s.c.s.PostProcessorRegistrationDelegate$BeanPostProcessorChecker - Bean &apos;org.springframework.boot.autoconfigure.context.PropertyPlaceholderAutoConfiguration&apos; of type [class org.springframework.boot.autoconfigure.context.PropertyPlaceholderAutoConfiguration$$EnhancerBySpringCGLIB$$499ecb4a] is not eligible for getting processed by all BeanPostProcessors (for example: not eligible for auto-proxying)
2018-08-08 17:04:52.686 [oms-fcadmin] [main] INFO  o.s.c.s.PostProcessorRegistrationDelegate$BeanPostProcessorChecker - Bean &apos;org.springframework.boot.autoconfigure.websocket.WebSocketAutoConfiguration$JettyWebSocketConfiguration&apos; of type [class org.springframework.boot.autoconfigure.websocket.WebSocketAutoConfiguration$JettyWebSocketConfiguration$$EnhancerBySpringCGLIB$$7769a512] is not eligible for getting processed by all BeanPostProcessors (for example: not eligible for auto-proxying)
2018-08-08 17:04:52.698 [oms-fcadmin] [main] INFO  o.s.c.s.PostProcessorRegistrationDelegate$BeanPostProcessorChecker - Bean &apos;websocketContainerCustomizer&apos; of type [class org.springframework.boot.autoconfigure.websocket.JettyWebSocketContainerCustomizer] is not eligible for getting processed by all BeanPostProcessors (for example: not eligible for auto-proxying)
2018-08-08 17:04:52.706 [oms-fcadmin] [main] INFO  o.s.c.s.PostProcessorRegistrationDelegate$BeanPostProcessorChecker - Bean &apos;org.springframework.boot.autoconfigure.websocket.WebSocketAutoConfiguration$TomcatWebSocketConfiguration&apos; of type [class org.springframework.boot.autoconfigure.websocket.WebSocketAutoConfiguration$TomcatWebSocketConfiguration$$EnhancerBySpringCGLIB$$77bad93a] is not eligible for getting processed by all BeanPostProcessors (for example: not eligible for auto-proxying)
2018-08-08 17:04:52.713 [oms-fcadmin] [main] INFO  o.s.c.s.PostProcessorRegistrationDelegate$BeanPostProcessorChecker - Bean &apos;org.springframework.boot.autoconfigure.websocket.WebSocketAutoConfiguration&apos; of type [class org.springframework.boot.autoconfigure.websocket.WebSocketAutoConfiguration$$EnhancerBySpringCGLIB$$5b98ed69] is not eligible for getting processed by all BeanPostProcessors (for example: not eligible for auto-proxying)
2018-08-08 17:04:52.721 [oms-fcadmin] [main] INFO  o.s.c.s.PostProcessorRegistrationDelegate$BeanPostProcessorChecker - Bean &apos;org.springframework.boot.autoconfigure.web.EmbeddedServletContainerAutoConfiguration$EmbeddedJetty&apos; of type [class org.springframework.boot.autoconfigure.web.EmbeddedServletContainerAutoConfiguration$EmbeddedJetty$$EnhancerBySpringCGLIB$$7362a0c1] is not eligible for getting processed by all BeanPostProcessors (for example: not eligible for auto-proxying)
2018-08-08 17:04:52.771 [oms-fcadmin] [main] INFO  o.s.c.s.PostProcessorRegistrationDelegate$BeanPostProcessorChecker - Bean &apos;org.springframework.boot.autoconfigure.web.HttpEncodingAutoConfiguration&apos; of type [class org.springframework.boot.autoconfigure.web.HttpEncodingAutoConfiguration$$EnhancerBySpringCGLIB$$1fd4bfbc] is not eligible for getting processed by all BeanPostProcessors (for example: not eligible for auto-proxying)
2018-08-08 17:04:52.782 [oms-fcadmin] [main] INFO  o.s.c.s.PostProcessorRegistrationDelegate$BeanPostProcessorChecker - Bean &apos;localeCharsetMappingsCustomizer&apos; of type [class org.springframework.boot.autoconfigure.web.HttpEncodingAutoConfiguration$LocaleCharsetMappingsCustomizer] is not eligible for getting processed by all BeanPostProcessors (for example: not eligible for auto-proxying)
2018-08-08 17:04:52.789 [oms-fcadmin] [main] INFO  o.s.c.s.PostProcessorRegistrationDelegate$BeanPostProcessorChecker - Bean &apos;org.springframework.boot.autoconfigure.web.ServerPropertiesAutoConfiguration&apos; of type [class org.springframework.boot.autoconfigure.web.ServerPropertiesAutoConfiguration$$EnhancerBySpringCGLIB$$ff3dd4e1] is not eligible for getting processed by all BeanPostProcessors (for example: not eligible for auto-proxying)
2018-08-08 17:04:52.824 [oms-fcadmin] [main] INFO  o.s.c.s.PostProcessorRegistrationDelegate$BeanPostProcessorChecker - Bean &apos;serverProperties&apos; of type [class org.springframework.boot.autoconfigure.web.ServerProperties] is not eligible for getting processed by all BeanPostProcessors (for example: not eligible for auto-proxying)
2018-08-08 17:04:52.834 [oms-fcadmin] [main] INFO  o.s.c.s.PostProcessorRegistrationDelegate$BeanPostProcessorChecker - Bean &apos;duplicateServerPropertiesDetector&apos; of type [class org.springframework.boot.autoconfigure.web.ServerPropertiesAutoConfiguration$DuplicateServerPropertiesDetector] is not eligible for getting processed by all BeanPostProcessors (for example: not eligible for auto-proxying)
2018-08-08 17:04:52.857 [oms-fcadmin] [main] INFO  o.s.c.s.PostProcessorRegistrationDelegate$BeanPostProcessorChecker - Bean &apos;spring.resources-org.springframework.boot.autoconfigure.web.ResourceProperties&apos; of type [class org.springframework.boot.autoconfigure.web.ResourceProperties] is not eligible for getting processed by all BeanPostProcessors (for example: not eligible for auto-proxying)
2018-08-08 17:04:52.863 [oms-fcadmin] [main] INFO  o.s.c.s.PostProcessorRegistrationDelegate$BeanPostProcessorChecker - Bean &apos;org.springframework.boot.autoconfigure.web.ErrorMvcAutoConfiguration$DefaultErrorViewResolverConfiguration&apos; of type [class org.springframework.boot.autoconfigure.web.ErrorMvcAutoConfiguration$DefaultErrorViewResolverConfiguration$$EnhancerBySpringCGLIB$$b806c65] is not eligible for getting processed by all BeanPostProcessors (for example: not eligible for auto-proxying)
2018-08-08 17:04:52.879 [oms-fcadmin] [main] INFO  o.s.c.s.PostProcessorRegistrationDelegate$BeanPostProcessorChecker - Bean &apos;conventionErrorViewResolver&apos; of type [class org.springframework.boot.autoconfigure.web.DefaultErrorViewResolver] is not eligible for getting processed by all BeanPostProcessors (for example: not eligible for auto-proxying)
2018-08-08 17:04:52.886 [oms-fcadmin] [main] INFO  o.s.c.s.PostProcessorRegistrationDelegate$BeanPostProcessorChecker - Bean &apos;org.springframework.boot.autoconfigure.web.ErrorMvcAutoConfiguration&apos; of type [class org.springframework.boot.autoconfigure.web.ErrorMvcAutoConfiguration$$EnhancerBySpringCGLIB$$fee36305] is not eligible for getting processed by all BeanPostProcessors (for example: not eligible for auto-proxying)
2018-08-08 17:04:52.898 [oms-fcadmin] [main] INFO  o.s.c.s.PostProcessorRegistrationDelegate$BeanPostProcessorChecker - Bean &apos;errorPageCustomizer&apos; of type [class org.springframework.boot.autoconfigure.web.ErrorMvcAutoConfiguration$ErrorPageCustomizer] is not eligible for getting processed by all BeanPostProcessors (for example: not eligible for auto-proxying)
2018-08-08 17:04:52.899 [oms-fcadmin] [main] INFO  o.s.c.s.PostProcessorRegistrationDelegate$BeanPostProcessorChecker - Bean &apos;jettyEmbeddedServletContainerFactory&apos; of type [class org.springframework.boot.context.embedded.jetty.JettyEmbeddedServletContainerFactory] is not eligible for getting processed by all BeanPostProcessors (for example: not eligible for auto-proxying)
2018-08-08 17:04:52.909 [oms-fcadmin] [main] INFO  o.s.c.s.PostProcessorRegistrationDelegate$BeanPostProcessorChecker - Bean &apos;org.springframework.boot.autoconfigure.web.EmbeddedServletContainerAutoConfiguration&apos; of type [class org.springframework.boot.autoconfigure.web.EmbeddedServletContainerAutoConfiguration$$EnhancerBySpringCGLIB$$b5552951] is not eligible for getting processed by all BeanPostProcessors (for example: not eligible for auto-proxying)
2018-08-08 17:04:52.923 [oms-fcadmin] [main] INFO  o.s.c.s.PostProcessorRegistrationDelegate$BeanPostProcessorChecker - Bean &apos;spring.mvc-org.springframework.boot.autoconfigure.web.WebMvcProperties&apos; of type [class org.springframework.boot.autoconfigure.web.WebMvcProperties] is not eligible for getting processed by all BeanPostProcessors (for example: not eligible for auto-proxying)
2018-08-08 17:04:52.930 [oms-fcadmin] [main] INFO  o.s.c.s.PostProcessorRegistrationDelegate$BeanPostProcessorChecker - Bean &apos;org.springframework.boot.autoconfigure.web.DispatcherServletAutoConfiguration$DispatcherServletConfiguration&apos; of type [class org.springframework.boot.autoconfigure.web.DispatcherServletAutoConfiguration$DispatcherServletConfiguration$$EnhancerBySpringCGLIB$$ef4e0863] is not eligible for getting processed by all BeanPostProcessors (for example: not eligible for auto-proxying)
2018-08-08 17:04:52.991 [oms-fcadmin] [main] INFO  o.s.c.s.PostProcessorRegistrationDelegate$BeanPostProcessorChecker - Bean &apos;dispatcherServlet&apos; of type [class org.springframework.web.servlet.DispatcherServlet] is not eligible for getting processed by all BeanPostProcessors (for example: not eligible for auto-proxying)
2018-08-08 17:04:53.014 [oms-fcadmin] [main] INFO  o.s.c.s.PostProcessorRegistrationDelegate$BeanPostProcessorChecker - Bean &apos;spring.http.multipart-org.springframework.boot.autoconfigure.web.MultipartProperties&apos; of type [class org.springframework.boot.autoconfigure.web.MultipartProperties] is not eligible for getting processed by all BeanPostProcessors (for example: not eligible for auto-proxying)
2018-08-08 17:04:53.020 [oms-fcadmin] [main] INFO  o.s.c.s.PostProcessorRegistrationDelegate$BeanPostProcessorChecker - Bean &apos;org.springframework.boot.autoconfigure.web.MultipartAutoConfiguration&apos; of type [class org.springframework.boot.autoconfigure.web.MultipartAutoConfiguration$$EnhancerBySpringCGLIB$$3960c57] is not eligible for getting processed by all BeanPostProcessors (for example: not eligible for auto-proxying)
2018-08-08 17:04:53.029 [oms-fcadmin] [main] INFO  o.s.c.s.PostProcessorRegistrationDelegate$BeanPostProcessorChecker - Bean &apos;multipartConfigElement&apos; of type [class javax.servlet.MultipartConfigElement] is not eligible for getting processed by all BeanPostProcessors (for example: not eligible for auto-proxying)
2018-08-08 17:04:53.042 [oms-fcadmin] [main] INFO  o.s.c.s.PostProcessorRegistrationDelegate$BeanPostProcessorChecker - Bean &apos;org.springframework.boot.autoconfigure.web.DispatcherServletAutoConfiguration$DispatcherServletRegistrationConfiguration&apos; of type [class org.springframework.boot.autoconfigure.web.DispatcherServletAutoConfiguration$DispatcherServletRegistrationConfiguration$$EnhancerBySpringCGLIB$$6a3d978a] is not eligible for getting processed by all BeanPostProcessors (for example: not eligible for auto-proxying)
2018-08-08 17:04:53.057 [oms-fcadmin] [main] INFO  o.s.c.s.PostProcessorRegistrationDelegate$BeanPostProcessorChecker - Bean &apos;dispatcherServletRegistration&apos; of type [class org.springframework.boot.web.servlet.ServletRegistrationBean] is not eligible for getting processed by all BeanPostProcessors (for example: not eligible for auto-proxying)
2018-08-08 17:04:53.064 [oms-fcadmin] [main] INFO  o.s.c.s.PostProcessorRegistrationDelegate$BeanPostProcessorChecker - Bean &apos;org.springframework.boot.autoconfigure.web.DispatcherServletAutoConfiguration&apos; of type [class org.springframework.boot.autoconfigure.web.DispatcherServletAutoConfiguration$$EnhancerBySpringCGLIB$$3e5c9b65] is not eligible for getting processed by all BeanPostProcessors (for example: not eligible for auto-proxying)
2018-08-08 17:04:53.072 [oms-fcadmin] [main] INFO  o.s.c.s.PostProcessorRegistrationDelegate$BeanPostProcessorChecker - Bean &apos;org.springframework.boot.autoconfigure.web.ErrorMvcAutoConfiguration$WhitelabelErrorViewConfiguration&apos; of type [class org.springframework.boot.autoconfigure.web.ErrorMvcAutoConfiguration$WhitelabelErrorViewConfiguration$$EnhancerBySpringCGLIB$$8f2fca7f] is not eligible for getting processed by all BeanPostProcessors (for example: not eligible for auto-proxying)
2018-08-08 17:04:53.084 [oms-fcadmin] [main] INFO  o.s.c.s.PostProcessorRegistrationDelegate$BeanPostProcessorChecker - Bean &apos;error&apos; of type [class org.springframework.boot.autoconfigure.web.ErrorMvcAutoConfiguration$SpelView] is not eligible for getting processed by all BeanPostProcessors (for example: not eligible for auto-proxying)
2018-08-08 17:04:53.097 [oms-fcadmin] [main] INFO  o.s.c.s.PostProcessorRegistrationDelegate$BeanPostProcessorChecker - Bean &apos;beanNameViewResolver&apos; of type [class org.springframework.web.servlet.view.BeanNameViewResolver] is not eligible for getting processed by all BeanPostProcessors (for example: not eligible for auto-proxying)
2018-08-08 17:04:53.106 [oms-fcadmin] [main] INFO  o.s.c.s.PostProcessorRegistrationDelegate$BeanPostProcessorChecker - Bean &apos;errorAttributes&apos; of type [class org.springframework.boot.autoconfigure.web.DefaultErrorAttributes] is not eligible for getting processed by all BeanPostProcessors (for example: not eligible for auto-proxying)
2018-08-08 17:04:53.115 [oms-fcadmin] [main] INFO  o.s.c.s.PostProcessorRegistrationDelegate$BeanPostProcessorChecker - Bean &apos;basicErrorController&apos; of type [class org.springframework.boot.autoconfigure.web.BasicErrorController] is not eligible for getting processed by all BeanPostProcessors (for example: not eligible for auto-proxying)
2018-08-08 17:04:53.147 [oms-fcadmin] [main] INFO  o.s.c.s.PostProcessorRegistrationDelegate$BeanPostProcessorChecker - Bean &apos;org.springframework.boot.autoconfigure.web.WebMvcAutoConfiguration$WebMvcAutoConfigurationAdapter&apos; of type [class org.springframework.boot.autoconfigure.web.WebMvcAutoConfiguration$WebMvcAutoConfigurationAdapter$$EnhancerBySpringCGLIB$$33ebb08d] is not eligible for getting processed by all BeanPostProcessors (for example: not eligible for auto-proxying)
2018-08-08 17:04:53.162 [oms-fcadmin] [main] INFO  o.s.c.s.PostProcessorRegistrationDelegate$BeanPostProcessorChecker - Bean &apos;org.springframework.data.web.config.SpringDataWebConfiguration&apos; of type [class org.springframework.data.web.config.SpringDataWebConfiguration$$EnhancerBySpringCGLIB$$aa4c8764] is not eligible for getting processed by all BeanPostProcessors (for example: not eligible for auto-proxying)
2018-08-08 17:04:53.165 [oms-fcadmin] [main] INFO  o.s.c.s.PostProcessorRegistrationDelegate$BeanPostProcessorChecker - Bean &apos;org.springframework.boot.autoconfigure.web.WebMvcAutoConfiguration$EnableWebMvcConfiguration&apos; of type [class org.springframework.boot.autoconfigure.web.WebMvcAutoConfiguration$EnableWebMvcConfiguration$$EnhancerBySpringCGLIB$$a015fb1a] is not eligible for getting processed by all BeanPostProcessors (for example: not eligible for auto-proxying)
2018-08-08 17:04:53.240 [oms-fcadmin] [main] INFO  o.s.c.s.PostProcessorRegistrationDelegate$BeanPostProcessorChecker - Bean &apos;mvcContentNegotiationManager&apos; of type [class org.springframework.web.accept.ContentNegotiationManager] is not eligible for getting processed by all BeanPostProcessors (for example: not eligible for auto-proxying)
2018-08-08 17:04:53.378 [oms-fcadmin] [main] INFO  o.s.c.s.PostProcessorRegistrationDelegate$BeanPostProcessorChecker - Bean &apos;mvcConversionService&apos; of type [class org.springframework.format.support.DefaultFormattingConversionService] is not eligible for getting processed by all BeanPostProcessors (for example: not eligible for auto-proxying)
2018-08-08 17:04:53.406 [oms-fcadmin] [main] INFO  o.s.c.s.PostProcessorRegistrationDelegate$BeanPostProcessorChecker - Bean &apos;mvcValidator&apos; of type [class org.springframework.validation.beanvalidation.OptionalValidatorFactoryBean] is not eligible for getting processed by all BeanPostProcessors (for example: not eligible for auto-proxying)
2018-08-08 17:04:53.423 [oms-fcadmin] [main] INFO  o.s.c.s.PostProcessorRegistrationDelegate$BeanPostProcessorChecker - Bean &apos;sortResolver&apos; of type [class org.springframework.data.web.SortHandlerMethodArgumentResolver] is not eligible for getting processed by all BeanPostProcessors (for example: not eligible for auto-proxying)
2018-08-08 17:04:53.432 [oms-fcadmin] [main] INFO  o.s.c.s.PostProcessorRegistrationDelegate$BeanPostProcessorChecker - Bean &apos;pageableResolver&apos; of type [class org.springframework.data.web.PageableHandlerMethodArgumentResolver] is not eligible for getting processed by all BeanPostProcessors (for example: not eligible for auto-proxying)
2018-08-08 17:04:53.477 [oms-fcadmin] [main] INFO  o.s.w.s.m.m.a.RequestMappingHandlerAdapter - Looking for @ControllerAdvice: org.springframework.web.context.support.GenericWebApplicationContext@35a3d49f: startup date [Wed Aug 08 17:04:38 CST 2018]; root of context hierarchy
2018-08-08 17:04:53.583 [oms-fcadmin] [main] INFO  o.s.c.s.PostProcessorRegistrationDelegate$BeanPostProcessorChecker - Bean &apos;requestMappingHandlerAdapter&apos; of type [class org.springframework.web.servlet.mvc.method.annotation.RequestMappingHandlerAdapter] is not eligible for getting processed by all BeanPostProcessors (for example: not eligible for auto-proxying)
2018-08-08 17:04:53.623 [oms-fcadmin] [main] INFO  o.s.c.s.PostProcessorRegistrationDelegate$BeanPostProcessorChecker - Bean &apos;mvcResourceUrlProvider&apos; of type [class org.springframework.web.servlet.resource.ResourceUrlProvider] is not eligible for getting processed by all BeanPostProcessors (for example: not eligible for auto-proxying)
2018-08-08 17:04:53.670 [oms-fcadmin] [main] INFO  o.s.w.s.m.m.a.RequestMappingHandlerMapping - Mapped &quot;{[/auth/nameauth/{id}],methods=[GET]}&quot; onto public org.oreframework.web.ui.ResultEntity&lt;com.glsx.oms.fcadmin.biz.auth.nameauth.model.Nameauth&gt; com.glsx.oms.fcadmin.biz.auth.nameauth.controller.NameauthController.get(java.lang.Integer)
2018-08-08 17:04:53.672 [oms-fcadmin] [main] INFO  o.s.w.s.m.m.a.RequestMappingHandlerMapping - Mapped &quot;{[/auth/approveAuth],methods=[POST]}&quot; onto public java.util.Map&lt;java.lang.String, java.lang.Boolean&gt; com.glsx.oms.fcadmin.biz.auth.nameauth.controller.NameauthController.update(java.lang.String)
2018-08-08 17:04:53.672 [oms-fcadmin] [main] INFO  o.s.w.s.m.m.a.RequestMappingHandlerMapping - Mapped &quot;{[/auth/nameauth/{id}],methods=[DELETE]}&quot; onto public org.oreframework.web.ui.ResultEntity&lt;com.glsx.oms.fcadmin.biz.auth.nameauth.model.Nameauth&gt; com.glsx.oms.fcadmin.biz.auth.nameauth.controller.NameauthController.delete(java.lang.Integer)
2018-08-08 17:04:53.673 [oms-fcadmin] [main] INFO  o.s.w.s.m.m.a.RequestMappingHandlerMapping - Mapped &quot;{[/auth/nameauth],methods=[POST]}&quot; onto public org.oreframework.web.ui.ResultEntity&lt;com.glsx.oms.fcadmin.biz.auth.nameauth.model.Nameauth&gt; com.glsx.oms.fcadmin.biz.auth.nameauth.controller.NameauthController.save(com.glsx.oms.fcadmin.biz.auth.nameauth.model.Nameauth)
2018-08-08 17:04:53.673 [oms-fcadmin] [main] INFO  o.s.w.s.m.m.a.RequestMappingHandlerMapping - Mapped &quot;{[/auth/nameauth],methods=[GET]}&quot; onto public org.oreframework.web.ui.ResponseEntity&lt;com.glsx.oms.fcadmin.biz.auth.nameauth.model.Nameauth&gt; com.glsx.oms.fcadmin.biz.auth.nameauth.controller.NameauthController.getAll(org.oreframework.web.ui.Pagination,com.glsx.oms.fcadmin.biz.auth.nameauth.model.Nameauth)
2018-08-08 17:04:53.673 [oms-fcadmin] [main] INFO  o.s.w.s.m.m.a.RequestMappingHandlerMapping - Mapped &quot;{[/auth/nameauth/exportFile],methods=[POST]}&quot; onto public org.oreframework.web.ui.ResultEntity&lt;com.glsx.oms.fcadmin.biz.auth.nameauth.model.Nameauth&gt; com.glsx.oms.fcadmin.biz.auth.nameauth.controller.NameauthController.exportFile(com.glsx.oms.fcadmin.biz.auth.nameauth.model.Nameauth)
2018-08-08 17:04:53.676 [oms-fcadmin] [main] INFO  o.s.w.s.m.m.a.RequestMappingHandlerMapping - Mapped &quot;{[/card/changelog/{id}],methods=[GET]}&quot; onto public org.oreframework.web.ui.ResultEntity&lt;com.glsx.oms.fcadmin.biz.card.changelog.model.ChangeLog&gt; com.glsx.oms.fcadmin.biz.card.changelog.controller.ChangeLogController.get(java.lang.Integer)
2018-08-08 17:04:53.676 [oms-fcadmin] [main] INFO  o.s.w.s.m.m.a.RequestMappingHandlerMapping - Mapped &quot;{[/card/changelog/{id}],methods=[DELETE]}&quot; onto public org.oreframework.web.ui.ResultEntity&lt;com.glsx.oms.fcadmin.biz.card.changelog.model.ChangeLog&gt; com.glsx.oms.fcadmin.biz.card.changelog.controller.ChangeLogController.delete(java.lang.Integer)
2018-08-08 17:04:53.676 [oms-fcadmin] [main] INFO  o.s.w.s.m.m.a.RequestMappingHandlerMapping - Mapped &quot;{[/card/changelog],methods=[POST]}&quot; onto public org.oreframework.web.ui.ResultEntity&lt;com.glsx.oms.fcadmin.biz.card.changelog.model.ChangeLog&gt; com.glsx.oms.fcadmin.biz.card.changelog.controller.ChangeLogController.save(com.glsx.oms.fcadmin.biz.card.changelog.model.ChangeLog)
2018-08-08 17:04:53.676 [oms-fcadmin] [main] INFO  o.s.w.s.m.m.a.RequestMappingHandlerMapping - Mapped &quot;{[/card/changelog],methods=[GET]}&quot; onto public org.oreframework.web.ui.ResponseEntity&lt;com.glsx.oms.fcadmin.biz.card.changelog.model.ChangeLog&gt; com.glsx.oms.fcadmin.biz.card.changelog.controller.ChangeLogController.getAll(org.oreframework.web.ui.Pagination)
2018-08-08 17:04:53.677 [oms-fcadmin] [main] INFO  o.s.w.s.m.m.a.RequestMappingHandlerMapping - Mapped &quot;{[/card/changelog/exportFile],methods=[POST]}&quot; onto public org.oreframework.web.ui.ResultEntity&lt;com.glsx.oms.fcadmin.biz.card.changelog.model.ChangeLog&gt; com.glsx.oms.fcadmin.biz.card.changelog.controller.ChangeLogController.exportFile(com.glsx.oms.fcadmin.biz.card.changelog.model.ChangeLog)
2018-08-08 17:04:53.683 [oms-fcadmin] [main] INFO  o.s.w.s.m.m.a.RequestMappingHandlerMapping - Mapped &quot;{[/card/flowcard/{id}],methods=[GET]}&quot; onto public org.oreframework.web.ui.ResultEntity&lt;com.glsx.oms.fcadmin.biz.card.flowcard.model.FlowCard&gt; com.glsx.oms.fcadmin.biz.card.flowcard.controller.FlowCardController.get(java.lang.Integer)
2018-08-08 17:04:53.684 [oms-fcadmin] [main] INFO  o.s.w.s.m.m.a.RequestMappingHandlerMapping - Mapped &quot;{[/card/flowcard/{id}],methods=[DELETE]}&quot; onto public org.oreframework.web.ui.ResultEntity&lt;com.glsx.oms.fcadmin.biz.card.flowcard.model.FlowCard&gt; com.glsx.oms.fcadmin.biz.card.flowcard.controller.FlowCardController.delete(java.lang.Integer)
2018-08-08 17:04:53.684 [oms-fcadmin] [main] INFO  o.s.w.s.m.m.a.RequestMappingHandlerMapping - Mapped &quot;{[/card/flowcard],methods=[POST]}&quot; onto public org.oreframework.web.ui.ResultEntity&lt;com.glsx.oms.fcadmin.biz.card.flowcard.model.FlowCard&gt; com.glsx.oms.fcadmin.biz.card.flowcard.controller.FlowCardController.save(com.glsx.oms.fcadmin.biz.card.flowcard.model.FlowCard)
2018-08-08 17:04:53.684 [oms-fcadmin] [main] INFO  o.s.w.s.m.m.a.RequestMappingHandlerMapping - Mapped &quot;{[/card/flowcard],methods=[GET]}&quot; onto public org.oreframework.web.ui.ResponseEntity&lt;com.glsx.oms.fcadmin.biz.card.flowcard.model.FlowCard&gt; com.glsx.oms.fcadmin.biz.card.flowcard.controller.FlowCardController.getAll(com.glsx.oms.fcadmin.biz.card.flowcard.model.FlowCard,org.oreframework.web.ui.Pagination,org.oreframework.web.ui.TableSort)
2018-08-08 17:04:53.685 [oms-fcadmin] [main] INFO  o.s.w.s.m.m.a.RequestMappingHandlerMapping - Mapped &quot;{[/card/flowcard/exportFile],methods=[POST]}&quot; onto public org.oreframework.web.ui.ResultEntity&lt;com.glsx.oms.fcadmin.biz.card.flowcard.model.FlowCard&gt; com.glsx.oms.fcadmin.biz.card.flowcard.controller.FlowCardController.exportFile(com.glsx.oms.fcadmin.biz.card.flowcard.model.FlowCard)
2018-08-08 17:04:53.686 [oms-fcadmin] [main] INFO  o.s.w.s.m.m.a.RequestMappingHandlerMapping - Mapped &quot;{[/card/getCardDetail],methods=[GET]}&quot; onto public org.oreframework.web.ui.ResponseEntity&lt;java.util.Map&lt;java.lang.String, java.lang.Object&gt;&gt; com.glsx.oms.fcadmin.biz.card.flowcard.controller.FlowCardController.getCardDetail(java.lang.Integer)
2018-08-08 17:04:53.686 [oms-fcadmin] [main] INFO  o.s.w.s.m.m.a.RequestMappingHandlerMapping - Mapped &quot;{[/card/getCurPackage],methods=[GET]}&quot; onto public org.oreframework.web.ui.ResultEntity&lt;com.glsx.oms.fcadmin.biz.card.flowcard.model.FlowCard&gt; com.glsx.oms.fcadmin.biz.card.flowcard.controller.FlowCardController.getCurPackage(java.lang.String)
2018-08-08 17:04:53.686 [oms-fcadmin] [main] INFO  o.s.w.s.m.m.a.RequestMappingHandlerMapping - Mapped &quot;{[/card/downloadTemplate],methods=[GET]}&quot; onto public void com.glsx.oms.fcadmin.biz.card.flowcard.controller.FlowCardController.downloadTemplate(java.lang.String,javax.servlet.http.HttpServletResponse)
2018-08-08 17:04:53.686 [oms-fcadmin] [main] INFO  o.s.w.s.m.m.a.RequestMappingHandlerMapping - Mapped &quot;{[/card/importCards],methods=[POST],produces=[application/json]}&quot; onto public org.oreframework.web.ui.ResponseEntity&lt;com.glsx.oms.fcadmin.biz.system.bean.ImportedResult&gt; com.glsx.oms.fcadmin.biz.card.flowcard.controller.FlowCardController.importCards(org.springframework.web.multipart.MultipartFile,javax.servlet.http.HttpServletRequest,javax.servlet.http.HttpServletResponse)
2018-08-08 17:04:53.687 [oms-fcadmin] [main] INFO  o.s.w.s.m.m.a.RequestMappingHandlerMapping - Mapped &quot;{[/card/batchImport]}&quot; onto public org.oreframework.web.ui.ResponseEntity&lt;com.glsx.oms.fcadmin.biz.system.bean.ImportedResult&gt; com.glsx.oms.fcadmin.biz.card.flowcard.controller.FlowCardController.batchImport(javax.servlet.http.HttpServletRequest,javax.servlet.http.HttpServletResponse,org.springframework.web.multipart.MultipartFile,java.lang.String)
2018-08-08 17:04:53.687 [oms-fcadmin] [main] INFO  o.s.w.s.m.m.a.RequestMappingHandlerMapping - Mapped &quot;{[/card/batchOpCards]}&quot; onto public java.util.Map&lt;java.lang.String, java.lang.Boolean&gt; com.glsx.oms.fcadmin.biz.card.flowcard.controller.FlowCardController.batchOpCards(java.lang.String)
2018-08-08 17:04:53.687 [oms-fcadmin] [main] INFO  o.s.w.s.m.m.a.RequestMappingHandlerMapping - Mapped &quot;{[/card/batchRenewImport]}&quot; onto public org.oreframework.web.ui.ResponseEntity&lt;com.glsx.oms.fcadmin.biz.system.bean.ImportedResult&gt; com.glsx.oms.fcadmin.biz.card.flowcard.controller.FlowCardController.batchRenewImport(javax.servlet.http.HttpServletRequest,javax.servlet.http.HttpServletResponse,org.springframework.web.multipart.MultipartFile,java.lang.Integer,java.lang.Integer)
2018-08-08 17:04:53.687 [oms-fcadmin] [main] INFO  o.s.w.s.m.m.a.RequestMappingHandlerMapping - Mapped &quot;{[/card/stopCards]}&quot; onto public java.util.Map&lt;java.lang.String, java.lang.Boolean&gt; com.glsx.oms.fcadmin.biz.card.flowcard.controller.FlowCardController.stopCards(java.lang.String)
2018-08-08 17:04:53.687 [oms-fcadmin] [main] INFO  o.s.w.s.m.m.a.RequestMappingHandlerMapping - Mapped &quot;{[/card/openCards]}&quot; onto public java.util.Map&lt;java.lang.String, java.lang.Boolean&gt; com.glsx.oms.fcadmin.biz.card.flowcard.controller.FlowCardController.openCards(java.lang.String)
2018-08-08 17:04:53.688 [oms-fcadmin] [main] INFO  o.s.w.s.m.m.a.RequestMappingHandlerMapping - Mapped &quot;{[/card/getValidFlowPkg]}&quot; onto public org.oreframework.web.ui.ResponseEntity&lt;com.glsx.oms.fcservice.api.entity.FlowPackage&gt; com.glsx.oms.fcadmin.biz.card.flowcard.controller.FlowCardController.getValidFlowPkg(java.lang.String)
2018-08-08 17:04:53.688 [oms-fcadmin] [main] INFO  o.s.w.s.m.m.a.RequestMappingHandlerMapping - Mapped &quot;{[/card/renewCards]}&quot; onto public java.util.Map&lt;java.lang.String, java.lang.Boolean&gt; com.glsx.oms.fcadmin.biz.card.flowcard.controller.FlowCardController.renewCards(java.lang.String)
2018-08-08 17:04:53.688 [oms-fcadmin] [main] INFO  o.s.w.s.m.m.a.RequestMappingHandlerMapping - Mapped &quot;{[/card/batchOpRenewCards]}&quot; onto public java.util.Map&lt;java.lang.String, java.lang.Boolean&gt; com.glsx.oms.fcadmin.biz.card.flowcard.controller.FlowCardController.batchOpRenewCards(java.lang.String)
2018-08-08 17:04:53.691 [oms-fcadmin] [main] INFO  o.s.w.s.m.m.a.RequestMappingHandlerMapping - Mapped &quot;{[/card/flowpool/{id}],methods=[GET]}&quot; onto public org.oreframework.web.ui.ResultEntity&lt;com.glsx.oms.fcadmin.biz.card.flowpool.model.FlowPool&gt; com.glsx.oms.fcadmin.biz.card.flowpool.controller.FlowPoolController.get(java.lang.Integer)
2018-08-08 17:04:53.691 [oms-fcadmin] [main] INFO  o.s.w.s.m.m.a.RequestMappingHandlerMapping - Mapped &quot;{[/card/flowpool/{id}],methods=[DELETE]}&quot; onto public org.oreframework.web.ui.ResultEntity&lt;com.glsx.oms.fcadmin.biz.card.flowpool.model.FlowPool&gt; com.glsx.oms.fcadmin.biz.card.flowpool.controller.FlowPoolController.delete(java.lang.Integer)
2018-08-08 17:04:53.691 [oms-fcadmin] [main] INFO  o.s.w.s.m.m.a.RequestMappingHandlerMapping - Mapped &quot;{[/card/flowpool],methods=[POST]}&quot; onto public org.oreframework.web.ui.ResultEntity&lt;com.glsx.oms.fcadmin.biz.card.flowpool.model.FlowPool&gt; com.glsx.oms.fcadmin.biz.card.flowpool.controller.FlowPoolController.save(com.glsx.oms.fcadmin.biz.card.flowpool.model.FlowPool)
2018-08-08 17:04:53.692 [oms-fcadmin] [main] INFO  o.s.w.s.m.m.a.RequestMappingHandlerMapping - Mapped &quot;{[/card/flowpool],methods=[GET]}&quot; onto public org.oreframework.web.ui.ResponseEntity&lt;com.glsx.oms.fcadmin.biz.card.flowpool.model.FlowPool&gt; com.glsx.oms.fcadmin.biz.card.flowpool.controller.FlowPoolController.getAll(com.glsx.oms.fcadmin.biz.card.flowpool.model.FlowPool,org.oreframework.web.ui.Pagination)
2018-08-08 17:04:53.692 [oms-fcadmin] [main] INFO  o.s.w.s.m.m.a.RequestMappingHandlerMapping - Mapped &quot;{[/card/flowpool/exportFile],methods=[POST]}&quot; onto public org.oreframework.web.ui.ResultEntity&lt;com.glsx.oms.fcadmin.biz.card.flowpool.model.FlowPool&gt; com.glsx.oms.fcadmin.biz.card.flowpool.controller.FlowPoolController.exportFile(com.glsx.oms.fcadmin.biz.card.flowpool.model.FlowPool)
2018-08-08 17:04:53.692 [oms-fcadmin] [main] INFO  o.s.w.s.m.m.a.RequestMappingHandlerMapping - Mapped &quot;{[/card/flowpool/existsByName],methods=[POST]}&quot; onto public java.util.Map&lt;java.lang.String, java.lang.Boolean&gt; com.glsx.oms.fcadmin.biz.card.flowpool.controller.FlowPoolController.existsByName(com.glsx.oms.fcadmin.biz.card.flowpool.model.FlowPool)
2018-08-08 17:04:53.692 [oms-fcadmin] [main] INFO  o.s.w.s.m.m.a.RequestMappingHandlerMapping - Mapped &quot;{[/card/flowPoolMonthDetail],methods=[GET]}&quot; onto public org.oreframework.web.ui.ResponseEntity&lt;com.glsx.oms.fcadmin.biz.card.flowpool.model.FlowPoolMonthDetail&gt; com.glsx.oms.fcadmin.biz.card.flowpool.controller.FlowPoolController.getFlowPoolMonthDetail(com.glsx.oms.fcadmin.biz.card.flowpool.model.FlowPoolMonthDetail,org.oreframework.web.ui.Pagination)
2018-08-08 17:04:53.694 [oms-fcadmin] [main] INFO  o.s.w.s.m.m.a.RequestMappingHandlerMapping - Mapped &quot;{[/card/lifecycle/{id}],methods=[GET]}&quot; onto public org.oreframework.web.ui.ResultEntity&lt;com.glsx.oms.fcadmin.biz.card.lifecycle.model.LifeCycle&gt; com.glsx.oms.fcadmin.biz.card.lifecycle.controller.LifeCycleController.get(java.lang.Integer)
2018-08-08 17:04:53.694 [oms-fcadmin] [main] INFO  o.s.w.s.m.m.a.RequestMappingHandlerMapping - Mapped &quot;{[/card/lifecycle/{id}],methods=[DELETE]}&quot; onto public org.oreframework.web.ui.ResultEntity&lt;com.glsx.oms.fcadmin.biz.card.lifecycle.model.LifeCycle&gt; com.glsx.oms.fcadmin.biz.card.lifecycle.controller.LifeCycleController.delete(java.lang.Integer)
2018-08-08 17:04:53.695 [oms-fcadmin] [main] INFO  o.s.w.s.m.m.a.RequestMappingHandlerMapping - Mapped &quot;{[/card/lifecycle],methods=[POST]}&quot; onto public org.oreframework.web.ui.ResultEntity&lt;com.glsx.oms.fcadmin.biz.card.lifecycle.model.LifeCycle&gt; com.glsx.oms.fcadmin.biz.card.lifecycle.controller.LifeCycleController.save(com.glsx.oms.fcadmin.biz.card.lifecycle.model.LifeCycle)
2018-08-08 17:04:53.695 [oms-fcadmin] [main] INFO  o.s.w.s.m.m.a.RequestMappingHandlerMapping - Mapped &quot;{[/card/lifecycle],methods=[GET]}&quot; onto public org.oreframework.web.ui.ResponseEntity&lt;com.glsx.oms.fcadmin.biz.card.lifecycle.model.LifeCycle&gt; com.glsx.oms.fcadmin.biz.card.lifecycle.controller.LifeCycleController.getAll(org.oreframework.web.ui.Pagination,com.glsx.oms.fcadmin.biz.card.lifecycle.model.LifeCycle)
2018-08-08 17:04:53.695 [oms-fcadmin] [main] INFO  o.s.w.s.m.m.a.RequestMappingHandlerMapping - Mapped &quot;{[/card/lifecycle/exportFile],methods=[POST]}&quot; onto public org.oreframework.web.ui.ResultEntity&lt;com.glsx.oms.fcadmin.biz.card.lifecycle.model.LifeCycle&gt; com.glsx.oms.fcadmin.biz.card.lifecycle.controller.LifeCycleController.exportFile(com.glsx.oms.fcadmin.biz.card.lifecycle.model.LifeCycle)
2018-08-08 17:04:53.696 [oms-fcadmin] [main] INFO  o.s.w.s.m.m.a.RequestMappingHandlerMapping - Mapped &quot;{[/card/lifecycle/importStockcard]}&quot; onto public org.oreframework.web.ui.ResponseEntity&lt;com.glsx.oms.fcadmin.biz.system.bean.ImportedResult&gt; com.glsx.oms.fcadmin.biz.card.lifecycle.controller.LifeCycleController.importStockcard(javax.servlet.http.HttpServletRequest,javax.servlet.http.HttpServletResponse,org.springframework.web.multipart.MultipartFile)
2018-08-08 17:04:53.696 [oms-fcadmin] [main] INFO  o.s.w.s.m.m.a.RequestMappingHandlerMapping - Mapped &quot;{[/card/lifecycle/stockCard]}&quot; onto public java.util.Map&lt;java.lang.String, java.lang.Boolean&gt; com.glsx.oms.fcadmin.biz.card.lifecycle.controller.LifeCycleController.stockCard(java.lang.String)
2018-08-08 17:04:53.697 [oms-fcadmin] [main] INFO  o.s.w.s.m.m.a.RequestMappingHandlerMapping - Mapped &quot;{[/opencard/getOpenCardList],methods=[GET]}&quot; onto public org.oreframework.web.ui.ResponseEntity&lt;com.glsx.oms.fcadmin.biz.card.opencard.model.OpenCard&gt; com.glsx.oms.fcadmin.biz.card.opencard.controller.OpenCardController.getOpenCardList(com.glsx.oms.fcadmin.biz.card.opencard.model.OpenCard,org.oreframework.web.ui.Pagination)
2018-08-08 17:04:53.697 [oms-fcadmin] [main] INFO  o.s.w.s.m.m.a.RequestMappingHandlerMapping - Mapped &quot;{[/opencard/exportOpenCardFile],methods=[POST]}&quot; onto public org.oreframework.web.ui.ResultEntity&lt;com.glsx.oms.fcadmin.biz.card.opencard.model.OpenCard&gt; com.glsx.oms.fcadmin.biz.card.opencard.controller.OpenCardController.exportOpenCardFile(com.glsx.oms.fcadmin.biz.card.opencard.model.OpenCard)
2018-08-08 17:04:53.699 [oms-fcadmin] [main] INFO  o.s.w.s.m.m.a.RequestMappingHandlerMapping - Mapped &quot;{[/card/orderinfo/{id}],methods=[GET]}&quot; onto public org.oreframework.web.ui.ResultEntity&lt;com.glsx.oms.fcadmin.biz.card.orderinfo.model.OrderInfo&gt; com.glsx.oms.fcadmin.biz.card.orderinfo.controller.OrderInfoController.get(java.lang.Integer)
2018-08-08 17:04:53.699 [oms-fcadmin] [main] INFO  o.s.w.s.m.m.a.RequestMappingHandlerMapping - Mapped &quot;{[/card/orderinfo/{id}],methods=[DELETE]}&quot; onto public org.oreframework.web.ui.ResultEntity&lt;com.glsx.oms.fcadmin.biz.card.orderinfo.model.OrderInfo&gt; com.glsx.oms.fcadmin.biz.card.orderinfo.controller.OrderInfoController.delete(java.lang.Integer)
2018-08-08 17:04:53.700 [oms-fcadmin] [main] INFO  o.s.w.s.m.m.a.RequestMappingHandlerMapping - Mapped &quot;{[/card/orderinfo],methods=[POST]}&quot; onto public org.oreframework.web.ui.ResultEntity&lt;com.glsx.oms.fcadmin.biz.card.orderinfo.model.OrderInfo&gt; com.glsx.oms.fcadmin.biz.card.orderinfo.controller.OrderInfoController.save(com.glsx.oms.fcadmin.biz.card.orderinfo.model.OrderInfo)
2018-08-08 17:04:53.700 [oms-fcadmin] [main] INFO  o.s.w.s.m.m.a.RequestMappingHandlerMapping - Mapped &quot;{[/card/orderinfo],methods=[GET]}&quot; onto public org.oreframework.web.ui.ResponseEntity&lt;com.glsx.oms.fcadmin.biz.card.orderinfo.model.OrderInfo&gt; com.glsx.oms.fcadmin.biz.card.orderinfo.controller.OrderInfoController.getAll(org.oreframework.web.ui.Pagination)
2018-08-08 17:04:53.700 [oms-fcadmin] [main] INFO  o.s.w.s.m.m.a.RequestMappingHandlerMapping - Mapped &quot;{[/card/orderinfo/exportFile],methods=[POST]}&quot; onto public org.oreframework.web.ui.ResultEntity&lt;com.glsx.oms.fcadmin.biz.card.orderinfo.model.OrderInfo&gt; com.glsx.oms.fcadmin.biz.card.orderinfo.controller.OrderInfoController.exportFile(com.glsx.oms.fcadmin.biz.card.orderinfo.model.OrderInfo)
2018-08-08 17:04:53.702 [oms-fcadmin] [main] INFO  o.s.w.s.m.m.a.RequestMappingHandlerMapping - Mapped &quot;{[/card/postage/{id}],methods=[GET]}&quot; onto public org.oreframework.web.ui.ResultEntity&lt;com.glsx.oms.fcadmin.biz.card.postage.model.Postage&gt; com.glsx.oms.fcadmin.biz.card.postage.controller.PostageController.get(java.lang.Integer)
2018-08-08 17:04:53.702 [oms-fcadmin] [main] INFO  o.s.w.s.m.m.a.RequestMappingHandlerMapping - Mapped &quot;{[/card/postage/{id}],methods=[DELETE]}&quot; onto public org.oreframework.web.ui.ResultEntity&lt;com.glsx.oms.fcadmin.biz.card.postage.model.Postage&gt; com.glsx.oms.fcadmin.biz.card.postage.controller.PostageController.delete(java.lang.Integer)
2018-08-08 17:04:53.702 [oms-fcadmin] [main] INFO  o.s.w.s.m.m.a.RequestMappingHandlerMapping - Mapped &quot;{[/card/postage],methods=[POST]}&quot; onto public org.oreframework.web.ui.ResultEntity&lt;com.glsx.oms.fcadmin.biz.card.postage.model.Postage&gt; com.glsx.oms.fcadmin.biz.card.postage.controller.PostageController.save(com.glsx.oms.fcadmin.biz.card.postage.model.Postage)
2018-08-08 17:04:53.703 [oms-fcadmin] [main] INFO  o.s.w.s.m.m.a.RequestMappingHandlerMapping - Mapped &quot;{[/card/postage],methods=[GET]}&quot; onto public org.oreframework.web.ui.ResponseEntity&lt;com.glsx.oms.fcadmin.biz.card.postage.model.Postage&gt; com.glsx.oms.fcadmin.biz.card.postage.controller.PostageController.getAll(org.oreframework.web.ui.Pagination)
2018-08-08 17:04:53.703 [oms-fcadmin] [main] INFO  o.s.w.s.m.m.a.RequestMappingHandlerMapping - Mapped &quot;{[/card/postage/exportFile],methods=[POST]}&quot; onto public org.oreframework.web.ui.ResultEntity&lt;com.glsx.oms.fcadmin.biz.card.postage.model.Postage&gt; com.glsx.oms.fcadmin.biz.card.postage.controller.PostageController.exportFile(com.glsx.oms.fcadmin.biz.card.postage.model.Postage)
2018-08-08 17:04:53.703 [oms-fcadmin] [main] INFO  o.s.w.s.m.m.a.RequestMappingHandlerMapping - Mapped &quot;{[/card/postage/getByPostageId/{postageId}],methods=[GET]}&quot; onto public org.oreframework.web.ui.ResultEntity&lt;com.glsx.oms.fcadmin.biz.card.postage.model.Postage&gt; com.glsx.oms.fcadmin.biz.card.postage.controller.PostageController.getByPostageId(java.lang.Integer)
2018-08-08 17:04:53.705 [oms-fcadmin] [main] INFO  o.s.w.s.m.m.a.RequestMappingHandlerMapping - Mapped &quot;{[/postagenetwork/getNetworkList],methods=[GET]}&quot; onto public org.oreframework.web.ui.ResponseEntity&lt;com.glsx.oms.fcadmin.biz.card.postagenetwork.model.NetworkAccess&gt; com.glsx.oms.fcadmin.biz.card.postagenetwork.controller.PostagenetworkController.getNetworkList(javax.servlet.http.HttpSession,org.oreframework.web.ui.Pagination,com.glsx.oms.fcadmin.biz.card.postagenetwork.model.NetworkAccess)
2018-08-08 17:04:53.705 [oms-fcadmin] [main] INFO  o.s.w.s.m.m.a.RequestMappingHandlerMapping - Mapped &quot;{[/postagenetwork/existsByPostName],methods=[POST]}&quot; onto public java.util.Map&lt;java.lang.String, java.lang.Boolean&gt; com.glsx.oms.fcadmin.biz.card.postagenetwork.controller.PostagenetworkController.existsByPostName(com.glsx.oms.fcadmin.biz.card.postagenetwork.model.Postagenetwork)
2018-08-08 17:04:53.706 [oms-fcadmin] [main] INFO  o.s.w.s.m.m.a.RequestMappingHandlerMapping - Mapped &quot;{[/postagenetwork/getPostageDetail],methods=[GET]}&quot; onto public java.util.Map&lt;java.lang.String, com.glsx.oms.fcadmin.biz.card.postagenetwork.model.Postagenetwork&gt; com.glsx.oms.fcadmin.biz.card.postagenetwork.controller.PostagenetworkController.getPostageDetail(com.glsx.oms.fcadmin.biz.card.postagenetwork.model.Postagenetwork)
2018-08-08 17:04:53.706 [oms-fcadmin] [main] INFO  o.s.w.s.m.m.a.RequestMappingHandlerMapping - Mapped &quot;{[/postagenetwork/existsByCodeName],methods=[POST]}&quot; onto public java.util.Map&lt;java.lang.String, java.lang.Boolean&gt; com.glsx.oms.fcadmin.biz.card.postagenetwork.controller.PostagenetworkController.existsByCodeName(com.glsx.oms.fcadmin.biz.card.postagenetwork.model.NetworkAccess)
2018-08-08 17:04:53.706 [oms-fcadmin] [main] INFO  o.s.w.s.m.m.a.RequestMappingHandlerMapping - Mapped &quot;{[/postagenetwork/updatePostage],methods=[POST]}&quot; onto public org.oreframework.web.ui.ResultEntity&lt;com.glsx.oms.fcadmin.biz.card.postagenetwork.model.Postagenetwork&gt; com.glsx.oms.fcadmin.biz.card.postagenetwork.controller.PostagenetworkController.updatePostage(com.glsx.oms.fcadmin.biz.card.postagenetwork.model.PostageNetworkList)
2018-08-08 17:04:53.706 [oms-fcadmin] [main] INFO  o.s.w.s.m.m.a.RequestMappingHandlerMapping - Mapped &quot;{[/postagenetwork/getpostageNetworkList],methods=[GET]}&quot; onto public org.oreframework.web.ui.ResponseEntity&lt;com.glsx.oms.fcadmin.biz.card.postagenetwork.model.Postagenetwork&gt; com.glsx.oms.fcadmin.biz.card.postagenetwork.controller.PostagenetworkController.getpostageNetworkList(org.oreframework.web.ui.Pagination)
2018-08-08 17:04:53.712 [oms-fcadmin] [main] INFO  o.s.w.s.m.m.a.RequestMappingHandlerMapping - Mapped &quot;{[/download/task/{id}],methods=[GET]}&quot; onto public org.oreframework.web.ui.ResultEntity&lt;com.glsx.oms.fcadmin.biz.download.task.model.Task&gt; com.glsx.oms.fcadmin.biz.download.task.controller.TaskController.get(java.lang.Integer)
2018-08-08 17:04:53.713 [oms-fcadmin] [main] INFO  o.s.w.s.m.m.a.RequestMappingHandlerMapping - Mapped &quot;{[/download/task/{id}],methods=[DELETE]}&quot; onto public org.oreframework.web.ui.ResultEntity&lt;com.glsx.oms.fcadmin.biz.download.task.model.Task&gt; com.glsx.oms.fcadmin.biz.download.task.controller.TaskController.delete(java.lang.Integer)
2018-08-08 17:04:53.713 [oms-fcadmin] [main] INFO  o.s.w.s.m.m.a.RequestMappingHandlerMapping - Mapped &quot;{[/download/task],methods=[POST]}&quot; onto public org.oreframework.web.ui.ResultEntity&lt;com.glsx.oms.fcadmin.biz.download.task.model.Task&gt; com.glsx.oms.fcadmin.biz.download.task.controller.TaskController.save(com.glsx.oms.fcadmin.biz.download.task.model.Task)
2018-08-08 17:04:53.714 [oms-fcadmin] [main] INFO  o.s.w.s.m.m.a.RequestMappingHandlerMapping - Mapped &quot;{[/download/task],methods=[GET]}&quot; onto public org.oreframework.web.ui.ResponseEntity&lt;com.glsx.oms.fcadmin.biz.download.task.model.Task&gt; com.glsx.oms.fcadmin.biz.download.task.controller.TaskController.getAll(java.lang.String,org.oreframework.web.ui.Pagination)
2018-08-08 17:04:53.715 [oms-fcadmin] [main] INFO  o.s.w.s.m.m.a.RequestMappingHandlerMapping - Mapped &quot;{[/download/task/exportFile],methods=[POST]}&quot; onto public org.oreframework.web.ui.ResultEntity&lt;com.glsx.oms.fcadmin.biz.download.task.model.Task&gt; com.glsx.oms.fcadmin.biz.download.task.controller.TaskController.exportFile(com.glsx.oms.fcadmin.biz.download.task.model.Task)
2018-08-08 17:04:53.715 [oms-fcadmin] [main] INFO  o.s.w.s.m.m.a.RequestMappingHandlerMapping - Mapped &quot;{[/download/task/notify],methods=[GET]}&quot; onto public org.oreframework.web.ui.ResultEntity&lt;java.util.List&lt;com.glsx.oms.fcadmin.biz.download.task.model.Task&gt;&gt; com.glsx.oms.fcadmin.biz.download.task.controller.TaskController.getDownloadNotify()
2018-08-08 17:04:53.716 [oms-fcadmin] [main] INFO  o.s.w.s.m.m.a.RequestMappingHandlerMapping - Mapped &quot;{[/]}&quot; onto public java.lang.String com.glsx.oms.fcadmin.biz.IndexController.index(java.util.Map&lt;java.lang.String, java.lang.Object&gt;)
2018-08-08 17:04:53.728 [oms-fcadmin] [main] INFO  o.s.w.s.m.m.a.RequestMappingHandlerMapping - Mapped &quot;{[/cardmanage/findAll],methods=[GET]}&quot; onto public org.oreframework.web.ui.ResponseEntity&lt;com.glsx.oms.fcadmin.biz.mobilecard.cardmanage.model.CardManage&gt; com.glsx.oms.fcadmin.biz.mobilecard.cardmanage.controller.CardManageController.getAll(com.glsx.oms.fcadmin.biz.mobilecard.cardmanage.model.CardManage,org.oreframework.web.ui.Pagination)
2018-08-08 17:04:53.729 [oms-fcadmin] [main] INFO  o.s.w.s.m.m.a.RequestMappingHandlerMapping - Mapped &quot;{[/cardmanage/exportFile],methods=[POST]}&quot; onto public org.oreframework.web.ui.ResultEntity&lt;com.glsx.oms.fcadmin.biz.mobilecard.cardmanage.model.CardManage&gt; com.glsx.oms.fcadmin.biz.mobilecard.cardmanage.controller.CardManageController.exportFile(com.glsx.oms.fcadmin.biz.mobilecard.cardmanage.model.CardManage)
2018-08-08 17:04:53.729 [oms-fcadmin] [main] INFO  o.s.w.s.m.m.a.RequestMappingHandlerMapping - Mapped &quot;{[/cardmanage/getCardDetail],methods=[GET]}&quot; onto public org.oreframework.web.ui.ResultEntity&lt;com.glsx.oms.fcadmin.biz.mobilecard.cardmanage.model.CardManage&gt; com.glsx.oms.fcadmin.biz.mobilecard.cardmanage.controller.CardManageController.getCardDetail(java.lang.Integer)
2018-08-08 17:04:53.729 [oms-fcadmin] [main] INFO  o.s.w.s.m.m.a.RequestMappingHandlerMapping - Mapped &quot;{[/cardmanage/downloadTemplate],methods=[GET]}&quot; onto public void com.glsx.oms.fcadmin.biz.mobilecard.cardmanage.controller.CardManageController.downloadTemplate(java.lang.String,javax.servlet.http.HttpServletResponse)
2018-08-08 17:04:53.729 [oms-fcadmin] [main] INFO  o.s.w.s.m.m.a.RequestMappingHandlerMapping - Mapped &quot;{[/cardmanage/importCards],methods=[POST],produces=[application/json]}&quot; onto public org.oreframework.web.ui.ResponseEntity&lt;com.glsx.oms.fcadmin.biz.system.bean.ImportedResult&gt; com.glsx.oms.fcadmin.biz.mobilecard.cardmanage.controller.CardManageController.importCards(org.springframework.web.multipart.MultipartFile,javax.servlet.http.HttpServletRequest,javax.servlet.http.HttpServletResponse)
2018-08-08 17:04:53.730 [oms-fcadmin] [main] INFO  o.s.w.s.m.m.a.RequestMappingHandlerMapping - Mapped &quot;{[/cardmanage/stopCards]}&quot; onto public java.util.Map&lt;java.lang.String, java.lang.Boolean&gt; com.glsx.oms.fcadmin.biz.mobilecard.cardmanage.controller.CardManageController.stopCards(java.lang.String)
2018-08-08 17:04:53.730 [oms-fcadmin] [main] INFO  o.s.w.s.m.m.a.RequestMappingHandlerMapping - Mapped &quot;{[/cardmanage/openCards]}&quot; onto public java.util.Map&lt;java.lang.String, java.lang.Boolean&gt; com.glsx.oms.fcadmin.biz.mobilecard.cardmanage.controller.CardManageController.openCards(java.lang.String)
2018-08-08 17:04:53.732 [oms-fcadmin] [main] INFO  o.s.w.s.m.m.a.RequestMappingHandlerMapping - Mapped &quot;{[/mobileopencard/getOpenCardList],methods=[GET]}&quot; onto public org.oreframework.web.ui.ResponseEntity&lt;com.glsx.oms.fcadmin.biz.mobilecard.opencard.model.MobileOpenCard&gt; com.glsx.oms.fcadmin.biz.mobilecard.opencard.controller.MobileOpenCardController.getOpenCardList(com.glsx.oms.fcadmin.biz.mobilecard.opencard.model.MobileOpenCard,org.oreframework.web.ui.Pagination)
2018-08-08 17:04:53.733 [oms-fcadmin] [main] INFO  o.s.w.s.m.m.a.RequestMappingHandlerMapping - Mapped &quot;{[/mobileopencard/exportOpenCardFile],methods=[POST]}&quot; onto public org.oreframework.web.ui.ResultEntity&lt;com.glsx.oms.fcadmin.biz.mobilecard.opencard.model.MobileOpenCard&gt; com.glsx.oms.fcadmin.biz.mobilecard.opencard.controller.MobileOpenCardController.exportOpenCardFile(com.glsx.oms.fcadmin.biz.mobilecard.opencard.model.MobileOpenCard)
2018-08-08 17:04:53.735 [oms-fcadmin] [main] INFO  o.s.w.s.m.m.a.RequestMappingHandlerMapping - Mapped &quot;{[/stock/lifecycle],methods=[GET]}&quot; onto public org.oreframework.web.ui.ResponseEntity&lt;com.glsx.oms.fcadmin.biz.mobilecard.stockcard.model.LifeCycle&gt; com.glsx.oms.fcadmin.biz.mobilecard.stockcard.controller.StockCardController.getAll(org.oreframework.web.ui.Pagination,com.glsx.oms.fcadmin.biz.mobilecard.stockcard.model.LifeCycle)
2018-08-08 17:04:53.735 [oms-fcadmin] [main] INFO  o.s.w.s.m.m.a.RequestMappingHandlerMapping - Mapped &quot;{[/stock/lifecycle/exportFile],methods=[POST]}&quot; onto public org.oreframework.web.ui.ResultEntity&lt;com.glsx.oms.fcadmin.biz.card.lifecycle.model.StockCard&gt; com.glsx.oms.fcadmin.biz.mobilecard.stockcard.controller.StockCardController.exportFile(com.glsx.oms.fcadmin.biz.mobilecard.stockcard.model.LifeCycle)
2018-08-08 17:04:53.735 [oms-fcadmin] [main] INFO  o.s.w.s.m.m.a.RequestMappingHandlerMapping - Mapped &quot;{[/stock/lifecycle/importStockcard]}&quot; onto public org.oreframework.web.ui.ResponseEntity&lt;com.glsx.oms.fcadmin.biz.system.bean.ImportedResult&gt; com.glsx.oms.fcadmin.biz.mobilecard.stockcard.controller.StockCardController.importStockcard(javax.servlet.http.HttpServletRequest,javax.servlet.http.HttpServletResponse,org.springframework.web.multipart.MultipartFile)
2018-08-08 17:04:53.735 [oms-fcadmin] [main] INFO  o.s.w.s.m.m.a.RequestMappingHandlerMapping - Mapped &quot;{[/stock/lifecycle/stockCard]}&quot; onto public java.util.Map&lt;java.lang.String, java.lang.Boolean&gt; com.glsx.oms.fcadmin.biz.mobilecard.stockcard.controller.StockCardController.stockCard(java.lang.String)
2018-08-08 17:04:53.737 [oms-fcadmin] [main] INFO  o.s.w.s.m.m.a.RequestMappingHandlerMapping - Mapped &quot;{[/op/networkaccess/{id}],methods=[GET]}&quot; onto public org.oreframework.web.ui.ResultEntity&lt;com.glsx.oms.fcadmin.biz.op.networkaccess.model.NetworkAccess&gt; com.glsx.oms.fcadmin.biz.op.networkaccess.controller.NetworkAccessController.get(java.lang.Integer)
2018-08-08 17:04:53.737 [oms-fcadmin] [main] INFO  o.s.w.s.m.m.a.RequestMappingHandlerMapping - Mapped &quot;{[/op/networkaccess/{id}],methods=[DELETE]}&quot; onto public org.oreframework.web.ui.ResultEntity&lt;com.glsx.oms.fcadmin.biz.op.networkaccess.model.NetworkAccess&gt; com.glsx.oms.fcadmin.biz.op.networkaccess.controller.NetworkAccessController.delete(java.lang.Integer)
2018-08-08 17:04:53.738 [oms-fcadmin] [main] INFO  o.s.w.s.m.m.a.RequestMappingHandlerMapping - Mapped &quot;{[/op/networkaccess],methods=[POST]}&quot; onto public org.oreframework.web.ui.ResultEntity&lt;com.glsx.oms.fcadmin.biz.op.networkaccess.model.NetworkAccess&gt; com.glsx.oms.fcadmin.biz.op.networkaccess.controller.NetworkAccessController.save(com.glsx.oms.fcadmin.biz.op.networkaccess.model.NetworkAccess)
2018-08-08 17:04:53.738 [oms-fcadmin] [main] INFO  o.s.w.s.m.m.a.RequestMappingHandlerMapping - Mapped &quot;{[/op/networkaccess],methods=[GET]}&quot; onto public org.oreframework.web.ui.ResponseEntity&lt;com.glsx.oms.fcadmin.biz.op.networkaccess.model.NetworkAccess&gt; com.glsx.oms.fcadmin.biz.op.networkaccess.controller.NetworkAccessController.getAll(org.oreframework.web.ui.Pagination)
2018-08-08 17:04:53.738 [oms-fcadmin] [main] INFO  o.s.w.s.m.m.a.RequestMappingHandlerMapping - Mapped &quot;{[/op/networkaccess/exportFile],methods=[POST]}&quot; onto public org.oreframework.web.ui.ResultEntity&lt;com.glsx.oms.fcadmin.biz.op.networkaccess.model.NetworkAccess&gt; com.glsx.oms.fcadmin.biz.op.networkaccess.controller.NetworkAccessController.exportFile(com.glsx.oms.fcadmin.biz.op.networkaccess.model.NetworkAccess)
2018-08-08 17:04:53.739 [oms-fcadmin] [main] INFO  o.s.w.s.m.m.a.RequestMappingHandlerMapping - Mapped &quot;{[/op/op],methods=[POST]}&quot; onto public org.oreframework.web.ui.ResultEntity&lt;com.glsx.oms.fcadmin.biz.op.op.model.Op&gt; com.glsx.oms.fcadmin.biz.op.op.controller.OpController.save(com.glsx.oms.fcadmin.biz.op.op.model.Op)
2018-08-08 17:04:53.740 [oms-fcadmin] [main] INFO  o.s.w.s.m.m.a.RequestMappingHandlerMapping - Mapped &quot;{[/op/op],methods=[GET]}&quot; onto public org.oreframework.web.ui.ResponseEntity&lt;com.glsx.oms.fcadmin.biz.op.op.model.Op&gt; com.glsx.oms.fcadmin.biz.op.op.controller.OpController.getAll(com.glsx.oms.fcadmin.biz.op.op.model.Op,org.oreframework.web.ui.Pagination)
2018-08-08 17:04:53.741 [oms-fcadmin] [main] INFO  o.s.w.s.m.m.a.RequestMappingHandlerMapping - Mapped &quot;{[/op/existsByName]}&quot; onto public java.util.Map&lt;java.lang.String, java.lang.Object&gt; com.glsx.oms.fcadmin.biz.op.op.controller.OpController.existsByName(com.glsx.oms.fcadmin.biz.op.op.model.Op)
2018-08-08 17:04:53.742 [oms-fcadmin] [main] INFO  o.s.w.s.m.m.a.RequestMappingHandlerMapping - Mapped &quot;{[/op/mop],methods=[GET]}&quot; onto public org.oreframework.web.ui.ResponseEntity&lt;com.glsx.oms.fcadmin.biz.op.op.model.Op&gt; com.glsx.oms.fcadmin.biz.op.op.controller.OpController.getAllOp(com.glsx.oms.fcadmin.biz.op.op.model.Op,org.oreframework.web.ui.Pagination)
2018-08-08 17:04:53.743 [oms-fcadmin] [main] INFO  o.s.w.s.m.m.a.RequestMappingHandlerMapping - Mapped &quot;{[/op/postageplan/{id}],methods=[GET]}&quot; onto public org.oreframework.web.ui.ResultEntity&lt;com.glsx.oms.fcadmin.biz.op.postageplan.model.PostagePlan&gt; com.glsx.oms.fcadmin.biz.op.postageplan.controller.PostagePlanController.get(java.lang.Integer)
2018-08-08 17:04:53.744 [oms-fcadmin] [main] INFO  o.s.w.s.m.m.a.RequestMappingHandlerMapping - Mapped &quot;{[/op/postageplan/{id}],methods=[DELETE]}&quot; onto public org.oreframework.web.ui.ResultEntity&lt;com.glsx.oms.fcadmin.biz.op.postageplan.model.PostagePlan&gt; com.glsx.oms.fcadmin.biz.op.postageplan.controller.PostagePlanController.delete(java.lang.Integer)
2018-08-08 17:04:53.744 [oms-fcadmin] [main] INFO  o.s.w.s.m.m.a.RequestMappingHandlerMapping - Mapped &quot;{[/op/postageplan],methods=[POST]}&quot; onto public org.oreframework.web.ui.ResultEntity&lt;com.glsx.oms.fcadmin.biz.op.postageplan.model.PostagePlan&gt; com.glsx.oms.fcadmin.biz.op.postageplan.controller.PostagePlanController.save(com.glsx.oms.fcadmin.biz.op.postageplan.model.PostagePlan)
2018-08-08 17:04:53.744 [oms-fcadmin] [main] INFO  o.s.w.s.m.m.a.RequestMappingHandlerMapping - Mapped &quot;{[/op/postageplan],methods=[GET]}&quot; onto public org.oreframework.web.ui.ResponseEntity&lt;com.glsx.oms.fcadmin.biz.op.postageplan.model.PostagePlan&gt; com.glsx.oms.fcadmin.biz.op.postageplan.controller.PostagePlanController.getAll(org.oreframework.web.ui.Pagination)
2018-08-08 17:04:53.744 [oms-fcadmin] [main] INFO  o.s.w.s.m.m.a.RequestMappingHandlerMapping - Mapped &quot;{[/op/postageplan/exportFile],methods=[POST]}&quot; onto public org.oreframework.web.ui.ResultEntity&lt;com.glsx.oms.fcadmin.biz.op.postageplan.model.PostagePlan&gt; com.glsx.oms.fcadmin.biz.op.postageplan.controller.PostagePlanController.exportFile(com.glsx.oms.fcadmin.biz.op.postageplan.model.PostagePlan)
2018-08-08 17:04:53.750 [oms-fcadmin] [main] INFO  o.s.w.s.m.m.a.RequestMappingHandlerMapping - Mapped &quot;{[/order/outorder/{id}],methods=[GET]}&quot; onto public org.oreframework.web.ui.ResultEntity&lt;com.glsx.oms.fcadmin.biz.order.outorder.model.OutOrder&gt; com.glsx.oms.fcadmin.biz.order.outorder.controller.OutOrderController.get(java.lang.Integer)
2018-08-08 17:04:53.750 [oms-fcadmin] [main] INFO  o.s.w.s.m.m.a.RequestMappingHandlerMapping - Mapped &quot;{[/order/outorder/{id}],methods=[DELETE]}&quot; onto public org.oreframework.web.ui.ResultEntity&lt;com.glsx.oms.fcadmin.biz.order.outorder.model.OutOrder&gt; com.glsx.oms.fcadmin.biz.order.outorder.controller.OutOrderController.delete(java.lang.Integer)
2018-08-08 17:04:53.751 [oms-fcadmin] [main] INFO  o.s.w.s.m.m.a.RequestMappingHandlerMapping - Mapped &quot;{[/order/outorder],methods=[POST]}&quot; onto public org.oreframework.web.ui.ResultEntity&lt;com.glsx.oms.fcadmin.biz.order.outorder.model.OutOrder&gt; com.glsx.oms.fcadmin.biz.order.outorder.controller.OutOrderController.save(com.glsx.oms.fcadmin.biz.order.outorder.model.OutOrder)
2018-08-08 17:04:53.752 [oms-fcadmin] [main] INFO  o.s.w.s.m.m.a.RequestMappingHandlerMapping - Mapped &quot;{[/order/outorder],methods=[GET]}&quot; onto public org.oreframework.web.ui.ResponseEntity&lt;com.glsx.oms.fcadmin.biz.order.outorder.model.OutOrder&gt; com.glsx.oms.fcadmin.biz.order.outorder.controller.OutOrderController.getAll(com.glsx.oms.fcadmin.biz.order.outorder.model.OutOrder,org.oreframework.web.ui.Pagination)
2018-08-08 17:04:53.752 [oms-fcadmin] [main] INFO  o.s.w.s.m.m.a.RequestMappingHandlerMapping - Mapped &quot;{[/order/outorder/exportFile],methods=[POST]}&quot; onto public org.oreframework.web.ui.ResultEntity&lt;com.glsx.oms.fcadmin.biz.order.outorder.model.OutOrder&gt; com.glsx.oms.fcadmin.biz.order.outorder.controller.OutOrderController.exportFile(com.glsx.oms.fcadmin.biz.order.outorder.model.OutOrder)
2018-08-08 17:04:53.752 [oms-fcadmin] [main] INFO  o.s.w.s.m.m.a.RequestMappingHandlerMapping - Mapped &quot;{[/order/outorder/addExpressPic],methods=[POST]}&quot; onto public java.lang.String com.glsx.oms.fcadmin.biz.order.outorder.controller.OutOrderController.addExpressPic(org.springframework.web.multipart.MultipartFile,java.lang.String)
2018-08-08 17:04:53.774 [oms-fcadmin] [main] INFO  o.s.w.s.m.m.a.RequestMappingHandlerMapping - Mapped &quot;{[/order/outorder/addDeliveryResult],methods=[POST]}&quot; onto public org.oreframework.web.ui.ResultEntity&lt;com.glsx.oms.fcadmin.biz.order.outorder.model.OutOrder&gt; com.glsx.oms.fcadmin.biz.order.outorder.controller.OutOrderController.addDeliveryResult(com.glsx.oms.fcadmin.biz.order.outorder.model.OutOrder)
2018-08-08 17:04:53.779 [oms-fcadmin] [main] INFO  o.s.w.s.m.m.a.RequestMappingHandlerMapping - Mapped &quot;{[/pkg/flowpackage/{id}],methods=[GET]}&quot; onto public org.oreframework.web.ui.ResultEntity&lt;com.glsx.oms.fcadmin.biz.pkg.flowpackage.model.FlowPackage&gt; com.glsx.oms.fcadmin.biz.pkg.flowpackage.controller.FlowPackageController.get(java.lang.Integer)
2018-08-08 17:04:53.780 [oms-fcadmin] [main] INFO  o.s.w.s.m.m.a.RequestMappingHandlerMapping - Mapped &quot;{[/pkg/flowpackage/{id}],methods=[DELETE]}&quot; onto public org.oreframework.web.ui.ResultEntity&lt;com.glsx.oms.fcadmin.biz.pkg.flowpackage.model.FlowPackage&gt; com.glsx.oms.fcadmin.biz.pkg.flowpackage.controller.FlowPackageController.delete(java.lang.Integer)
2018-08-08 17:04:53.780 [oms-fcadmin] [main] INFO  o.s.w.s.m.m.a.RequestMappingHandlerMapping - Mapped &quot;{[/pkg/flowpackage],methods=[POST]}&quot; onto public org.oreframework.web.ui.ResultEntity&lt;com.glsx.oms.fcadmin.biz.pkg.flowpackage.model.FlowPackage&gt; com.glsx.oms.fcadmin.biz.pkg.flowpackage.controller.FlowPackageController.save(com.glsx.oms.fcadmin.biz.pkg.flowpackage.model.FlowPackage)
2018-08-08 17:04:53.780 [oms-fcadmin] [main] INFO  o.s.w.s.m.m.a.RequestMappingHandlerMapping - Mapped &quot;{[/pkg/flowpackage],methods=[GET]}&quot; onto public org.oreframework.web.ui.ResponseEntity&lt;com.glsx.oms.fcadmin.biz.pkg.flowpackage.model.FlowPackage&gt; com.glsx.oms.fcadmin.biz.pkg.flowpackage.controller.FlowPackageController.getAll(com.glsx.oms.fcadmin.biz.pkg.flowpackage.model.FlowPackage,org.oreframework.web.ui.Pagination)
2018-08-08 17:04:53.781 [oms-fcadmin] [main] INFO  o.s.w.s.m.m.a.RequestMappingHandlerMapping - Mapped &quot;{[/pkg/flowpackage/exportFile],methods=[POST]}&quot; onto public org.oreframework.web.ui.ResultEntity&lt;com.glsx.oms.fcadmin.biz.pkg.flowpackage.model.FlowPackage&gt; com.glsx.oms.fcadmin.biz.pkg.flowpackage.controller.FlowPackageController.exportFile(com.glsx.oms.fcadmin.biz.pkg.flowpackage.model.FlowPackage)
2018-08-08 17:04:53.781 [oms-fcadmin] [main] INFO  o.s.w.s.m.m.a.RequestMappingHandlerMapping - Mapped &quot;{[/pkg/flowpackage/existsByName],methods=[POST]}&quot; onto public java.util.Map&lt;java.lang.String, java.lang.Boolean&gt; com.glsx.oms.fcadmin.biz.pkg.flowpackage.controller.FlowPackageController.existsByName(com.glsx.oms.fcadmin.biz.pkg.flowpackage.model.FlowPackage)
2018-08-08 17:04:53.781 [oms-fcadmin] [main] INFO  o.s.w.s.m.m.a.RequestMappingHandlerMapping - Mapped &quot;{[/pkg/getFlowPkg],methods=[GET]}&quot; onto public org.oreframework.web.ui.ResponseEntity&lt;com.glsx.oms.fcadmin.biz.pkg.flowpackage.model.FlowPackage&gt; com.glsx.oms.fcadmin.biz.pkg.flowpackage.controller.FlowPackageController.getFlowPkg(java.lang.Integer)
2018-08-08 17:04:53.783 [oms-fcadmin] [main] INFO  o.s.w.s.m.m.a.RequestMappingHandlerMapping - Mapped &quot;{[/pkg/changePackageStatus],methods=[POST]}&quot; onto public org.oreframework.web.ui.ResultEntity&lt;com.glsx.oms.fcadmin.biz.pkg.flowpackage.model.FlowPackage&gt; com.glsx.oms.fcadmin.biz.pkg.flowpackage.controller.FlowPackageController.changePackageStatus(com.glsx.oms.fcadmin.biz.pkg.flowpackage.model.FlowPackage)
2018-08-08 17:04:53.786 [oms-fcadmin] [main] INFO  o.s.w.s.m.m.a.RequestMappingHandlerMapping - Mapped &quot;{[/pkg/renewpackage/{id}],methods=[GET]}&quot; onto public org.oreframework.web.ui.ResultEntity&lt;com.glsx.oms.fcadmin.biz.pkg.renewpackage.model.RenewPackage&gt; com.glsx.oms.fcadmin.biz.pkg.renewpackage.controller.RenewPackageController.get(java.lang.Integer)
2018-08-08 17:04:53.787 [oms-fcadmin] [main] INFO  o.s.w.s.m.m.a.RequestMappingHandlerMapping - Mapped &quot;{[/pkg/renewpackage/{id}],methods=[DELETE]}&quot; onto public org.oreframework.web.ui.ResultEntity&lt;com.glsx.oms.fcadmin.biz.pkg.renewpackage.model.RenewPackage&gt; com.glsx.oms.fcadmin.biz.pkg.renewpackage.controller.RenewPackageController.delete(java.lang.Integer)
2018-08-08 17:04:53.787 [oms-fcadmin] [main] INFO  o.s.w.s.m.m.a.RequestMappingHandlerMapping - Mapped &quot;{[/pkg/renewpackage],methods=[POST]}&quot; onto public org.oreframework.web.ui.ResultEntity&lt;com.glsx.oms.fcadmin.biz.pkg.renewpackage.model.RenewPackage&gt; com.glsx.oms.fcadmin.biz.pkg.renewpackage.controller.RenewPackageController.save(com.glsx.oms.fcadmin.biz.pkg.renewpackage.model.RenewPackage)
2018-08-08 17:04:53.787 [oms-fcadmin] [main] INFO  o.s.w.s.m.m.a.RequestMappingHandlerMapping - Mapped &quot;{[/pkg/renewpackage],methods=[GET]}&quot; onto public org.oreframework.web.ui.ResponseEntity&lt;com.glsx.oms.fcadmin.biz.pkg.renewpackage.model.RenewPackage&gt; com.glsx.oms.fcadmin.biz.pkg.renewpackage.controller.RenewPackageController.getAll(com.glsx.oms.fcadmin.biz.pkg.renewpackage.model.RenewPackage,org.oreframework.web.ui.Pagination)
2018-08-08 17:04:53.788 [oms-fcadmin] [main] INFO  o.s.w.s.m.m.a.RequestMappingHandlerMapping - Mapped &quot;{[/pkg/renewpackage/exportFile],methods=[POST]}&quot; onto public org.oreframework.web.ui.ResultEntity&lt;com.glsx.oms.fcadmin.biz.pkg.renewpackage.model.RenewPackage&gt; com.glsx.oms.fcadmin.biz.pkg.renewpackage.controller.RenewPackageController.exportFile(com.glsx.oms.fcadmin.biz.pkg.renewpackage.model.RenewPackage)
2018-08-08 17:04:53.788 [oms-fcadmin] [main] INFO  o.s.w.s.m.m.a.RequestMappingHandlerMapping - Mapped &quot;{[/pkg/getRenewPkg],methods=[GET]}&quot; onto public org.oreframework.web.ui.ResponseEntity&lt;com.glsx.oms.fcadmin.biz.pkg.renewpackage.model.RenewPackage&gt; com.glsx.oms.fcadmin.biz.pkg.renewpackage.controller.RenewPackageController.getRenewPkg(java.lang.Integer)
2018-08-08 17:04:53.788 [oms-fcadmin] [main] INFO  o.s.w.s.m.m.a.RequestMappingHandlerMapping - Mapped &quot;{[/pkg/changeRenewPackageStatus],methods=[POST]}&quot; onto public org.oreframework.web.ui.ResultEntity&lt;com.glsx.oms.fcadmin.biz.pkg.renewpackage.model.RenewPackage&gt; com.glsx.oms.fcadmin.biz.pkg.renewpackage.controller.RenewPackageController.changeRenewPackageStatus(com.glsx.oms.fcadmin.biz.pkg.renewpackage.model.RenewPackage)
2018-08-08 17:04:53.790 [oms-fcadmin] [main] INFO  o.s.w.s.m.m.a.RequestMappingHandlerMapping - Mapped &quot;{[/recharge/rechargeorder/{id}],methods=[GET]}&quot; onto public org.oreframework.web.ui.ResultEntity&lt;com.glsx.oms.fcadmin.biz.recharge.rechargeorder.model.RechargeOrder&gt; com.glsx.oms.fcadmin.biz.recharge.rechargeorder.controller.RechargeOrderController.get(java.lang.Integer)
2018-08-08 17:04:53.791 [oms-fcadmin] [main] INFO  o.s.w.s.m.m.a.RequestMappingHandlerMapping - Mapped &quot;{[/recharge/rechargeorder/{id}],methods=[DELETE]}&quot; onto public org.oreframework.web.ui.ResultEntity&lt;com.glsx.oms.fcadmin.biz.recharge.rechargeorder.model.RechargeOrder&gt; com.glsx.oms.fcadmin.biz.recharge.rechargeorder.controller.RechargeOrderController.delete(java.lang.Integer)
2018-08-08 17:04:53.793 [oms-fcadmin] [main] INFO  o.s.w.s.m.m.a.RequestMappingHandlerMapping - Mapped &quot;{[/recharge/rechargeorder],methods=[POST]}&quot; onto public org.oreframework.web.ui.ResultEntity&lt;com.glsx.oms.fcadmin.biz.recharge.rechargeorder.model.RechargeOrder&gt; com.glsx.oms.fcadmin.biz.recharge.rechargeorder.controller.RechargeOrderController.save(com.glsx.oms.fcadmin.biz.recharge.rechargeorder.model.RechargeOrder)
2018-08-08 17:04:53.793 [oms-fcadmin] [main] INFO  o.s.w.s.m.m.a.RequestMappingHandlerMapping - Mapped &quot;{[/recharge/rechargeorder],methods=[GET]}&quot; onto public org.oreframework.web.ui.ResponseEntity&lt;com.glsx.oms.fcadmin.biz.recharge.rechargeorder.model.RechargeOrder&gt; com.glsx.oms.fcadmin.biz.recharge.rechargeorder.controller.RechargeOrderController.getAll(org.oreframework.web.ui.Pagination)
2018-08-08 17:04:53.793 [oms-fcadmin] [main] INFO  o.s.w.s.m.m.a.RequestMappingHandlerMapping - Mapped &quot;{[/recharge/rechargeorder/exportFile],methods=[POST]}&quot; onto public org.oreframework.web.ui.ResultEntity&lt;com.glsx.oms.fcadmin.biz.recharge.rechargeorder.model.RechargeOrder&gt; com.glsx.oms.fcadmin.biz.recharge.rechargeorder.controller.RechargeOrderController.exportFile(com.glsx.oms.fcadmin.biz.recharge.rechargeorder.model.RechargeOrder)
2018-08-08 17:04:53.795 [oms-fcadmin] [main] INFO  o.s.w.s.m.m.a.RequestMappingHandlerMapping - Mapped &quot;{[/recovery/recycle/{id}],methods=[GET]}&quot; onto public org.oreframework.web.ui.ResultEntity&lt;com.glsx.oms.fcadmin.biz.recovery.recycle.model.Recycle&gt; com.glsx.oms.fcadmin.biz.recovery.recycle.controller.RecycleController.get(java.lang.Integer)
2018-08-08 17:04:53.795 [oms-fcadmin] [main] INFO  o.s.w.s.m.m.a.RequestMappingHandlerMapping - Mapped &quot;{[/recovery/recycle],methods=[POST]}&quot; onto public org.oreframework.web.ui.ResultEntity&lt;com.glsx.oms.fcadmin.biz.recovery.recycle.model.Recycle&gt; com.glsx.oms.fcadmin.biz.recovery.recycle.controller.RecycleController.save(com.glsx.oms.fcadmin.biz.recovery.recycle.model.Recycle)
2018-08-08 17:04:53.795 [oms-fcadmin] [main] INFO  o.s.w.s.m.m.a.RequestMappingHandlerMapping - Mapped &quot;{[/recovery/recycle],methods=[GET]}&quot; onto public org.oreframework.web.ui.ResponseEntity&lt;com.glsx.oms.fcadmin.biz.recovery.recycle.model.Recycle&gt; com.glsx.oms.fcadmin.biz.recovery.recycle.controller.RecycleController.getAll(org.oreframework.web.ui.Pagination)
2018-08-08 17:04:53.796 [oms-fcadmin] [main] INFO  o.s.w.s.m.m.a.RequestMappingHandlerMapping - Mapped &quot;{[/recovery/toRecyclingOp/{id}],methods=[GET]}&quot; onto public org.oreframework.web.ui.ResultEntity&lt;com.glsx.oms.fcadmin.biz.recovery.recycle.model.RecycleQuery&gt; com.glsx.oms.fcadmin.biz.recovery.recycle.controller.RecycleController.toRecyclingOp(java.lang.Integer)
2018-08-08 17:04:53.804 [oms-fcadmin] [main] INFO  o.s.w.s.m.m.a.RequestMappingHandlerMapping - Mapped &quot;{[/recovery/recycleRecord],methods=[POST]}&quot; onto public org.oreframework.web.ui.ResultEntity&lt;com.glsx.oms.fcadmin.biz.recovery.recycle.model.RecycleRecord&gt; com.glsx.oms.fcadmin.biz.recovery.recycle.controller.RecycleRecordController.save(com.glsx.oms.fcadmin.biz.recovery.recycle.model.RecycleQuery)
2018-08-08 17:04:53.805 [oms-fcadmin] [main] INFO  o.s.w.s.m.m.a.RequestMappingHandlerMapping - Mapped &quot;{[/recovery/recycleRecord],methods=[GET]}&quot; onto public org.oreframework.web.ui.ResponseEntity&lt;com.glsx.oms.fcadmin.biz.recovery.recycle.model.RecycleRecord&gt; com.glsx.oms.fcadmin.biz.recovery.recycle.controller.RecycleRecordController.getAll(com.glsx.oms.fcadmin.biz.recovery.recycle.model.RecycleRecordQuery,org.oreframework.web.ui.Pagination)
2018-08-08 17:04:53.805 [oms-fcadmin] [main] INFO  o.s.w.s.m.m.a.RequestMappingHandlerMapping - Mapped &quot;{[/recovery/toRecyclingOp]}&quot; onto public org.oreframework.web.ui.ResultEntity&lt;com.glsx.oms.fcadmin.biz.recovery.recycle.model.RecycleQuery&gt; com.glsx.oms.fcadmin.biz.recovery.recycle.controller.RecycleRecordController.toRecyclingOp(com.glsx.oms.fcadmin.biz.recovery.recycle.model.RecycleQuery)
2018-08-08 17:04:53.808 [oms-fcadmin] [main] INFO  o.s.w.s.m.m.a.RequestMappingHandlerMapping - Mapped &quot;{[/recovery/recyclingOp]}&quot; onto public org.oreframework.web.ui.ResultEntity&lt;com.glsx.oms.fcadmin.biz.recovery.recycle.model.RecycleQuery&gt; com.glsx.oms.fcadmin.biz.recovery.recycle.controller.RecycleRecordController.recyclingOp(com.glsx.oms.fcadmin.biz.recovery.recycle.model.RecycleQuery)
2018-08-08 17:04:53.808 [oms-fcadmin] [main] INFO  o.s.w.s.m.m.a.RequestMappingHandlerMapping - Mapped &quot;{[/recovery/queryRecycleCard]}&quot; onto public org.oreframework.web.ui.ResultEntity&lt;com.glsx.oms.fcadmin.biz.recovery.recycle.model.RecycleQuery&gt; com.glsx.oms.fcadmin.biz.recovery.recycle.controller.RecycleRecordController.queryRecycleCard(com.glsx.oms.fcadmin.biz.recovery.recycle.model.RecycleQuery)
2018-08-08 17:04:53.808 [oms-fcadmin] [main] INFO  o.s.w.s.m.m.a.RequestMappingHandlerMapping - Mapped &quot;{[/recovery/existsByRecycleCard],methods=[POST]}&quot; onto public java.util.Map&lt;java.lang.String, java.lang.Object&gt; com.glsx.oms.fcadmin.biz.recovery.recycle.controller.RecycleRecordController.existsByRecycleCard(com.glsx.oms.fcadmin.biz.recovery.recycle.model.RecycleRecord)
2018-08-08 17:04:53.810 [oms-fcadmin] [main] INFO  o.s.w.s.m.m.a.RequestMappingHandlerMapping - Mapped &quot;{[/recovery/transfer/{id}],methods=[GET]}&quot; onto public org.oreframework.web.ui.ResultEntity&lt;com.glsx.oms.fcadmin.biz.recovery.transfer.model.Transfer&gt; com.glsx.oms.fcadmin.biz.recovery.transfer.controller.TransferController.get(java.lang.Integer)
2018-08-08 17:04:53.810 [oms-fcadmin] [main] INFO  o.s.w.s.m.m.a.RequestMappingHandlerMapping - Mapped &quot;{[/recovery/transfer/{id}],methods=[DELETE]}&quot; onto public org.oreframework.web.ui.ResultEntity&lt;com.glsx.oms.fcadmin.biz.recovery.transfer.model.Transfer&gt; com.glsx.oms.fcadmin.biz.recovery.transfer.controller.TransferController.delete(java.lang.Integer)
2018-08-08 17:04:53.810 [oms-fcadmin] [main] INFO  o.s.w.s.m.m.a.RequestMappingHandlerMapping - Mapped &quot;{[/recovery/transfer],methods=[POST]}&quot; onto public org.oreframework.web.ui.ResultEntity&lt;com.glsx.oms.fcadmin.biz.recovery.transfer.model.Transfer&gt; com.glsx.oms.fcadmin.biz.recovery.transfer.controller.TransferController.save(com.glsx.oms.fcadmin.biz.recovery.transfer.model.Transfer)
2018-08-08 17:04:53.810 [oms-fcadmin] [main] INFO  o.s.w.s.m.m.a.RequestMappingHandlerMapping - Mapped &quot;{[/recovery/transfer],methods=[GET]}&quot; onto public org.oreframework.web.ui.ResponseEntity&lt;com.glsx.oms.fcadmin.biz.recovery.transfer.model.Transfer&gt; com.glsx.oms.fcadmin.biz.recovery.transfer.controller.TransferController.getAll(org.oreframework.web.ui.Pagination)
2018-08-08 17:04:53.812 [oms-fcadmin] [main] INFO  o.s.w.s.m.m.a.RequestMappingHandlerMapping - Mapped &quot;{[/recovery/transfer/exportFile],methods=[POST]}&quot; onto public org.oreframework.web.ui.ResultEntity&lt;com.glsx.oms.fcadmin.biz.recovery.transfer.model.Transfer&gt; com.glsx.oms.fcadmin.biz.recovery.transfer.controller.TransferController.exportFile(com.glsx.oms.fcadmin.biz.recovery.transfer.model.Transfer)
2018-08-08 17:04:53.813 [oms-fcadmin] [main] INFO  o.s.w.s.m.m.a.RequestMappingHandlerMapping - Mapped &quot;{[/recovery/transferRecord],methods=[POST]}&quot; onto public org.oreframework.web.ui.ResultEntity&lt;com.glsx.oms.fcadmin.biz.recovery.transfer.model.TransferRecord&gt; com.glsx.oms.fcadmin.biz.recovery.transfer.controller.TransferRecordController.save(com.glsx.oms.fcadmin.biz.recovery.transfer.model.TransferRecord)
2018-08-08 17:04:53.814 [oms-fcadmin] [main] INFO  o.s.w.s.m.m.a.RequestMappingHandlerMapping - Mapped &quot;{[/recovery/transferRecord],methods=[GET]}&quot; onto public org.oreframework.web.ui.ResponseEntity&lt;com.glsx.oms.fcadmin.biz.recovery.transfer.model.TransferRecord&gt; com.glsx.oms.fcadmin.biz.recovery.transfer.controller.TransferRecordController.getAll(com.glsx.oms.fcadmin.biz.recovery.transfer.model.TransferRecordQuery,org.oreframework.web.ui.Pagination)
2018-08-08 17:04:53.814 [oms-fcadmin] [main] INFO  o.s.w.s.m.m.a.RequestMappingHandlerMapping - Mapped &quot;{[/recovery/transferingOp]}&quot; onto public org.oreframework.web.ui.ResultEntity&lt;com.glsx.oms.fcadmin.biz.recovery.transfer.model.TransferRecord&gt; com.glsx.oms.fcadmin.biz.recovery.transfer.controller.TransferRecordController.recyclingOp(com.glsx.oms.fcadmin.biz.recovery.transfer.model.TransferRecord)
2018-08-08 17:04:53.814 [oms-fcadmin] [main] INFO  o.s.w.s.m.m.a.RequestMappingHandlerMapping - Mapped &quot;{[/recovery/toTransferingOp]}&quot; onto public java.util.Map&lt;java.lang.String, java.lang.Object&gt; com.glsx.oms.fcadmin.biz.recovery.transfer.controller.TransferRecordController.toTransferingOp(com.glsx.oms.fcadmin.biz.recovery.transfer.model.TransferRecordQuery)
2018-08-08 17:04:53.814 [oms-fcadmin] [main] INFO  o.s.w.s.m.m.a.RequestMappingHandlerMapping - Mapped &quot;{[/recovery/existsByTransferCard],methods=[POST]}&quot; onto public java.util.Map&lt;java.lang.String, java.lang.Object&gt; com.glsx.oms.fcadmin.biz.recovery.transfer.controller.TransferRecordController.existsByTransferCard(com.glsx.oms.fcadmin.biz.recovery.transfer.model.TransferRecord)
2018-08-08 17:04:53.818 [oms-fcadmin] [main] INFO  o.s.w.s.m.m.a.RequestMappingHandlerMapping - Mapped &quot;{[/renewOrder/getRenewInfo],methods=[GET]}&quot; onto public org.oreframework.web.ui.ResponseEntity&lt;com.glsx.oms.fcadmin.biz.reneworder.model.RenewCount&gt; com.glsx.oms.fcadmin.biz.reneworder.controller.RenewOrderController.getRenewInfo(org.oreframework.web.ui.Pagination)
2018-08-08 17:04:53.836 [oms-fcadmin] [main] INFO  o.s.w.s.m.m.a.RequestMappingHandlerMapping - Mapped &quot;{[/renewOrder/findList],methods=[GET]}&quot; onto public org.oreframework.web.ui.ResponseEntity&lt;com.glsx.oms.fcadmin.biz.reneworder.model.RenewOrder&gt; com.glsx.oms.fcadmin.biz.reneworder.controller.RenewOrderController.findList(com.glsx.oms.fcadmin.biz.reneworder.model.RenewOrder,org.oreframework.web.ui.Pagination)
2018-08-08 17:04:53.836 [oms-fcadmin] [main] INFO  o.s.w.s.m.m.a.RequestMappingHandlerMapping - Mapped &quot;{[/renewOrder/exportRenewOrderFile],methods=[POST]}&quot; onto public org.oreframework.web.ui.ResultEntity&lt;com.glsx.oms.fcadmin.biz.reneworder.model.RenewOrder&gt; com.glsx.oms.fcadmin.biz.reneworder.controller.RenewOrderController.exportRenewOrderFile(com.glsx.oms.fcadmin.biz.reneworder.model.RenewOrder)
2018-08-08 17:04:53.837 [oms-fcadmin] [main] INFO  o.s.w.s.m.m.a.RequestMappingHandlerMapping - Mapped &quot;{[/sp/flowpackagelist/{id}],methods=[GET]}&quot; onto public org.oreframework.web.ui.ResultEntity&lt;com.glsx.oms.fcadmin.biz.sp.flowpackagelist.model.FlowPackageList&gt; com.glsx.oms.fcadmin.biz.sp.flowpackagelist.controller.FlowPackageListController.get(java.lang.Integer)
2018-08-08 17:04:53.838 [oms-fcadmin] [main] INFO  o.s.w.s.m.m.a.RequestMappingHandlerMapping - Mapped &quot;{[/sp/flowpackagelist/{id}],methods=[DELETE]}&quot; onto public org.oreframework.web.ui.ResultEntity&lt;com.glsx.oms.fcadmin.biz.sp.flowpackagelist.model.FlowPackageList&gt; com.glsx.oms.fcadmin.biz.sp.flowpackagelist.controller.FlowPackageListController.delete(java.lang.Integer)
2018-08-08 17:04:53.838 [oms-fcadmin] [main] INFO  o.s.w.s.m.m.a.RequestMappingHandlerMapping - Mapped &quot;{[/sp/flowpackagelist],methods=[POST]}&quot; onto public org.oreframework.web.ui.ResultEntity&lt;com.glsx.oms.fcadmin.biz.sp.flowpackagelist.model.FlowPackageList&gt; com.glsx.oms.fcadmin.biz.sp.flowpackagelist.controller.FlowPackageListController.save(com.glsx.oms.fcadmin.biz.sp.flowpackagelist.model.FlowPackageList)
2018-08-08 17:04:53.838 [oms-fcadmin] [main] INFO  o.s.w.s.m.m.a.RequestMappingHandlerMapping - Mapped &quot;{[/sp/flowpackagelist],methods=[GET]}&quot; onto public org.oreframework.web.ui.ResponseEntity&lt;com.glsx.oms.fcadmin.biz.sp.flowpackagelist.model.FlowPackageList&gt; com.glsx.oms.fcadmin.biz.sp.flowpackagelist.controller.FlowPackageListController.getAll(org.oreframework.web.ui.Pagination)
2018-08-08 17:04:53.838 [oms-fcadmin] [main] INFO  o.s.w.s.m.m.a.RequestMappingHandlerMapping - Mapped &quot;{[/sp/flowpackagelist/exportFile],methods=[POST]}&quot; onto public org.oreframework.web.ui.ResultEntity&lt;com.glsx.oms.fcadmin.biz.sp.flowpackagelist.model.FlowPackageList&gt; com.glsx.oms.fcadmin.biz.sp.flowpackagelist.controller.FlowPackageListController.exportFile(com.glsx.oms.fcadmin.biz.sp.flowpackagelist.model.FlowPackageList)
2018-08-08 17:04:53.839 [oms-fcadmin] [main] INFO  o.s.w.s.m.m.a.RequestMappingHandlerMapping - Mapped &quot;{[/sp/flowservice/{id}],methods=[GET]}&quot; onto public org.oreframework.web.ui.ResultEntity&lt;com.glsx.oms.fcadmin.biz.sp.flowservice.model.FlowService&gt; com.glsx.oms.fcadmin.biz.sp.flowservice.controller.FlowServiceController.get(java.lang.Integer)
2018-08-08 17:04:53.840 [oms-fcadmin] [main] INFO  o.s.w.s.m.m.a.RequestMappingHandlerMapping - Mapped &quot;{[/sp/flowservice/{id}],methods=[DELETE]}&quot; onto public org.oreframework.web.ui.ResultEntity&lt;com.glsx.oms.fcadmin.biz.sp.flowservice.model.FlowService&gt; com.glsx.oms.fcadmin.biz.sp.flowservice.controller.FlowServiceController.delete(java.lang.Integer)
2018-08-08 17:04:53.840 [oms-fcadmin] [main] INFO  o.s.w.s.m.m.a.RequestMappingHandlerMapping - Mapped &quot;{[/sp/flowservice],methods=[POST]}&quot; onto public org.oreframework.web.ui.ResultEntity&lt;com.glsx.oms.fcadmin.biz.sp.flowservice.model.FlowService&gt; com.glsx.oms.fcadmin.biz.sp.flowservice.controller.FlowServiceController.save(com.glsx.oms.fcadmin.biz.sp.flowservice.model.FlowService)
2018-08-08 17:04:53.840 [oms-fcadmin] [main] INFO  o.s.w.s.m.m.a.RequestMappingHandlerMapping - Mapped &quot;{[/sp/flowservice],methods=[GET]}&quot; onto public org.oreframework.web.ui.ResponseEntity&lt;com.glsx.oms.fcadmin.biz.sp.flowservice.model.FlowService&gt; com.glsx.oms.fcadmin.biz.sp.flowservice.controller.FlowServiceController.getAll(org.oreframework.web.ui.Pagination)
2018-08-08 17:04:53.846 [oms-fcadmin] [main] INFO  o.s.w.s.m.m.a.RequestMappingHandlerMapping - Mapped &quot;{[/sp/flowservice/exportFile],methods=[POST]}&quot; onto public org.oreframework.web.ui.ResultEntity&lt;com.glsx.oms.fcadmin.biz.sp.flowservice.model.FlowService&gt; com.glsx.oms.fcadmin.biz.sp.flowservice.controller.FlowServiceController.exportFile(com.glsx.oms.fcadmin.biz.sp.flowservice.model.FlowService)
2018-08-08 17:04:53.850 [oms-fcadmin] [main] INFO  o.s.w.s.m.m.a.RequestMappingHandlerMapping - Mapped &quot;{[/sp/sp/{id}],methods=[GET]}&quot; onto public org.oreframework.web.ui.ResultEntity&lt;com.glsx.oms.fcadmin.biz.sp.sp.model.Sp&gt; com.glsx.oms.fcadmin.biz.sp.sp.controller.SpController.get(java.lang.Integer)
2018-08-08 17:04:53.850 [oms-fcadmin] [main] INFO  o.s.w.s.m.m.a.RequestMappingHandlerMapping - Mapped &quot;{[/sp/sp/{id}],methods=[DELETE]}&quot; onto public org.oreframework.web.ui.ResultEntity&lt;com.glsx.oms.fcadmin.biz.sp.sp.model.Sp&gt; com.glsx.oms.fcadmin.biz.sp.sp.controller.SpController.delete(java.lang.Integer)
2018-08-08 17:04:53.851 [oms-fcadmin] [main] INFO  o.s.w.s.m.m.a.RequestMappingHandlerMapping - Mapped &quot;{[/sp/sp],methods=[GET]}&quot; onto public org.oreframework.web.ui.ResponseEntity&lt;com.glsx.oms.fcadmin.biz.sp.sp.model.Sp&gt; com.glsx.oms.fcadmin.biz.sp.sp.controller.SpController.getAll(org.oreframework.web.ui.Pagination)
2018-08-08 17:04:53.851 [oms-fcadmin] [main] INFO  o.s.w.s.m.m.a.RequestMappingHandlerMapping - Mapped &quot;{[/sp/sp],methods=[POST]}&quot; onto public org.oreframework.web.ui.ResultEntity&lt;com.glsx.oms.fcadmin.biz.sp.sp.model.Sp&gt; com.glsx.oms.fcadmin.biz.sp.sp.controller.SpController.saveSp(com.glsx.oms.fcadmin.biz.sp.sp.model.Sp)
2018-08-08 17:04:53.851 [oms-fcadmin] [main] INFO  o.s.w.s.m.m.a.RequestMappingHandlerMapping - Mapped &quot;{[/sp/getSpList],methods=[GET]}&quot; onto public org.oreframework.web.ui.ResponseEntity&lt;com.glsx.oms.fcadmin.biz.sp.sp.model.Sp&gt; com.glsx.oms.fcadmin.biz.sp.sp.controller.SpController.getSpList(org.oreframework.web.ui.Pagination)
2018-08-08 17:04:53.851 [oms-fcadmin] [main] INFO  o.s.w.s.m.m.a.RequestMappingHandlerMapping - Mapped &quot;{[/sp/deleteSpById],methods=[DELETE]}&quot; onto public org.oreframework.web.ui.ResultEntity&lt;com.glsx.oms.fcadmin.biz.sp.sp.model.Sp&gt; com.glsx.oms.fcadmin.biz.sp.sp.controller.SpController.deleteSpById(java.lang.Integer)
2018-08-08 17:04:53.851 [oms-fcadmin] [main] INFO  o.s.w.s.m.m.a.RequestMappingHandlerMapping - Mapped &quot;{[/sp/getSpdetail],methods=[GET]}&quot; onto public java.util.Map&lt;java.lang.String, com.glsx.oms.fcadmin.biz.sp.sp.model.Sp&gt; com.glsx.oms.fcadmin.biz.sp.sp.controller.SpController.getSpdetail(java.lang.Integer)
2018-08-08 17:04:53.852 [oms-fcadmin] [main] INFO  o.s.w.s.m.m.a.RequestMappingHandlerMapping - Mapped &quot;{[/sp/updateSp],methods=[POST]}&quot; onto public org.oreframework.web.ui.ResultEntity&lt;com.glsx.oms.fcadmin.biz.sp.sp.model.Sp&gt; com.glsx.oms.fcadmin.biz.sp.sp.controller.SpController.updateSp(com.glsx.oms.fcadmin.biz.sp.sp.model.Sp)
2018-08-08 17:04:53.852 [oms-fcadmin] [main] INFO  o.s.w.s.m.m.a.RequestMappingHandlerMapping - Mapped &quot;{[/sp/existBySpName],methods=[POST]}&quot; onto public org.oreframework.web.ui.ResultEntity&lt;java.lang.Boolean&gt; com.glsx.oms.fcadmin.biz.sp.sp.controller.SpController.existBySpName(com.glsx.oms.fcadmin.biz.sp.sp.model.Sp)
2018-08-08 17:04:53.852 [oms-fcadmin] [main] INFO  o.s.w.s.m.m.a.RequestMappingHandlerMapping - Mapped &quot;{[/sp/getSpNameByLevel],methods=[GET]}&quot; onto public org.oreframework.web.ui.ResultEntity&lt;java.util.List&lt;com.glsx.oms.fcadmin.biz.sp.sp.model.Sp&gt;&gt; com.glsx.oms.fcadmin.biz.sp.sp.controller.SpController.getSpNameByLevel(java.lang.Integer)
2018-08-08 17:04:53.852 [oms-fcadmin] [main] INFO  o.s.w.s.m.m.a.RequestMappingHandlerMapping - Mapped &quot;{[/sp/getProvinceList],methods=[GET]}&quot; onto public java.util.Map&lt;java.lang.String, java.util.List&lt;com.glsx.biz.common.base.entity.Province&gt;&gt; com.glsx.oms.fcadmin.biz.sp.sp.controller.SpController.getProvinceList()
2018-08-08 17:04:53.852 [oms-fcadmin] [main] INFO  o.s.w.s.m.m.a.RequestMappingHandlerMapping - Mapped &quot;{[/sp/getCityList],methods=[GET]}&quot; onto public java.util.Map&lt;java.lang.String, java.util.List&lt;com.glsx.biz.common.base.entity.City&gt;&gt; com.glsx.oms.fcadmin.biz.sp.sp.controller.SpController.getCityList(java.lang.Integer)
2018-08-08 17:04:53.861 [oms-fcadmin] [main] INFO  o.s.w.s.m.m.a.RequestMappingHandlerMapping - Mapped &quot;{[/error]}&quot; onto public org.springframework.http.ResponseEntity&lt;java.util.Map&lt;java.lang.String, java.lang.Object&gt;&gt; org.springframework.boot.autoconfigure.web.BasicErrorController.error(javax.servlet.http.HttpServletRequest)
2018-08-08 17:04:53.861 [oms-fcadmin] [main] INFO  o.s.w.s.m.m.a.RequestMappingHandlerMapping - Mapped &quot;{[/error],produces=[text/html]}&quot; onto public org.springframework.web.servlet.ModelAndView org.springframework.boot.autoconfigure.web.BasicErrorController.errorHtml(javax.servlet.http.HttpServletRequest,javax.servlet.http.HttpServletResponse)
2018-08-08 17:04:53.866 [oms-fcadmin] [main] INFO  o.s.c.s.PostProcessorRegistrationDelegate$BeanPostProcessorChecker - Bean &apos;requestMappingHandlerMapping&apos; of type [class org.springframework.web.servlet.mvc.method.annotation.RequestMappingHandlerMapping] is not eligible for getting processed by all BeanPostProcessors (for example: not eligible for auto-proxying)
2018-08-08 17:04:53.880 [oms-fcadmin] [main] INFO  o.s.c.s.PostProcessorRegistrationDelegate$BeanPostProcessorChecker - Bean &apos;mvcPathMatcher&apos; of type [class org.springframework.util.AntPathMatcher] is not eligible for getting processed by all BeanPostProcessors (for example: not eligible for auto-proxying)
2018-08-08 17:04:53.884 [oms-fcadmin] [main] INFO  o.s.c.s.PostProcessorRegistrationDelegate$BeanPostProcessorChecker - Bean &apos;mvcUrlPathHelper&apos; of type [class org.springframework.web.util.UrlPathHelper] is not eligible for getting processed by all BeanPostProcessors (for example: not eligible for auto-proxying)
2018-08-08 17:04:53.897 [oms-fcadmin] [main] INFO  o.s.c.s.PostProcessorRegistrationDelegate$BeanPostProcessorChecker - Bean &apos;viewControllerHandlerMapping&apos; of type [class org.springframework.web.servlet.config.annotation.WebMvcConfigurationSupport$EmptyHandlerMapping] is not eligible for getting processed by all BeanPostProcessors (for example: not eligible for auto-proxying)
2018-08-08 17:04:53.935 [oms-fcadmin] [main] INFO  o.s.c.s.PostProcessorRegistrationDelegate$BeanPostProcessorChecker - Bean &apos;beanNameHandlerMapping&apos; of type [class org.springframework.web.servlet.handler.BeanNameUrlHandlerMapping] is not eligible for getting processed by all BeanPostProcessors (for example: not eligible for auto-proxying)
2018-08-08 17:04:53.971 [oms-fcadmin] [main] INFO  o.s.w.s.h.SimpleUrlHandlerMapping - Mapped URL path [/webjars/**] onto handler of type [class org.springframework.web.servlet.resource.ResourceHttpRequestHandler]
2018-08-08 17:04:53.971 [oms-fcadmin] [main] INFO  o.s.w.s.h.SimpleUrlHandlerMapping - Mapped URL path [/**] onto handler of type [class org.springframework.web.servlet.resource.ResourceHttpRequestHandler]
2018-08-08 17:04:53.971 [oms-fcadmin] [main] INFO  o.s.c.s.PostProcessorRegistrationDelegate$BeanPostProcessorChecker - Bean &apos;resourceHandlerMapping&apos; of type [class org.springframework.web.servlet.handler.SimpleUrlHandlerMapping] is not eligible for getting processed by all BeanPostProcessors (for example: not eligible for auto-proxying)
2018-08-08 17:04:53.978 [oms-fcadmin] [main] INFO  o.s.c.s.PostProcessorRegistrationDelegate$BeanPostProcessorChecker - Bean &apos;defaultServletHandlerMapping&apos; of type [class org.springframework.web.servlet.config.annotation.WebMvcConfigurationSupport$EmptyHandlerMapping] is not eligible for getting processed by all BeanPostProcessors (for example: not eligible for auto-proxying)
2018-08-08 17:04:53.992 [oms-fcadmin] [main] INFO  o.s.c.s.PostProcessorRegistrationDelegate$BeanPostProcessorChecker - Bean &apos;mvcUriComponentsContributor&apos; of type [class org.springframework.web.method.support.CompositeUriComponentsContributor] is not eligible for getting processed by all BeanPostProcessors (for example: not eligible for auto-proxying)
2018-08-08 17:04:54.007 [oms-fcadmin] [main] INFO  o.s.c.s.PostProcessorRegistrationDelegate$BeanPostProcessorChecker - Bean &apos;httpRequestHandlerAdapter&apos; of type [class org.springframework.web.servlet.mvc.HttpRequestHandlerAdapter] is not eligible for getting processed by all BeanPostProcessors (for example: not eligible for auto-proxying)
2018-08-08 17:04:54.013 [oms-fcadmin] [main] INFO  o.s.c.s.PostProcessorRegistrationDelegate$BeanPostProcessorChecker - Bean &apos;simpleControllerHandlerAdapter&apos; of type [class org.springframework.web.servlet.mvc.SimpleControllerHandlerAdapter] is not eligible for getting processed by all BeanPostProcessors (for example: not eligible for auto-proxying)
2018-08-08 17:04:54.055 [oms-fcadmin] [main] INFO  o.s.c.s.PostProcessorRegistrationDelegate$BeanPostProcessorChecker - Bean &apos;handlerExceptionResolver&apos; of type [class org.springframework.web.servlet.handler.HandlerExceptionResolverComposite] is not eligible for getting processed by all BeanPostProcessors (for example: not eligible for auto-proxying)
2018-08-08 17:04:54.069 [oms-fcadmin] [main] INFO  o.s.c.s.PostProcessorRegistrationDelegate$BeanPostProcessorChecker - Bean &apos;mvcViewResolver&apos; of type [class org.springframework.web.servlet.view.ViewResolverComposite] is not eligible for getting processed by all BeanPostProcessors (for example: not eligible for auto-proxying)
2018-08-08 17:04:54.077 [oms-fcadmin] [main] INFO  o.s.c.s.PostProcessorRegistrationDelegate$BeanPostProcessorChecker - Bean &apos;org.springframework.boot.autoconfigure.web.WebMvcAutoConfiguration$WebMvcAutoConfigurationAdapter$FaviconConfiguration&apos; of type [class org.springframework.boot.autoconfigure.web.WebMvcAutoConfiguration$WebMvcAutoConfigurationAdapter$FaviconConfiguration$$EnhancerBySpringCGLIB$$81058505] is not eligible for getting processed by all BeanPostProcessors (for example: not eligible for auto-proxying)
2018-08-08 17:04:54.101 [oms-fcadmin] [main] INFO  o.s.c.s.PostProcessorRegistrationDelegate$BeanPostProcessorChecker - Bean &apos;faviconRequestHandler&apos; of type [class org.springframework.web.servlet.resource.ResourceHttpRequestHandler] is not eligible for getting processed by all BeanPostProcessors (for example: not eligible for auto-proxying)
2018-08-08 17:04:54.109 [oms-fcadmin] [main] INFO  o.s.w.s.h.SimpleUrlHandlerMapping - Mapped URL path [/**/favicon.ico] onto handler of type [class org.springframework.web.servlet.resource.ResourceHttpRequestHandler]
2018-08-08 17:04:54.109 [oms-fcadmin] [main] INFO  o.s.c.s.PostProcessorRegistrationDelegate$BeanPostProcessorChecker - Bean &apos;faviconHandlerMapping&apos; of type [class org.springframework.web.servlet.handler.SimpleUrlHandlerMapping] is not eligible for getting processed by all BeanPostProcessors (for example: not eligible for auto-proxying)
2018-08-08 17:04:54.137 [oms-fcadmin] [main] INFO  o.s.c.s.PostProcessorRegistrationDelegate$BeanPostProcessorChecker - Bean &apos;defaultViewResolver&apos; of type [class org.springframework.web.servlet.view.InternalResourceViewResolver] is not eligible for getting processed by all BeanPostProcessors (for example: not eligible for auto-proxying)
2018-08-08 17:04:54.186 [oms-fcadmin] [main] INFO  o.s.c.s.PostProcessorRegistrationDelegate$BeanPostProcessorChecker - Bean &apos;spring.freemarker-org.springframework.boot.autoconfigure.freemarker.FreeMarkerProperties&apos; of type [class org.springframework.boot.autoconfigure.freemarker.FreeMarkerProperties] is not eligible for getting processed by all BeanPostProcessors (for example: not eligible for auto-proxying)
2018-08-08 17:04:54.190 [oms-fcadmin] [main] INFO  o.s.c.s.PostProcessorRegistrationDelegate$BeanPostProcessorChecker - Bean &apos;org.springframework.boot.autoconfigure.freemarker.FreeMarkerAutoConfiguration$FreeMarkerWebConfiguration&apos; of type [class org.springframework.boot.autoconfigure.freemarker.FreeMarkerAutoConfiguration$FreeMarkerWebConfiguration$$EnhancerBySpringCGLIB$$5a3c46dd] is not eligible for getting processed by all BeanPostProcessors (for example: not eligible for auto-proxying)
2018-08-08 17:04:54.217 [oms-fcadmin] [main] INFO  o.s.c.s.PostProcessorRegistrationDelegate$BeanPostProcessorChecker - Bean &apos;freeMarkerViewResolver&apos; of type [class org.springframework.web.servlet.view.freemarker.FreeMarkerViewResolver] is not eligible for getting processed by all BeanPostProcessors (for example: not eligible for auto-proxying)
2018-08-08 17:04:54.225 [oms-fcadmin] [main] INFO  o.s.c.s.PostProcessorRegistrationDelegate$BeanPostProcessorChecker - Bean &apos;viewResolver&apos; of type [class org.springframework.web.servlet.view.ContentNegotiatingViewResolver] is not eligible for getting processed by all BeanPostProcessors (for example: not eligible for auto-proxying)
2018-08-08 17:04:54.269 [oms-fcadmin] [main] INFO  o.s.c.s.PostProcessorRegistrationDelegate$BeanPostProcessorChecker - Bean &apos;welcomePageHandlerMapping&apos; of type [class org.springframework.boot.autoconfigure.web.WebMvcAutoConfiguration$WelcomePageHandlerMapping] is not eligible for getting processed by all BeanPostProcessors (for example: not eligible for auto-proxying)
2018-08-08 17:04:54.295 [oms-fcadmin] [main] INFO  o.s.c.s.PostProcessorRegistrationDelegate$BeanPostProcessorChecker - Bean &apos;requestContextFilter&apos; of type [class org.springframework.boot.web.filter.OrderedRequestContextFilter] is not eligible for getting processed by all BeanPostProcessors (for example: not eligible for auto-proxying)
2018-08-08 17:04:54.303 [oms-fcadmin] [main] INFO  o.s.c.s.PostProcessorRegistrationDelegate$BeanPostProcessorChecker - Bean &apos;org.springframework.boot.autoconfigure.web.WebMvcAutoConfiguration&apos; of type [class org.springframework.boot.autoconfigure.web.WebMvcAutoConfiguration$$EnhancerBySpringCGLIB$$b8254251] is not eligible for getting processed by all BeanPostProcessors (for example: not eligible for auto-proxying)
2018-08-08 17:04:54.326 [oms-fcadmin] [main] INFO  o.s.c.s.PostProcessorRegistrationDelegate$BeanPostProcessorChecker - Bean &apos;hiddenHttpMethodFilter&apos; of type [class org.springframework.boot.web.filter.OrderedHiddenHttpMethodFilter] is not eligible for getting processed by all BeanPostProcessors (for example: not eligible for auto-proxying)
2018-08-08 17:04:54.354 [oms-fcadmin] [main] INFO  o.s.c.s.PostProcessorRegistrationDelegate$BeanPostProcessorChecker - Bean &apos;httpPutFormContentFilter&apos; of type [class org.springframework.boot.web.filter.OrderedHttpPutFormContentFilter] is not eligible for getting processed by all BeanPostProcessors (for example: not eligible for auto-proxying)
2018-08-08 17:04:54.359 [oms-fcadmin] [main] INFO  o.s.c.s.PostProcessorRegistrationDelegate$BeanPostProcessorChecker - Bean &apos;org.oreframework.boot.autoconfigure.context.SpringContextAutoConfigure&apos; of type [class org.oreframework.boot.autoconfigure.context.SpringContextAutoConfigure] is not eligible for getting processed by all BeanPostProcessors (for example: not eligible for auto-proxying)
2018-08-08 17:04:54.364 [oms-fcadmin] [main] INFO  o.s.c.s.PostProcessorRegistrationDelegate$BeanPostProcessorChecker - Bean &apos;springContext&apos; of type [class org.oreframework.context.SpringContext] is not eligible for getting processed by all BeanPostProcessors (for example: not eligible for auto-proxying)
2018-08-08 17:04:54.366 [oms-fcadmin] [main] INFO  o.s.c.s.PostProcessorRegistrationDelegate$BeanPostProcessorChecker - Bean &apos;org.oreframework.datasource.druid.DruidProperties&apos; of type [class org.oreframework.datasource.druid.DruidProperties] is not eligible for getting processed by all BeanPostProcessors (for example: not eligible for auto-proxying)
2018-08-08 17:04:54.395 [oms-fcadmin] [main] INFO  o.s.c.s.PostProcessorRegistrationDelegate$BeanPostProcessorChecker - Bean &apos;org.oreframework.boot.autoconfigure.datasource.customize.config.MapperProperties&apos; of type [class org.oreframework.boot.autoconfigure.datasource.customize.config.MapperProperties] is not eligible for getting processed by all BeanPostProcessors (for example: not eligible for auto-proxying)
2018-08-08 17:04:54.439 [oms-fcadmin] [main] INFO  o.s.c.s.PostProcessorRegistrationDelegate$BeanPostProcessorChecker - Bean &apos;org.oreframework.boot.autoconfigure.datasource.customize.config.MybatisProperties&apos; of type [class org.oreframework.boot.autoconfigure.datasource.customize.config.MybatisProperties] is not eligible for getting processed by all BeanPostProcessors (for example: not eligible for auto-proxying)
2018-08-08 17:04:54.453 [oms-fcadmin] [main] INFO  o.s.c.s.PostProcessorRegistrationDelegate$BeanPostProcessorChecker - Bean &apos;org.springframework.boot.autoconfigure.transaction.jta.JtaAutoConfiguration&apos; of type [class org.springframework.boot.autoconfigure.transaction.jta.JtaAutoConfiguration] is not eligible for getting processed by all BeanPostProcessors (for example: not eligible for auto-proxying)
2018-08-08 17:04:54.465 [oms-fcadmin] [main] INFO  o.s.c.s.PostProcessorRegistrationDelegate$BeanPostProcessorChecker - Bean &apos;spring.jta-org.springframework.boot.autoconfigure.transaction.jta.JtaProperties&apos; of type [class org.springframework.boot.autoconfigure.transaction.jta.JtaProperties] is not eligible for getting processed by all BeanPostProcessors (for example: not eligible for auto-proxying)
2018-08-08 17:04:54.482 [oms-fcadmin] [main] INFO  o.s.c.s.PostProcessorRegistrationDelegate$BeanPostProcessorChecker - Bean &apos;org.springframework.boot.autoconfigure.jdbc.metadata.DataSourcePoolMetadataProvidersConfiguration$TomcatDataSourcePoolMetadataProviderConfiguration&apos; of type [class org.springframework.boot.autoconfigure.jdbc.metadata.DataSourcePoolMetadataProvidersConfiguration$TomcatDataSourcePoolMetadataProviderConfiguration$$EnhancerBySpringCGLIB$$a84e473f] is not eligible for getting processed by all BeanPostProcessors (for example: not eligible for auto-proxying)
2018-08-08 17:04:54.491 [oms-fcadmin] [main] INFO  o.s.c.s.PostProcessorRegistrationDelegate$BeanPostProcessorChecker - Bean &apos;tomcatPoolDataSourceMetadataProvider&apos; of type [class org.springframework.boot.autoconfigure.jdbc.metadata.DataSourcePoolMetadataProvidersConfiguration$TomcatDataSourcePoolMetadataProviderConfiguration$1] is not eligible for getting processed by all BeanPostProcessors (for example: not eligible for auto-proxying)
2018-08-08 17:04:54.499 [oms-fcadmin] [main] INFO  o.s.c.s.PostProcessorRegistrationDelegate$BeanPostProcessorChecker - Bean &apos;org.springframework.boot.autoconfigure.jdbc.metadata.DataSourcePoolMetadataProvidersConfiguration&apos; of type [class org.springframework.boot.autoconfigure.jdbc.metadata.DataSourcePoolMetadataProvidersConfiguration$$EnhancerBySpringCGLIB$$25d94152] is not eligible for getting processed by all BeanPostProcessors (for example: not eligible for auto-proxying)
2018-08-08 17:04:54.505 [oms-fcadmin] [main] INFO  o.s.c.s.PostProcessorRegistrationDelegate$BeanPostProcessorChecker - Bean &apos;org.oreframework.boot.autoconfigure.datasource.mybatis.MybatisAutoConfiguration$MapperScannerRegistrarNotFoundConfiguration&apos; of type [class org.oreframework.boot.autoconfigure.datasource.mybatis.MybatisAutoConfiguration$MapperScannerRegistrarNotFoundConfiguration$$EnhancerBySpringCGLIB$$bcea77b6] is not eligible for getting processed by all BeanPostProcessors (for example: not eligible for auto-proxying)
2018-08-08 17:04:54.579 [oms-fcadmin] [main] INFO  o.s.c.s.PostProcessorRegistrationDelegate$BeanPostProcessorChecker - Bean &apos;mapper-org.oreframework.boot.autoconfigure.datasource.mapper.MapperProperties&apos; of type [class org.oreframework.boot.autoconfigure.datasource.mapper.MapperProperties] is not eligible for getting processed by all BeanPostProcessors (for example: not eligible for auto-proxying)
2018-08-08 17:04:56.923 [oms-fcadmin] [main] INFO  o.s.c.s.PostProcessorRegistrationDelegate$BeanPostProcessorChecker - Bean &apos;org.oreframework.boot.autoconfigure.datasource.mapper.MapperAutoConfiguration&apos; of type [class org.oreframework.boot.autoconfigure.datasource.mapper.MapperAutoConfiguration$$EnhancerBySpringCGLIB$$799cf84d] is not eligible for getting processed by all BeanPostProcessors (for example: not eligible for auto-proxying)
2018-08-08 17:04:56.962 [oms-fcadmin] [main] INFO  o.s.c.s.PostProcessorRegistrationDelegate$BeanPostProcessorChecker - Bean &apos;pagehelper-org.oreframework.boot.autoconfigure.datasource.pagehelper.PageHelperProperties&apos; of type [class org.oreframework.boot.autoconfigure.datasource.pagehelper.PageHelperProperties] is not eligible for getting processed by all BeanPostProcessors (for example: not eligible for auto-proxying)
2018-08-08 17:04:57.005 [oms-fcadmin] [main] INFO  o.s.c.s.PostProcessorRegistrationDelegate$BeanPostProcessorChecker - Bean &apos;org.oreframework.boot.autoconfigure.datasource.pagehelper.PageHelperAutoConfiguration&apos; of type [class org.oreframework.boot.autoconfigure.datasource.pagehelper.PageHelperAutoConfiguration$$EnhancerBySpringCGLIB$$ac265a2d] is not eligible for getting processed by all BeanPostProcessors (for example: not eligible for auto-proxying)
2018-08-08 17:04:57.014 [oms-fcadmin] [main] INFO  o.s.c.s.PostProcessorRegistrationDelegate$BeanPostProcessorChecker - Bean &apos;org.springframework.boot.autoconfigure.aop.AopAutoConfiguration$JdkDynamicAutoProxyConfiguration&apos; of type [class org.springframework.boot.autoconfigure.aop.AopAutoConfiguration$JdkDynamicAutoProxyConfiguration$$EnhancerBySpringCGLIB$$d859a082] is not eligible for getting processed by all BeanPostProcessors (for example: not eligible for auto-proxying)
2018-08-08 17:04:57.024 [oms-fcadmin] [main] INFO  o.s.c.s.PostProcessorRegistrationDelegate$BeanPostProcessorChecker - Bean &apos;org.springframework.boot.autoconfigure.aop.AopAutoConfiguration&apos; of type [class org.springframework.boot.autoconfigure.aop.AopAutoConfiguration$$EnhancerBySpringCGLIB$$943ed7d3] is not eligible for getting processed by all BeanPostProcessors (for example: not eligible for auto-proxying)
2018-08-08 17:04:57.038 [oms-fcadmin] [main] INFO  o.s.c.s.PostProcessorRegistrationDelegate$BeanPostProcessorChecker - Bean &apos;org.springframework.boot.autoconfigure.context.ConfigurationPropertiesAutoConfiguration&apos; of type [class org.springframework.boot.autoconfigure.context.ConfigurationPropertiesAutoConfiguration$$EnhancerBySpringCGLIB$$3871e45f] is not eligible for getting processed by all BeanPostProcessors (for example: not eligible for auto-proxying)
2018-08-08 17:04:57.049 [oms-fcadmin] [main] INFO  o.s.c.s.PostProcessorRegistrationDelegate$BeanPostProcessorChecker - Bean &apos;org.springframework.boot.autoconfigure.dao.PersistenceExceptionTranslationAutoConfiguration&apos; of type [class org.springframework.boot.autoconfigure.dao.PersistenceExceptionTranslationAutoConfiguration] is not eligible for getting processed by all BeanPostProcessors (for example: not eligible for auto-proxying)
2018-08-08 17:04:57.059 [oms-fcadmin] [main] INFO  o.s.c.s.PostProcessorRegistrationDelegate$BeanPostProcessorChecker - Bean &apos;org.springframework.boot.autoconfigure.transaction.TransactionAutoConfiguration&apos; of type [class org.springframework.boot.autoconfigure.transaction.TransactionAutoConfiguration$$EnhancerBySpringCGLIB$$dd5c541b] is not eligible for getting processed by all BeanPostProcessors (for example: not eligible for auto-proxying)
2018-08-08 17:04:57.083 [oms-fcadmin] [main] INFO  o.s.c.s.PostProcessorRegistrationDelegate$BeanPostProcessorChecker - Bean &apos;spring.transaction-org.springframework.boot.autoconfigure.transaction.TransactionProperties&apos; of type [class org.springframework.boot.autoconfigure.transaction.TransactionProperties] is not eligible for getting processed by all BeanPostProcessors (for example: not eligible for auto-proxying)
2018-08-08 17:04:57.086 [oms-fcadmin] [main] INFO  o.s.c.s.PostProcessorRegistrationDelegate$BeanPostProcessorChecker - Bean &apos;platformTransactionManagerCustomizers&apos; of type [class org.springframework.boot.autoconfigure.transaction.TransactionManagerCustomizers] is not eligible for getting processed by all BeanPostProcessors (for example: not eligible for auto-proxying)
2018-08-08 17:04:57.093 [oms-fcadmin] [main] INFO  o.s.c.s.PostProcessorRegistrationDelegate$BeanPostProcessorChecker - Bean &apos;org.springframework.boot.autoconfigure.jdbc.DataSourceTransactionManagerAutoConfiguration$DataSourceTransactionManagerConfiguration&apos; of type [class org.springframework.boot.autoconfigure.jdbc.DataSourceTransactionManagerAutoConfiguration$DataSourceTransactionManagerConfiguration$$EnhancerBySpringCGLIB$$f5e8f180] is not eligible for getting processed by all BeanPostProcessors (for example: not eligible for auto-proxying)
2018-08-08 17:04:57.123 [oms-fcadmin] [main] INFO  o.s.c.s.PostProcessorRegistrationDelegate$BeanPostProcessorChecker - Bean &apos;transactionManager&apos; of type [class org.springframework.jdbc.datasource.DataSourceTransactionManager] is not eligible for getting processed by all BeanPostProcessors (for example: not eligible for auto-proxying)
2018-08-08 17:04:57.130 [oms-fcadmin] [main] INFO  o.s.c.s.PostProcessorRegistrationDelegate$BeanPostProcessorChecker - Bean &apos;org.springframework.boot.autoconfigure.jdbc.DataSourceTransactionManagerAutoConfiguration&apos; of type [class org.springframework.boot.autoconfigure.jdbc.DataSourceTransactionManagerAutoConfiguration$$EnhancerBySpringCGLIB$$59bf4962] is not eligible for getting processed by all BeanPostProcessors (for example: not eligible for auto-proxying)
2018-08-08 17:04:57.141 [oms-fcadmin] [main] INFO  o.s.c.s.PostProcessorRegistrationDelegate$BeanPostProcessorChecker - Bean &apos;org.springframework.boot.autoconfigure.transaction.TransactionAutoConfiguration$TransactionTemplateConfiguration&apos; of type [class org.springframework.boot.autoconfigure.transaction.TransactionAutoConfiguration$TransactionTemplateConfiguration$$EnhancerBySpringCGLIB$$4772b653] is not eligible for getting processed by all BeanPostProcessors (for example: not eligible for auto-proxying)
2018-08-08 17:04:57.160 [oms-fcadmin] [main] INFO  o.s.c.s.PostProcessorRegistrationDelegate$BeanPostProcessorChecker - Bean &apos;transactionTemplate&apos; of type [class org.springframework.transaction.support.TransactionTemplate] is not eligible for getting processed by all BeanPostProcessors (for example: not eligible for auto-proxying)
2018-08-08 17:04:57.167 [oms-fcadmin] [main] INFO  o.s.c.s.PostProcessorRegistrationDelegate$BeanPostProcessorChecker - Bean &apos;org.springframework.boot.autoconfigure.gson.GsonAutoConfiguration&apos; of type [class org.springframework.boot.autoconfigure.gson.GsonAutoConfiguration$$EnhancerBySpringCGLIB$$87a36c9b] is not eligible for getting processed by all BeanPostProcessors (for example: not eligible for auto-proxying)
2018-08-08 17:04:57.278 [oms-fcadmin] [main] INFO  o.s.c.s.PostProcessorRegistrationDelegate$BeanPostProcessorChecker - Bean &apos;gson&apos; of type [class com.google.gson.Gson] is not eligible for getting processed by all BeanPostProcessors (for example: not eligible for auto-proxying)
2018-08-08 17:04:57.284 [oms-fcadmin] [main] INFO  o.s.c.s.PostProcessorRegistrationDelegate$BeanPostProcessorChecker - Bean &apos;org.springframework.boot.autoconfigure.web.JacksonHttpMessageConvertersConfiguration&apos; of type [class org.springframework.boot.autoconfigure.web.JacksonHttpMessageConvertersConfiguration$$EnhancerBySpringCGLIB$$b7124487] is not eligible for getting processed by all BeanPostProcessors (for example: not eligible for auto-proxying)
2018-08-08 17:04:57.293 [oms-fcadmin] [main] INFO  o.s.c.s.PostProcessorRegistrationDelegate$BeanPostProcessorChecker - Bean &apos;org.springframework.boot.autoconfigure.web.GsonHttpMessageConvertersConfiguration&apos; of type [class org.springframework.boot.autoconfigure.web.GsonHttpMessageConvertersConfiguration$$EnhancerBySpringCGLIB$$241dc24b] is not eligible for getting processed by all BeanPostProcessors (for example: not eligible for auto-proxying)
2018-08-08 17:04:57.306 [oms-fcadmin] [main] INFO  o.s.c.s.PostProcessorRegistrationDelegate$BeanPostProcessorChecker - Bean &apos;org.springframework.boot.autoconfigure.data.web.SpringDataWebAutoConfiguration&apos; of type [class org.springframework.boot.autoconfigure.data.web.SpringDataWebAutoConfiguration$$EnhancerBySpringCGLIB$$347f0f32] is not eligible for getting processed by all BeanPostProcessors (for example: not eligible for auto-proxying)
2018-08-08 17:04:57.470 [oms-fcadmin] [main] INFO  o.s.w.s.v.f.FreeMarkerConfigurer - ClassTemplateLoader for Spring macros added to FreeMarker configuration
2018-08-08 17:04:57.471 [oms-fcadmin] [main] INFO  o.s.c.s.PostProcessorRegistrationDelegate$BeanPostProcessorChecker - Bean &apos;freeMarkerConfigurer&apos; of type [class org.springframework.web.servlet.view.freemarker.FreeMarkerConfigurer] is not eligible for getting processed by all BeanPostProcessors (for example: not eligible for auto-proxying)
2018-08-08 17:04:57.502 [oms-fcadmin] [main] INFO  o.s.c.s.PostProcessorRegistrationDelegate$BeanPostProcessorChecker - Bean &apos;freeMarkerConfiguration&apos; of type [class freemarker.template.Configuration] is not eligible for getting processed by all BeanPostProcessors (for example: not eligible for auto-proxying)
2018-08-08 17:04:57.516 [oms-fcadmin] [main] INFO  o.s.c.s.PostProcessorRegistrationDelegate$BeanPostProcessorChecker - Bean &apos;org.springframework.boot.autoconfigure.freemarker.FreeMarkerAutoConfiguration&apos; of type [class org.springframework.boot.autoconfigure.freemarker.FreeMarkerAutoConfiguration$$EnhancerBySpringCGLIB$$cf698b9b] is not eligible for getting processed by all BeanPostProcessors (for example: not eligible for auto-proxying)
2018-08-08 17:04:57.524 [oms-fcadmin] [main] INFO  o.s.c.s.PostProcessorRegistrationDelegate$BeanPostProcessorChecker - Bean &apos;spring.info-org.springframework.boot.autoconfigure.info.ProjectInfoProperties&apos; of type [class org.springframework.boot.autoconfigure.info.ProjectInfoProperties] is not eligible for getting processed by all BeanPostProcessors (for example: not eligible for auto-proxying)
2018-08-08 17:04:57.530 [oms-fcadmin] [main] INFO  o.s.c.s.PostProcessorRegistrationDelegate$BeanPostProcessorChecker - Bean &apos;org.springframework.boot.autoconfigure.info.ProjectInfoAutoConfiguration&apos; of type [class org.springframework.boot.autoconfigure.info.ProjectInfoAutoConfiguration$$EnhancerBySpringCGLIB$$84e2662a] is not eligible for getting processed by all BeanPostProcessors (for example: not eligible for auto-proxying)
2018-08-08 17:04:57.538 [oms-fcadmin] [main] INFO  o.s.c.s.PostProcessorRegistrationDelegate$BeanPostProcessorChecker - Bean &apos;org.springframework.boot.autoconfigure.jdbc.JdbcTemplateAutoConfiguration&apos; of type [class org.springframework.boot.autoconfigure.jdbc.JdbcTemplateAutoConfiguration$$EnhancerBySpringCGLIB$$68cc8e01] is not eligible for getting processed by all BeanPostProcessors (for example: not eligible for auto-proxying)
2018-08-08 17:04:57.570 [oms-fcadmin] [main] INFO  o.s.c.s.PostProcessorRegistrationDelegate$BeanPostProcessorChecker - Bean &apos;jdbcTemplate&apos; of type [class org.springframework.jdbc.core.JdbcTemplate] is not eligible for getting processed by all BeanPostProcessors (for example: not eligible for auto-proxying)
2018-08-08 17:04:57.585 [oms-fcadmin] [main] INFO  o.s.c.s.PostProcessorRegistrationDelegate$BeanPostProcessorChecker - Bean &apos;namedParameterJdbcTemplate&apos; of type [class org.springframework.jdbc.core.namedparam.NamedParameterJdbcTemplate] is not eligible for getting processed by all BeanPostProcessors (for example: not eligible for auto-proxying)
2018-08-08 17:04:57.595 [oms-fcadmin] [main] INFO  o.s.c.s.PostProcessorRegistrationDelegate$BeanPostProcessorChecker - Bean &apos;org.springframework.kafka.config.internalKafkaListenerEndpointRegistry&apos; of type [class org.springframework.kafka.config.KafkaListenerEndpointRegistry] is not eligible for getting processed by all BeanPostProcessors (for example: not eligible for auto-proxying)
2018-08-08 17:04:57.598 [oms-fcadmin] [main] INFO  o.s.c.s.PostProcessorRegistrationDelegate$BeanPostProcessorChecker - Bean &apos;org.springframework.boot.autoconfigure.kafka.KafkaAnnotationDrivenConfiguration$EnableKafkaConfiguration&apos; of type [class org.springframework.boot.autoconfigure.kafka.KafkaAnnotationDrivenConfiguration$EnableKafkaConfiguration] is not eligible for getting processed by all BeanPostProcessors (for example: not eligible for auto-proxying)
2018-08-08 17:04:57.603 [oms-fcadmin] [main] INFO  o.s.c.s.PostProcessorRegistrationDelegate$BeanPostProcessorChecker - Bean &apos;org.springframework.boot.autoconfigure.kafka.KafkaAnnotationDrivenConfiguration&apos; of type [class org.springframework.boot.autoconfigure.kafka.KafkaAnnotationDrivenConfiguration$$EnhancerBySpringCGLIB$$b1b1ca07] is not eligible for getting processed by all BeanPostProcessors (for example: not eligible for auto-proxying)
2018-08-08 17:04:57.611 [oms-fcadmin] [main] INFO  o.s.c.s.PostProcessorRegistrationDelegate$BeanPostProcessorChecker - Bean &apos;kafkaListenerContainerFactoryConfigurer&apos; of type [class org.springframework.boot.autoconfigure.kafka.ConcurrentKafkaListenerContainerFactoryConfigurer] is not eligible for getting processed by all BeanPostProcessors (for example: not eligible for auto-proxying)
2018-08-08 17:04:57.624 [oms-fcadmin] [main] INFO  o.s.c.s.PostProcessorRegistrationDelegate$BeanPostProcessorChecker - Bean &apos;kafkaConsumerFactory&apos; of type [class org.springframework.kafka.core.DefaultKafkaConsumerFactory] is not eligible for getting processed by all BeanPostProcessors (for example: not eligible for auto-proxying)
2018-08-08 17:04:57.641 [oms-fcadmin] [main] INFO  o.s.c.s.PostProcessorRegistrationDelegate$BeanPostProcessorChecker - Bean &apos;kafkaListenerContainerFactory&apos; of type [class org.springframework.kafka.config.ConcurrentKafkaListenerContainerFactory] is not eligible for getting processed by all BeanPostProcessors (for example: not eligible for auto-proxying)
2018-08-08 17:04:57.657 [oms-fcadmin] [main] INFO  o.s.c.s.PostProcessorRegistrationDelegate$BeanPostProcessorChecker - Bean &apos;characterEncodingFilter&apos; of type [class org.springframework.boot.web.filter.OrderedCharacterEncodingFilter] is not eligible for getting processed by all BeanPostProcessors (for example: not eligible for auto-proxying)
2018-08-08 17:04:57.665 [oms-fcadmin] [main] INFO  o.s.c.s.PostProcessorRegistrationDelegate$BeanPostProcessorChecker - Bean &apos;multipartResolver&apos; of type [class org.springframework.web.multipart.support.StandardServletMultipartResolver] is not eligible for getting processed by all BeanPostProcessors (for example: not eligible for auto-proxying)
2018-08-08 17:04:57.671 [oms-fcadmin] [main] INFO  o.s.c.s.PostProcessorRegistrationDelegate$BeanPostProcessorChecker - Bean &apos;org.springframework.boot.autoconfigure.web.WebClientAutoConfiguration&apos; of type [class org.springframework.boot.autoconfigure.web.WebClientAutoConfiguration$$EnhancerBySpringCGLIB$$59877dc4] is not eligible for getting processed by all BeanPostProcessors (for example: not eligible for auto-proxying)
2018-08-08 17:04:57.778 [oms-fcadmin] [main] INFO  o.s.c.s.DefaultLifecycleProcessor - Starting beans in phase 2147483647
2018-08-08 17:04:57.795 [oms-fcadmin] [main] INFO  c.g.o.f.b.a.n.t.NameauthClientTest - Started NameauthClientTest in 20.193 seconds (JVM running for 21.658)
2018-08-08 17:04:57.814 [oms-fcadmin] [main] INFO  o.s.c.s.PostProcessorRegistrationDelegate$BeanPostProcessorChecker - Bean &apos;com.glsx.oms.fcadmin.biz.auth.nameauth.test.NameauthClientTest&apos; of type [class com.glsx.oms.fcadmin.biz.auth.nameauth.test.NameauthClientTest] is not eligible for getting processed by all BeanPostProcessors (for example: not eligible for auto-proxying)
</system-out>
    <system-err>log4j:WARN No appenders could be found for logger (com.alibaba.dubbo.common.logger.LoggerFactory).
log4j:WARN Please initialize the log4j system properly.
log4j:WARN See http://logging.apache.org/log4j/1.2/faq.html#noconfig for more info.
</system-err>
  </testcase>
  <testcase classname="com.glsx.oms.fcadmin.biz.auth.nameauth.test.NameauthClientTest" name="testSave" time="2.06">
    <error message="I/O error on POST request for &quot;http://localhost:8080/auth/nameauth&quot;: Connect to localhost:8080 [localhost/127.0.0.1, localhost/0:0:0:0:0:0:0:1] failed: Connection refused: connect; nested exception is org.apache.http.conn.HttpHostConnectException: Connect to localhost:8080 [localhost/127.0.0.1, localhost/0:0:0:0:0:0:0:1] failed: Connection refused: connect" type="org.springframework.web.client.ResourceAccessException">org.springframework.web.client.ResourceAccessException: I/O error on POST request for &quot;http://localhost:8080/auth/nameauth&quot;: Connect to localhost:8080 [localhost/127.0.0.1, localhost/0:0:0:0:0:0:0:1] failed: Connection refused: connect; nested exception is org.apache.http.conn.HttpHostConnectException: Connect to localhost:8080 [localhost/127.0.0.1, localhost/0:0:0:0:0:0:0:1] failed: Connection refused: connect
	at org.springframework.web.client.RestTemplate.doExecute(RestTemplate.java:666)
	at org.springframework.web.client.RestTemplate.execute(RestTemplate.java:613)
	at org.springframework.web.client.RestTemplate.postForObject(RestTemplate.java:380)
	at com.glsx.oms.fcadmin.biz.auth.nameauth.rest.NameauthClient.save(NameauthClient.java:42)
	at com.glsx.oms.fcadmin.biz.auth.nameauth.test.NameauthClientTest.testSave(NameauthClientTest.java:44)
	at sun.reflect.NativeMethodAccessorImpl.invoke0(Native Method)
	at sun.reflect.NativeMethodAccessorImpl.invoke(NativeMethodAccessorImpl.java:62)
	at sun.reflect.DelegatingMethodAccessorImpl.invoke(DelegatingMethodAccessorImpl.java:43)
	at java.lang.reflect.Method.invoke(Method.java:498)
	at org.junit.runners.model.FrameworkMethod$1.runReflectiveCall(FrameworkMethod.java:50)
	at org.junit.internal.runners.model.ReflectiveCallable.run(ReflectiveCallable.java:12)
	at org.junit.runners.model.FrameworkMethod.invokeExplosively(FrameworkMethod.java:47)
	at org.junit.internal.runners.statements.InvokeMethod.evaluate(InvokeMethod.java:17)
	at org.springframework.test.context.junit4.statements.RunBeforeTestMethodCallbacks.evaluate(RunBeforeTestMethodCallbacks.java:75)
	at org.springframework.test.context.junit4.statements.RunAfterTestMethodCallbacks.evaluate(RunAfterTestMethodCallbacks.java:86)
	at org.springframework.test.context.junit4.statements.SpringRepeat.evaluate(SpringRepeat.java:84)
	at org.junit.runners.ParentRunner.runLeaf(ParentRunner.java:325)
	at org.springframework.test.context.junit4.SpringJUnit4ClassRunner.runChild(SpringJUnit4ClassRunner.java:252)
	at org.springframework.test.context.junit4.SpringJUnit4ClassRunner.runChild(SpringJUnit4ClassRunner.java:94)
	at org.junit.runners.ParentRunner$3.run(ParentRunner.java:290)
	at org.junit.runners.ParentRunner$1.schedule(ParentRunner.java:71)
	at org.junit.runners.ParentRunner.runChildren(ParentRunner.java:288)
	at org.junit.runners.ParentRunner.access$000(ParentRunner.java:58)
	at org.junit.runners.ParentRunner$2.evaluate(ParentRunner.java:268)
	at org.springframework.test.context.junit4.statements.RunBeforeTestClassCallbacks.evaluate(RunBeforeTestClassCallbacks.java:61)
	at org.springframework.test.context.junit4.statements.RunAfterTestClassCallbacks.evaluate(RunAfterTestClassCallbacks.java:70)
	at org.junit.runners.ParentRunner.run(ParentRunner.java:363)
	at org.springframework.test.context.junit4.SpringJUnit4ClassRunner.run(SpringJUnit4ClassRunner.java:191)
	at org.apache.maven.surefire.junit4.JUnit4Provider.execute(JUnit4Provider.java:252)
	at org.apache.maven.surefire.junit4.JUnit4Provider.executeTestSet(JUnit4Provider.java:141)
	at org.apache.maven.surefire.junit4.JUnit4Provider.invoke(JUnit4Provider.java:112)
	at sun.reflect.NativeMethodAccessorImpl.invoke0(Native Method)
	at sun.reflect.NativeMethodAccessorImpl.invoke(NativeMethodAccessorImpl.java:62)
	at sun.reflect.DelegatingMethodAccessorImpl.invoke(DelegatingMethodAccessorImpl.java:43)
	at java.lang.reflect.Method.invoke(Method.java:498)
	at org.apache.maven.surefire.util.ReflectionUtils.invokeMethodWithArray(ReflectionUtils.java:189)
	at org.apache.maven.surefire.booter.ProviderFactory$ProviderProxy.invoke(ProviderFactory.java:165)
	at org.apache.maven.surefire.booter.ProviderFactory.invokeProvider(ProviderFactory.java:85)
	at org.apache.maven.surefire.booter.ForkedBooter.runSuitesInProcess(ForkedBooter.java:115)
	at org.apache.maven.surefire.booter.ForkedBooter.main(ForkedBooter.java:75)
Caused by: org.apache.http.conn.HttpHostConnectException: Connect to localhost:8080 [localhost/127.0.0.1, localhost/0:0:0:0:0:0:0:1] failed: Connection refused: connect
	at org.apache.http.impl.conn.HttpClientConnectionOperator.connect(HttpClientConnectionOperator.java:142)
	at org.apache.http.impl.conn.PoolingHttpClientConnectionManager.connect(PoolingHttpClientConnectionManager.java:319)
	at org.apache.http.impl.execchain.MainClientExec.establishRoute(MainClientExec.java:363)
	at org.apache.http.impl.execchain.MainClientExec.execute(MainClientExec.java:219)
	at org.apache.http.impl.execchain.ProtocolExec.execute(ProtocolExec.java:195)
	at org.apache.http.impl.execchain.RetryExec.execute(RetryExec.java:86)
	at org.apache.http.impl.execchain.RedirectExec.execute(RedirectExec.java:108)
	at org.apache.http.impl.client.InternalHttpClient.doExecute(InternalHttpClient.java:184)
	at org.apache.http.impl.client.CloseableHttpClient.execute(CloseableHttpClient.java:82)
	at org.apache.http.impl.client.CloseableHttpClient.execute(CloseableHttpClient.java:57)
	at org.springframework.http.client.HttpComponentsClientHttpRequest.executeInternal(HttpComponentsClientHttpRequest.java:89)
	at org.springframework.http.client.AbstractBufferingClientHttpRequest.executeInternal(AbstractBufferingClientHttpRequest.java:48)
	at org.springframework.http.client.AbstractClientHttpRequest.execute(AbstractClientHttpRequest.java:53)
	at org.springframework.web.client.RestTemplate.doExecute(RestTemplate.java:652)
	... 39 more
Caused by: java.net.ConnectException: Connection refused: connect
	at java.net.DualStackPlainSocketImpl.connect0(Native Method)
	at java.net.DualStackPlainSocketImpl.socketConnect(DualStackPlainSocketImpl.java:79)
	at java.net.AbstractPlainSocketImpl.doConnect(AbstractPlainSocketImpl.java:350)
	at java.net.AbstractPlainSocketImpl.connectToAddress(AbstractPlainSocketImpl.java:206)
	at java.net.AbstractPlainSocketImpl.connect(AbstractPlainSocketImpl.java:188)
	at java.net.PlainSocketImpl.connect(PlainSocketImpl.java:172)
	at java.net.SocksSocketImpl.connect(SocksSocketImpl.java:392)
	at java.net.Socket.connect(Socket.java:589)
	at org.apache.http.conn.socket.PlainConnectionSocketFactory.connectSocket(PlainConnectionSocketFactory.java:72)
	at org.apache.http.impl.conn.HttpClientConnectionOperator.connect(HttpClientConnectionOperator.java:125)
	... 52 more
</error>
    <system-out>2018-08-08 17:05:00.326 [oms-fcadmin] [main] INFO  o.s.c.s.PostProcessorRegistrationDelegate$BeanPostProcessorChecker - Bean &apos;com.glsx.oms.fcadmin.biz.auth.nameauth.test.NameauthClientTest&apos; of type [class com.glsx.oms.fcadmin.biz.auth.nameauth.test.NameauthClientTest] is not eligible for getting processed by all BeanPostProcessors (for example: not eligible for auto-proxying)
</system-out>
  </testcase>
  <testcase classname="com.glsx.oms.fcadmin.biz.auth.nameauth.test.NameauthClientTest" name="testDelete" time="2.05">
    <error message="I/O error on DELETE request for &quot;http://localhost:8080/auth/nameauth/9999999&quot;: Connect to localhost:8080 [localhost/127.0.0.1, localhost/0:0:0:0:0:0:0:1] failed: Connection refused: connect; nested exception is org.apache.http.conn.HttpHostConnectException: Connect to localhost:8080 [localhost/127.0.0.1, localhost/0:0:0:0:0:0:0:1] failed: Connection refused: connect" type="org.springframework.web.client.ResourceAccessException">org.springframework.web.client.ResourceAccessException: I/O error on DELETE request for &quot;http://localhost:8080/auth/nameauth/9999999&quot;: Connect to localhost:8080 [localhost/127.0.0.1, localhost/0:0:0:0:0:0:0:1] failed: Connection refused: connect; nested exception is org.apache.http.conn.HttpHostConnectException: Connect to localhost:8080 [localhost/127.0.0.1, localhost/0:0:0:0:0:0:0:1] failed: Connection refused: connect
	at org.springframework.web.client.RestTemplate.doExecute(RestTemplate.java:666)
	at org.springframework.web.client.RestTemplate.execute(RestTemplate.java:613)
	at org.springframework.web.client.RestTemplate.delete(RestTemplate.java:485)
	at com.glsx.oms.fcadmin.biz.auth.nameauth.rest.NameauthClient.delete(NameauthClient.java:36)
	at com.glsx.oms.fcadmin.biz.auth.nameauth.test.NameauthClientTest.testDelete(NameauthClientTest.java:36)
	at sun.reflect.NativeMethodAccessorImpl.invoke0(Native Method)
	at sun.reflect.NativeMethodAccessorImpl.invoke(NativeMethodAccessorImpl.java:62)
	at sun.reflect.DelegatingMethodAccessorImpl.invoke(DelegatingMethodAccessorImpl.java:43)
	at java.lang.reflect.Method.invoke(Method.java:498)
	at org.junit.runners.model.FrameworkMethod$1.runReflectiveCall(FrameworkMethod.java:50)
	at org.junit.internal.runners.model.ReflectiveCallable.run(ReflectiveCallable.java:12)
	at org.junit.runners.model.FrameworkMethod.invokeExplosively(FrameworkMethod.java:47)
	at org.junit.internal.runners.statements.InvokeMethod.evaluate(InvokeMethod.java:17)
	at org.springframework.test.context.junit4.statements.RunBeforeTestMethodCallbacks.evaluate(RunBeforeTestMethodCallbacks.java:75)
	at org.springframework.test.context.junit4.statements.RunAfterTestMethodCallbacks.evaluate(RunAfterTestMethodCallbacks.java:86)
	at org.springframework.test.context.junit4.statements.SpringRepeat.evaluate(SpringRepeat.java:84)
	at org.junit.runners.ParentRunner.runLeaf(ParentRunner.java:325)
	at org.springframework.test.context.junit4.SpringJUnit4ClassRunner.runChild(SpringJUnit4ClassRunner.java:252)
	at org.springframework.test.context.junit4.SpringJUnit4ClassRunner.runChild(SpringJUnit4ClassRunner.java:94)
	at org.junit.runners.ParentRunner$3.run(ParentRunner.java:290)
	at org.junit.runners.ParentRunner$1.schedule(ParentRunner.java:71)
	at org.junit.runners.ParentRunner.runChildren(ParentRunner.java:288)
	at org.junit.runners.ParentRunner.access$000(ParentRunner.java:58)
	at org.junit.runners.ParentRunner$2.evaluate(ParentRunner.java:268)
	at org.springframework.test.context.junit4.statements.RunBeforeTestClassCallbacks.evaluate(RunBeforeTestClassCallbacks.java:61)
	at org.springframework.test.context.junit4.statements.RunAfterTestClassCallbacks.evaluate(RunAfterTestClassCallbacks.java:70)
	at org.junit.runners.ParentRunner.run(ParentRunner.java:363)
	at org.springframework.test.context.junit4.SpringJUnit4ClassRunner.run(SpringJUnit4ClassRunner.java:191)
	at org.apache.maven.surefire.junit4.JUnit4Provider.execute(JUnit4Provider.java:252)
	at org.apache.maven.surefire.junit4.JUnit4Provider.executeTestSet(JUnit4Provider.java:141)
	at org.apache.maven.surefire.junit4.JUnit4Provider.invoke(JUnit4Provider.java:112)
	at sun.reflect.NativeMethodAccessorImpl.invoke0(Native Method)
	at sun.reflect.NativeMethodAccessorImpl.invoke(NativeMethodAccessorImpl.java:62)
	at sun.reflect.DelegatingMethodAccessorImpl.invoke(DelegatingMethodAccessorImpl.java:43)
	at java.lang.reflect.Method.invoke(Method.java:498)
	at org.apache.maven.surefire.util.ReflectionUtils.invokeMethodWithArray(ReflectionUtils.java:189)
	at org.apache.maven.surefire.booter.ProviderFactory$ProviderProxy.invoke(ProviderFactory.java:165)
	at org.apache.maven.surefire.booter.ProviderFactory.invokeProvider(ProviderFactory.java:85)
	at org.apache.maven.surefire.booter.ForkedBooter.runSuitesInProcess(ForkedBooter.java:115)
	at org.apache.maven.surefire.booter.ForkedBooter.main(ForkedBooter.java:75)
Caused by: org.apache.http.conn.HttpHostConnectException: Connect to localhost:8080 [localhost/127.0.0.1, localhost/0:0:0:0:0:0:0:1] failed: Connection refused: connect
	at org.apache.http.impl.conn.HttpClientConnectionOperator.connect(HttpClientConnectionOperator.java:142)
	at org.apache.http.impl.conn.PoolingHttpClientConnectionManager.connect(PoolingHttpClientConnectionManager.java:319)
	at org.apache.http.impl.execchain.MainClientExec.establishRoute(MainClientExec.java:363)
	at org.apache.http.impl.execchain.MainClientExec.execute(MainClientExec.java:219)
	at org.apache.http.impl.execchain.ProtocolExec.execute(ProtocolExec.java:195)
	at org.apache.http.impl.execchain.RetryExec.execute(RetryExec.java:86)
	at org.apache.http.impl.execchain.RedirectExec.execute(RedirectExec.java:108)
	at org.apache.http.impl.client.InternalHttpClient.doExecute(InternalHttpClient.java:184)
	at org.apache.http.impl.client.CloseableHttpClient.execute(CloseableHttpClient.java:82)
	at org.apache.http.impl.client.CloseableHttpClient.execute(CloseableHttpClient.java:57)
	at org.springframework.http.client.HttpComponentsClientHttpRequest.executeInternal(HttpComponentsClientHttpRequest.java:89)
	at org.springframework.http.client.AbstractBufferingClientHttpRequest.executeInternal(AbstractBufferingClientHttpRequest.java:48)
	at org.springframework.http.client.AbstractClientHttpRequest.execute(AbstractClientHttpRequest.java:53)
	at org.springframework.web.client.RestTemplate.doExecute(RestTemplate.java:652)
	... 39 more
Caused by: java.net.ConnectException: Connection refused: connect
	at java.net.DualStackPlainSocketImpl.connect0(Native Method)
	at java.net.DualStackPlainSocketImpl.socketConnect(DualStackPlainSocketImpl.java:79)
	at java.net.AbstractPlainSocketImpl.doConnect(AbstractPlainSocketImpl.java:350)
	at java.net.AbstractPlainSocketImpl.connectToAddress(AbstractPlainSocketImpl.java:206)
	at java.net.AbstractPlainSocketImpl.connect(AbstractPlainSocketImpl.java:188)
	at java.net.PlainSocketImpl.connect(PlainSocketImpl.java:172)
	at java.net.SocksSocketImpl.connect(SocksSocketImpl.java:392)
	at java.net.Socket.connect(Socket.java:589)
	at org.apache.http.conn.socket.PlainConnectionSocketFactory.connectSocket(PlainConnectionSocketFactory.java:72)
	at org.apache.http.impl.conn.HttpClientConnectionOperator.connect(HttpClientConnectionOperator.java:125)
	... 52 more
</error>
    <system-out>2018-08-08 17:05:02.423 [oms-fcadmin] [main] INFO  o.s.c.s.PostProcessorRegistrationDelegate$BeanPostProcessorChecker - Bean &apos;com.glsx.oms.fcadmin.biz.auth.nameauth.test.NameauthClientTest&apos; of type [class com.glsx.oms.fcadmin.biz.auth.nameauth.test.NameauthClientTest] is not eligible for getting processed by all BeanPostProcessors (for example: not eligible for auto-proxying)
</system-out>
  </testcase>
  <testcase classname="com.glsx.oms.fcadmin.biz.auth.nameauth.test.NameauthClientTest" name="testGetAll" time="2.058">
    <error message="I/O error on GET request for &quot;http://localhost:8080/auth/nameauth&quot;: Connect to localhost:8080 [localhost/127.0.0.1, localhost/0:0:0:0:0:0:0:1] failed: Connection refused: connect; nested exception is org.apache.http.conn.HttpHostConnectException: Connect to localhost:8080 [localhost/127.0.0.1, localhost/0:0:0:0:0:0:0:1] failed: Connection refused: connect" type="org.springframework.web.client.ResourceAccessException">org.springframework.web.client.ResourceAccessException: I/O error on GET request for &quot;http://localhost:8080/auth/nameauth&quot;: Connect to localhost:8080 [localhost/127.0.0.1, localhost/0:0:0:0:0:0:0:1] failed: Connection refused: connect; nested exception is org.apache.http.conn.HttpHostConnectException: Connect to localhost:8080 [localhost/127.0.0.1, localhost/0:0:0:0:0:0:0:1] failed: Connection refused: connect
	at org.springframework.web.client.RestTemplate.doExecute(RestTemplate.java:666)
	at org.springframework.web.client.RestTemplate.execute(RestTemplate.java:613)
	at org.springframework.web.client.RestTemplate.getForEntity(RestTemplate.java:312)
	at com.glsx.oms.fcadmin.biz.auth.nameauth.rest.NameauthClient.getAll(NameauthClient.java:47)
	at com.glsx.oms.fcadmin.biz.auth.nameauth.test.NameauthClientTest.testGetAll(NameauthClientTest.java:50)
	at sun.reflect.NativeMethodAccessorImpl.invoke0(Native Method)
	at sun.reflect.NativeMethodAccessorImpl.invoke(NativeMethodAccessorImpl.java:62)
	at sun.reflect.DelegatingMethodAccessorImpl.invoke(DelegatingMethodAccessorImpl.java:43)
	at java.lang.reflect.Method.invoke(Method.java:498)
	at org.junit.runners.model.FrameworkMethod$1.runReflectiveCall(FrameworkMethod.java:50)
	at org.junit.internal.runners.model.ReflectiveCallable.run(ReflectiveCallable.java:12)
	at org.junit.runners.model.FrameworkMethod.invokeExplosively(FrameworkMethod.java:47)
	at org.junit.internal.runners.statements.InvokeMethod.evaluate(InvokeMethod.java:17)
	at org.springframework.test.context.junit4.statements.RunBeforeTestMethodCallbacks.evaluate(RunBeforeTestMethodCallbacks.java:75)
	at org.springframework.test.context.junit4.statements.RunAfterTestMethodCallbacks.evaluate(RunAfterTestMethodCallbacks.java:86)
	at org.springframework.test.context.junit4.statements.SpringRepeat.evaluate(SpringRepeat.java:84)
	at org.junit.runners.ParentRunner.runLeaf(ParentRunner.java:325)
	at org.springframework.test.context.junit4.SpringJUnit4ClassRunner.runChild(SpringJUnit4ClassRunner.java:252)
	at org.springframework.test.context.junit4.SpringJUnit4ClassRunner.runChild(SpringJUnit4ClassRunner.java:94)
	at org.junit.runners.ParentRunner$3.run(ParentRunner.java:290)
	at org.junit.runners.ParentRunner$1.schedule(ParentRunner.java:71)
	at org.junit.runners.ParentRunner.runChildren(ParentRunner.java:288)
	at org.junit.runners.ParentRunner.access$000(ParentRunner.java:58)
	at org.junit.runners.ParentRunner$2.evaluate(ParentRunner.java:268)
	at org.springframework.test.context.junit4.statements.RunBeforeTestClassCallbacks.evaluate(RunBeforeTestClassCallbacks.java:61)
	at org.springframework.test.context.junit4.statements.RunAfterTestClassCallbacks.evaluate(RunAfterTestClassCallbacks.java:70)
	at org.junit.runners.ParentRunner.run(ParentRunner.java:363)
	at org.springframework.test.context.junit4.SpringJUnit4ClassRunner.run(SpringJUnit4ClassRunner.java:191)
	at org.apache.maven.surefire.junit4.JUnit4Provider.execute(JUnit4Provider.java:252)
	at org.apache.maven.surefire.junit4.JUnit4Provider.executeTestSet(JUnit4Provider.java:141)
	at org.apache.maven.surefire.junit4.JUnit4Provider.invoke(JUnit4Provider.java:112)
	at sun.reflect.NativeMethodAccessorImpl.invoke0(Native Method)
	at sun.reflect.NativeMethodAccessorImpl.invoke(NativeMethodAccessorImpl.java:62)
	at sun.reflect.DelegatingMethodAccessorImpl.invoke(DelegatingMethodAccessorImpl.java:43)
	at java.lang.reflect.Method.invoke(Method.java:498)
	at org.apache.maven.surefire.util.ReflectionUtils.invokeMethodWithArray(ReflectionUtils.java:189)
	at org.apache.maven.surefire.booter.ProviderFactory$ProviderProxy.invoke(ProviderFactory.java:165)
	at org.apache.maven.surefire.booter.ProviderFactory.invokeProvider(ProviderFactory.java:85)
	at org.apache.maven.surefire.booter.ForkedBooter.runSuitesInProcess(ForkedBooter.java:115)
	at org.apache.maven.surefire.booter.ForkedBooter.main(ForkedBooter.java:75)
Caused by: org.apache.http.conn.HttpHostConnectException: Connect to localhost:8080 [localhost/127.0.0.1, localhost/0:0:0:0:0:0:0:1] failed: Connection refused: connect
	at org.apache.http.impl.conn.HttpClientConnectionOperator.connect(HttpClientConnectionOperator.java:142)
	at org.apache.http.impl.conn.PoolingHttpClientConnectionManager.connect(PoolingHttpClientConnectionManager.java:319)
	at org.apache.http.impl.execchain.MainClientExec.establishRoute(MainClientExec.java:363)
	at org.apache.http.impl.execchain.MainClientExec.execute(MainClientExec.java:219)
	at org.apache.http.impl.execchain.ProtocolExec.execute(ProtocolExec.java:195)
	at org.apache.http.impl.execchain.RetryExec.execute(RetryExec.java:86)
	at org.apache.http.impl.execchain.RedirectExec.execute(RedirectExec.java:108)
	at org.apache.http.impl.client.InternalHttpClient.doExecute(InternalHttpClient.java:184)
	at org.apache.http.impl.client.CloseableHttpClient.execute(CloseableHttpClient.java:82)
	at org.apache.http.impl.client.CloseableHttpClient.execute(CloseableHttpClient.java:57)
	at org.springframework.http.client.HttpComponentsClientHttpRequest.executeInternal(HttpComponentsClientHttpRequest.java:89)
	at org.springframework.http.client.AbstractBufferingClientHttpRequest.executeInternal(AbstractBufferingClientHttpRequest.java:48)
	at org.springframework.http.client.AbstractClientHttpRequest.execute(AbstractClientHttpRequest.java:53)
	at org.springframework.web.client.RestTemplate.doExecute(RestTemplate.java:652)
	... 39 more
Caused by: java.net.ConnectException: Connection refused: connect
	at java.net.DualStackPlainSocketImpl.connect0(Native Method)
	at java.net.DualStackPlainSocketImpl.socketConnect(DualStackPlainSocketImpl.java:79)
	at java.net.AbstractPlainSocketImpl.doConnect(AbstractPlainSocketImpl.java:350)
	at java.net.AbstractPlainSocketImpl.connectToAddress(AbstractPlainSocketImpl.java:206)
	at java.net.AbstractPlainSocketImpl.connect(AbstractPlainSocketImpl.java:188)
	at java.net.PlainSocketImpl.connect(PlainSocketImpl.java:172)
	at java.net.SocksSocketImpl.connect(SocksSocketImpl.java:392)
	at java.net.Socket.connect(Socket.java:589)
	at org.apache.http.conn.socket.PlainConnectionSocketFactory.connectSocket(PlainConnectionSocketFactory.java:72)
	at org.apache.http.impl.conn.HttpClientConnectionOperator.connect(HttpClientConnectionOperator.java:125)
	... 52 more
</error>
    <system-out>2018-08-08 17:05:04.472 [oms-fcadmin] [main] INFO  o.s.c.s.PostProcessorRegistrationDelegate$BeanPostProcessorChecker - Bean &apos;com.glsx.oms.fcadmin.biz.auth.nameauth.test.NameauthClientTest&apos; of type [class com.glsx.oms.fcadmin.biz.auth.nameauth.test.NameauthClientTest] is not eligible for getting processed by all BeanPostProcessors (for example: not eligible for auto-proxying)
</system-out>
  </testcase>
</testsuite>